Iteration	Posterior	Likelihood	Prior	sf[1]	sf[2]	sf[3]	sf[4]	birth_rate	diversification	turnover	death_rate	root_time	tmrca_Urs	tmrca_UrsPinn	clock_rate	er[1]	er[2]	er[3]	er[4]	er[5]	er[6]
0	-4876.16	-4826.69	-49.4709	0.251651	0.352563	0.285743	0.110043	0.0288044	0.01	0.65283	0.0188044	80.5842	19.2129	39.6625	0.905917	0.0509807	0.0168801	0.32671	0.0210813	0.548629	0.0357193
10	-3898.88	-3850.18	-48.7056	0.171322	0.345297	0.279854	0.203527	0.0288044	0.01	0.65283	0.0188044	80.5842	19.2129	39.6625	0.667335	0.0388327	0.104515	0.248859	0.0160579	0.564528	0.0272079
20	-3831.28	-3782.87	-48.4101	0.171322	0.345297	0.279854	0.203527	0.0288044	0.01	0.65283	0.0188044	80.5842	19.2129	39.6625	0.540958	0.0388327	0.104515	0.248859	0.0160579	0.564528	0.0272079
30	-3557.96	-3509.8	-48.1581	0.171322	0.345297	0.279854	0.203527	0.0288044	0.01	0.65283	0.0188044	80.5842	19.2129	39.6625	0.406537	0.0388327	0.104515	0.248859	0.0160579	0.564528	0.0272079
40	-3557.96	-3509.8	-48.1581	0.171322	0.345297	0.279854	0.203527	0.0288044	0.01	0.65283	0.0188044	80.5842	19.2129	39.6625	0.406537	0.0388327	0.104515	0.248859	0.0160579	0.564528	0.0272079
50	-3557.96	-3509.8	-48.1581	0.171322	0.345297	0.279854	0.203527	0.0288044	0.01	0.65283	0.0188044	80.5842	19.2129	39.6625	0.406537	0.0388327	0.104515	0.248859	0.0160579	0.564528	0.0272079
60	-3557.96	-3509.8	-48.1581	0.171322	0.345297	0.279854	0.203527	0.0288044	0.01	0.65283	0.0188044	80.5842	19.2129	39.6625	0.406537	0.0388327	0.104515	0.248859	0.0160579	0.564528	0.0272079
70	-3471.84	-3423.79	-48.0549	0.150067	0.348381	0.282354	0.219198	0.0288044	0.01	0.65283	0.0188044	80.5842	19.2129	39.6625	0.324083	0.0388327	0.104515	0.248859	0.0160579	0.564528	0.0272079
80	-3471.84	-3423.79	-48.0549	0.150067	0.348381	0.282354	0.219198	0.0288044	0.01	0.65283	0.0188044	80.5842	19.2129	39.6625	0.324083	0.0388327	0.104515	0.248859	0.0160579	0.564528	0.0272079
90	-3471.84	-3423.79	-48.0549	0.150067	0.348381	0.282354	0.219198	0.0288044	0.01	0.65283	0.0188044	80.5842	19.2129	39.6625	0.324083	0.0388327	0.104515	0.248859	0.0160579	0.564528	0.0272079
100	-3471.84	-3423.79	-48.0549	0.150067	0.348381	0.282354	0.219198	0.0288044	0.01	0.65283	0.0188044	80.5842	19.2129	39.6625	0.324083	0.0388327	0.104515	0.248859	0.0160579	0.564528	0.0272079
110	-3471.84	-3423.79	-48.0549	0.150067	0.348381	0.282354	0.219198	0.0288044	0.01	0.65283	0.0188044	80.5842	19.2129	39.6625	0.324083	0.0388327	0.104515	0.248859	0.0160579	0.564528	0.0272079
120	-3471.84	-3423.79	-48.0549	0.150067	0.348381	0.282354	0.219198	0.0288044	0.01	0.65283	0.0188044	80.5842	19.2129	39.6625	0.324083	0.0388327	0.104515	0.248859	0.0160579	0.564528	0.0272079
130	-3361.77	-3313.75	-48.0183	0.150067	0.348381	0.282354	0.219198	0.0288044	0.01	0.65283	0.0188044	80.5842	19.2129	39.6625	0.254598	0.0388327	0.104515	0.248859	0.0160579	0.564528	0.0272079
140	-3361.77	-3313.75	-48.0183	0.150067	0.348381	0.282354	0.219198	0.0288044	0.01	0.65283	0.0188044	80.5842	19.2129	39.6625	0.254598	0.0388327	0.104515	0.248859	0.0160579	0.564528	0.0272079
150	-3263.91	-3215.88	-48.0388	0.150067	0.348381	0.282354	0.219198	0.0288044	0.01	0.65283	0.0188044	80.5842	19.2129	39.6625	0.202594	0.0394999	0.10631	0.235953	0.0163338	0.574227	0.0276753
160	-3245.26	-3197.24	-48.0183	0.150067	0.348381	0.282354	0.219198	0.0288044	0.01	0.65283	0.0188044	80.5842	19.2129	39.6625	0.245745	0.0394999	0.10631	0.235953	0.0163338	0.574227	0.0276753
170	-3245.26	-3197.24	-48.0183	0.150067	0.348381	0.282354	0.219198	0.0288044	0.01	0.65283	0.0188044	80.5842	19.2129	39.6625	0.245745	0.0394999	0.10631	0.235953	0.0163338	0.574227	0.0276753
180	-3245.26	-3197.24	-48.0183	0.150067	0.348381	0.282354	0.219198	0.0288044	0.01	0.65283	0.0188044	80.5842	19.2129	39.6625	0.245745	0.0394999	0.10631	0.235953	0.0163338	0.574227	0.0276753
190	-3245.26	-3197.24	-48.0183	0.150067	0.348381	0.282354	0.219198	0.0288044	0.01	0.65283	0.0188044	80.5842	19.2129	39.6625	0.245745	0.0394999	0.10631	0.235953	0.0163338	0.574227	0.0276753
200	-3245.26	-3197.24	-48.0183	0.150067	0.348381	0.282354	0.219198	0.0288044	0.01	0.65283	0.0188044	80.5842	19.2129	39.6625	0.245745	0.0394999	0.10631	0.235953	0.0163338	0.574227	0.0276753
210	-3245.26	-3197.24	-48.0183	0.150067	0.348381	0.282354	0.219198	0.0288044	0.01	0.65283	0.0188044	80.5842	19.2129	39.6625	0.245745	0.0394999	0.10631	0.235953	0.0163338	0.574227	0.0276753
220	-3245.26	-3197.24	-48.0183	0.150067	0.348381	0.282354	0.219198	0.0288044	0.01	0.65283	0.0188044	80.5842	19.2129	39.6625	0.245745	0.0394999	0.10631	0.235953	0.0163338	0.574227	0.0276753
230	-3245.26	-3197.24	-48.0183	0.150067	0.348381	0.282354	0.219198	0.0288044	0.01	0.65283	0.0188044	80.5842	19.2129	39.6625	0.245745	0.0394999	0.10631	0.235953	0.0163338	0.574227	0.0276753
240	-3245.26	-3197.24	-48.0183	0.150067	0.348381	0.282354	0.219198	0.0288044	0.01	0.65283	0.0188044	80.5842	19.2129	39.6625	0.245745	0.0394999	0.10631	0.235953	0.0163338	0.574227	0.0276753
250	-3245.26	-3197.24	-48.0183	0.150067	0.348381	0.282354	0.219198	0.0288044	0.01	0.65283	0.0188044	80.5842	19.2129	39.6625	0.245745	0.0394999	0.10631	0.235953	0.0163338	0.574227	0.0276753
260	-3245.26	-3197.24	-48.0183	0.150067	0.348381	0.282354	0.219198	0.0288044	0.01	0.65283	0.0188044	80.5842	19.2129	39.6625	0.245745	0.0394999	0.10631	0.235953	0.0163338	0.574227	0.0276753
270	-3245.26	-3197.24	-48.0183	0.150067	0.348381	0.282354	0.219198	0.0288044	0.01	0.65283	0.0188044	80.5842	19.2129	39.6625	0.245745	0.0394999	0.10631	0.235953	0.0163338	0.574227	0.0276753
280	-3245.26	-3197.24	-48.0183	0.150067	0.348381	0.282354	0.219198	0.0288044	0.01	0.65283	0.0188044	80.5842	19.2129	39.6625	0.245745	0.0394999	0.10631	0.235953	0.0163338	0.574227	0.0276753
290	-3245.26	-3197.24	-48.0183	0.150067	0.348381	0.282354	0.219198	0.0288044	0.01	0.65283	0.0188044	80.5842	19.2129	39.6625	0.245745	0.0394999	0.10631	0.235953	0.0163338	0.574227	0.0276753
300	-3245.26	-3197.24	-48.0183	0.150067	0.348381	0.282354	0.219198	0.0288044	0.01	0.65283	0.0188044	80.5842	19.2129	39.6625	0.245745	0.0394999	0.10631	0.235953	0.0163338	0.574227	0.0276753
310	-3202.83	-3154.78	-48.0473	0.150067	0.348381	0.282354	0.219198	0.0288044	0.01	0.65283	0.0188044	80.5842	19.2129	39.6625	0.194368	0.0394999	0.10631	0.235953	0.0163338	0.574227	0.0276753
320	-3182.51	-3134.48	-48.0319	0.150067	0.348381	0.282354	0.219198	0.0288044	0.01	0.65283	0.0188044	80.5842	19.2129	39.6625	0.210769	0.0394999	0.10631	0.235953	0.0163338	0.574227	0.0276753
330	-3152.35	-3104.3	-48.0493	0.150067	0.348381	0.282354	0.219198	0.0288044	0.01	0.65283	0.0188044	80.5842	19.2129	39.6625	0.192695	0.0394999	0.10631	0.235953	0.0163338	0.574227	0.0276753
340	-3152.35	-3104.3	-48.0493	0.150067	0.348381	0.282354	0.219198	0.0288044	0.01	0.65283	0.0188044	80.5842	19.2129	39.6625	0.192695	0.0394999	0.10631	0.235953	0.0163338	0.574227	0.0276753
350	-3152.35	-3104.3	-48.0493	0.150067	0.348381	0.282354	0.219198	0.0288044	0.01	0.65283	0.0188044	80.5842	19.2129	39.6625	0.192695	0.0394999	0.10631	0.235953	0.0163338	0.574227	0.0276753
360	-3152.35	-3104.3	-48.0493	0.150067	0.348381	0.282354	0.219198	0.0288044	0.01	0.65283	0.0188044	80.5842	19.2129	39.6625	0.192695	0.0394999	0.10631	0.235953	0.0163338	0.574227	0.0276753
370	-3111.65	-3063.56	-48.0824	0.150067	0.348381	0.282354	0.219198	0.0288044	0.01	0.65283	0.0188044	80.5842	19.2129	39.6625	0.170755	0.0394999	0.10631	0.235953	0.0163338	0.574227	0.0276753
380	-3111.65	-3063.56	-48.0824	0.150067	0.348381	0.282354	0.219198	0.0288044	0.01	0.65283	0.0188044	80.5842	19.2129	39.6625	0.170755	0.0394999	0.10631	0.235953	0.0163338	0.574227	0.0276753
390	-3111.65	-3063.56	-48.0824	0.150067	0.348381	0.282354	0.219198	0.0288044	0.01	0.65283	0.0188044	80.5842	19.2129	39.6625	0.170755	0.0394999	0.10631	0.235953	0.0163338	0.574227	0.0276753
400	-3111.65	-3063.56	-48.0824	0.150067	0.348381	0.282354	0.219198	0.0288044	0.01	0.65283	0.0188044	80.5842	19.2129	39.6625	0.170755	0.0394999	0.10631	0.235953	0.0163338	0.574227	0.0276753
410	-3111.65	-3063.56	-48.0824	0.150067	0.348381	0.282354	0.219198	0.0288044	0.01	0.65283	0.0188044	80.5842	19.2129	39.6625	0.170755	0.0394999	0.10631	0.235953	0.0163338	0.574227	0.0276753
420	-3111.65	-3063.56	-48.0824	0.150067	0.348381	0.282354	0.219198	0.0288044	0.01	0.65283	0.0188044	80.5842	19.2129	39.6625	0.170755	0.0394999	0.10631	0.235953	0.0163338	0.574227	0.0276753
430	-3111.65	-3063.56	-48.0824	0.150067	0.348381	0.282354	0.219198	0.0288044	0.01	0.65283	0.0188044	80.5842	19.2129	39.6625	0.170755	0.0394999	0.10631	0.235953	0.0163338	0.574227	0.0276753
440	-3111.65	-3063.56	-48.0824	0.150067	0.348381	0.282354	0.219198	0.0288044	0.01	0.65283	0.0188044	80.5842	19.2129	39.6625	0.170755	0.0394999	0.10631	0.235953	0.0163338	0.574227	0.0276753
450	-3111.65	-3063.56	-48.0824	0.150067	0.348381	0.282354	0.219198	0.0288044	0.01	0.65283	0.0188044	80.5842	19.2129	39.6625	0.170755	0.0394999	0.10631	0.235953	0.0163338	0.574227	0.0276753
460	-3111.65	-3063.56	-48.0824	0.150067	0.348381	0.282354	0.219198	0.0288044	0.01	0.65283	0.0188044	80.5842	19.2129	39.6625	0.170755	0.0394999	0.10631	0.235953	0.0163338	0.574227	0.0276753
470	-3111.65	-3063.56	-48.0824	0.150067	0.348381	0.282354	0.219198	0.0288044	0.01	0.65283	0.0188044	80.5842	19.2129	39.6625	0.170755	0.0394999	0.10631	0.235953	0.0163338	0.574227	0.0276753
480	-3111.65	-3063.56	-48.0824	0.150067	0.348381	0.282354	0.219198	0.0288044	0.01	0.65283	0.0188044	80.5842	19.2129	39.6625	0.170755	0.0394999	0.10631	0.235953	0.0163338	0.574227	0.0276753
490	-3111.65	-3063.56	-48.0824	0.150067	0.348381	0.282354	0.219198	0.0288044	0.01	0.65283	0.0188044	80.5842	19.2129	39.6625	0.170755	0.0394999	0.10631	0.235953	0.0163338	0.574227	0.0276753
500	-3111.65	-3063.56	-48.0824	0.150067	0.348381	0.282354	0.219198	0.0288044	0.01	0.65283	0.0188044	80.5842	19.2129	39.6625	0.170755	0.0394999	0.10631	0.235953	0.0163338	0.574227	0.0276753
510	-3111.65	-3063.56	-48.0824	0.150067	0.348381	0.282354	0.219198	0.0288044	0.01	0.65283	0.0188044	80.5842	19.2129	39.6625	0.170755	0.0394999	0.10631	0.235953	0.0163338	0.574227	0.0276753
520	-3111.65	-3063.56	-48.0824	0.150067	0.348381	0.282354	0.219198	0.0288044	0.01	0.65283	0.0188044	80.5842	19.2129	39.6625	0.170755	0.0394999	0.10631	0.235953	0.0163338	0.574227	0.0276753
530	-3111.65	-3063.56	-48.0824	0.150067	0.348381	0.282354	0.219198	0.0288044	0.01	0.65283	0.0188044	80.5842	19.2129	39.6625	0.170755	0.0394999	0.10631	0.235953	0.0163338	0.574227	0.0276753
540	-3111.65	-3063.56	-48.0824	0.150067	0.348381	0.282354	0.219198	0.0288044	0.01	0.65283	0.0188044	80.5842	19.2129	39.6625	0.170755	0.0394999	0.10631	0.235953	0.0163338	0.574227	0.0276753
550	-3111.65	-3063.56	-48.0824	0.150067	0.348381	0.282354	0.219198	0.0288044	0.01	0.65283	0.0188044	80.5842	19.2129	39.6625	0.170755	0.0394999	0.10631	0.235953	0.0163338	0.574227	0.0276753
560	-3111.65	-3063.56	-48.0824	0.150067	0.348381	0.282354	0.219198	0.0288044	0.01	0.65283	0.0188044	80.5842	19.2129	39.6625	0.170755	0.0394999	0.10631	0.235953	0.0163338	0.574227	0.0276753
570	-3111.65	-3063.56	-48.0824	0.150067	0.348381	0.282354	0.219198	0.0288044	0.01	0.65283	0.0188044	80.5842	19.2129	39.6625	0.170755	0.0394999	0.10631	0.235953	0.0163338	0.574227	0.0276753
580	-3111.65	-3063.56	-48.0824	0.150067	0.348381	0.282354	0.219198	0.0288044	0.01	0.65283	0.0188044	80.5842	19.2129	39.6625	0.170755	0.0394999	0.10631	0.235953	0.0163338	0.574227	0.0276753
590	-3111.65	-3063.56	-48.0824	0.150067	0.348381	0.282354	0.219198	0.0288044	0.01	0.65283	0.0188044	80.5842	19.2129	39.6625	0.170755	0.0394999	0.10631	0.235953	0.0163338	0.574227	0.0276753
600	-3111.65	-3063.56	-48.0824	0.150067	0.348381	0.282354	0.219198	0.0288044	0.01	0.65283	0.0188044	80.5842	19.2129	39.6625	0.170755	0.0394999	0.10631	0.235953	0.0163338	0.574227	0.0276753
610	-3092.18	-3044.1	-48.0824	0.150067	0.348381	0.282354	0.219198	0.0288044	0.01	0.65283	0.0188044	80.5842	19.2129	39.6625	0.170755	0.036155	0.097308	0.300653	0.0149506	0.525601	0.0253318
620	-3092.18	-3044.1	-48.0824	0.150067	0.348381	0.282354	0.219198	0.0288044	0.01	0.65283	0.0188044	80.5842	19.2129	39.6625	0.170755	0.036155	0.097308	0.300653	0.0149506	0.525601	0.0253318
630	-3092.18	-3044.1	-48.0824	0.150067	0.348381	0.282354	0.219198	0.0288044	0.01	0.65283	0.0188044	80.5842	19.2129	39.6625	0.170755	0.036155	0.097308	0.300653	0.0149506	0.525601	0.0253318
640	-3092.18	-3044.1	-48.0824	0.150067	0.348381	0.282354	0.219198	0.0288044	0.01	0.65283	0.0188044	80.5842	19.2129	39.6625	0.170755	0.036155	0.097308	0.300653	0.0149506	0.525601	0.0253318
650	-3092.18	-3044.1	-48.0824	0.150067	0.348381	0.282354	0.219198	0.0288044	0.01	0.65283	0.0188044	80.5842	19.2129	39.6625	0.170755	0.036155	0.097308	0.300653	0.0149506	0.525601	0.0253318
660	-3092.18	-3044.1	-48.0824	0.150067	0.348381	0.282354	0.219198	0.0288044	0.01	0.65283	0.0188044	80.5842	19.2129	39.6625	0.170755	0.036155	0.097308	0.300653	0.0149506	0.525601	0.0253318
670	-3092.18	-3044.1	-48.0824	0.150067	0.348381	0.282354	0.219198	0.0288044	0.01	0.65283	0.0188044	80.5842	19.2129	39.6625	0.170755	0.036155	0.097308	0.300653	0.0149506	0.525601	0.0253318
680	-3092.18	-3044.1	-48.0824	0.150067	0.348381	0.282354	0.219198	0.0288044	0.01	0.65283	0.0188044	80.5842	19.2129	39.6625	0.170755	0.036155	0.097308	0.300653	0.0149506	0.525601	0.0253318
690	-3092.18	-3044.1	-48.0824	0.150067	0.348381	0.282354	0.219198	0.0288044	0.01	0.65283	0.0188044	80.5842	19.2129	39.6625	0.170755	0.036155	0.097308	0.300653	0.0149506	0.525601	0.0253318
700	-3092.18	-3044.1	-48.0824	0.150067	0.348381	0.282354	0.219198	0.0288044	0.01	0.65283	0.0188044	80.5842	19.2129	39.6625	0.170755	0.036155	0.097308	0.300653	0.0149506	0.525601	0.0253318
710	-3092.18	-3044.1	-48.0824	0.150067	0.348381	0.282354	0.219198	0.0288044	0.01	0.65283	0.0188044	80.5842	19.2129	39.6625	0.170755	0.036155	0.097308	0.300653	0.0149506	0.525601	0.0253318
720	-3092.18	-3044.1	-48.0824	0.150067	0.348381	0.282354	0.219198	0.0288044	0.01	0.65283	0.0188044	80.5842	19.2129	39.6625	0.170755	0.036155	0.097308	0.300653	0.0149506	0.525601	0.0253318
730	-2784.02	-2734.41	-49.614	0.150067	0.348381	0.282354	0.219198	0.0288044	0.01	0.65283	0.0188044	80.0394	19.2129	39.6625	0.170755	0.036155	0.097308	0.300653	0.0149506	0.525601	0.0253318
740	-2784.02	-2734.41	-49.614	0.150067	0.348381	0.282354	0.219198	0.0288044	0.01	0.65283	0.0188044	80.0394	19.2129	39.6625	0.170755	0.036155	0.097308	0.300653	0.0149506	0.525601	0.0253318
750	-2784.02	-2734.41	-49.614	0.150067	0.348381	0.282354	0.219198	0.0288044	0.01	0.65283	0.0188044	80.0394	19.2129	39.6625	0.170755	0.036155	0.097308	0.300653	0.0149506	0.525601	0.0253318
760	-2784.02	-2734.41	-49.614	0.150067	0.348381	0.282354	0.219198	0.0288044	0.01	0.65283	0.0188044	80.0394	19.2129	39.6625	0.170755	0.036155	0.097308	0.300653	0.0149506	0.525601	0.0253318
770	-2784.02	-2734.41	-49.614	0.150067	0.348381	0.282354	0.219198	0.0288044	0.01	0.65283	0.0188044	80.0394	19.2129	39.6625	0.170755	0.036155	0.097308	0.300653	0.0149506	0.525601	0.0253318
780	-2784.02	-2734.41	-49.614	0.150067	0.348381	0.282354	0.219198	0.0288044	0.01	0.65283	0.0188044	80.0394	19.2129	39.6625	0.170755	0.036155	0.097308	0.300653	0.0149506	0.525601	0.0253318
790	-2784.02	-2734.41	-49.614	0.150067	0.348381	0.282354	0.219198	0.0288044	0.01	0.65283	0.0188044	80.0394	19.2129	39.6625	0.170755	0.036155	0.097308	0.300653	0.0149506	0.525601	0.0253318
800	-2784.02	-2734.41	-49.614	0.150067	0.348381	0.282354	0.219198	0.0288044	0.01	0.65283	0.0188044	80.0394	19.2129	39.6625	0.170755	0.036155	0.097308	0.300653	0.0149506	0.525601	0.0253318
810	-2784.02	-2734.41	-49.614	0.150067	0.348381	0.282354	0.219198	0.0288044	0.01	0.65283	0.0188044	80.0394	19.2129	39.6625	0.170755	0.036155	0.097308	0.300653	0.0149506	0.525601	0.0253318
820	-2784.02	-2734.41	-49.614	0.150067	0.348381	0.282354	0.219198	0.0288044	0.01	0.65283	0.0188044	80.0394	19.2129	39.6625	0.170755	0.036155	0.097308	0.300653	0.0149506	0.525601	0.0253318
830	-2784.02	-2734.41	-49.614	0.150067	0.348381	0.282354	0.219198	0.0288044	0.01	0.65283	0.0188044	80.0394	19.2129	39.6625	0.170755	0.036155	0.097308	0.300653	0.0149506	0.525601	0.0253318
840	-2783.95	-2734.41	-49.5393	0.150067	0.348381	0.282354	0.219198	0.045092	0.0156546	0.65283	0.0294374	80.0394	73.7468	39.6625	0.170755	0.036155	0.097308	0.300653	0.0149506	0.525601	0.0253318
850	-2783.95	-2734.41	-49.5393	0.150067	0.348381	0.282354	0.219198	0.045092	0.0156546	0.65283	0.0294374	80.0394	73.7468	39.6625	0.170755	0.036155	0.097308	0.300653	0.0149506	0.525601	0.0253318
860	-2783.95	-2734.41	-49.5393	0.150067	0.348381	0.282354	0.219198	0.045092	0.0156546	0.65283	0.0294374	80.0394	73.7468	39.6625	0.170755	0.036155	0.097308	0.300653	0.0149506	0.525601	0.0253318
870	-2783.95	-2734.41	-49.5393	0.150067	0.348381	0.282354	0.219198	0.045092	0.0156546	0.65283	0.0294374	80.0394	73.7468	39.6625	0.170755	0.036155	0.097308	0.300653	0.0149506	0.525601	0.0253318
880	-2783.95	-2734.41	-49.5393	0.150067	0.348381	0.282354	0.219198	0.045092	0.0156546	0.65283	0.0294374	80.0394	73.7468	39.6625	0.170755	0.036155	0.097308	0.300653	0.0149506	0.525601	0.0253318
890	-2783.95	-2734.41	-49.5393	0.150067	0.348381	0.282354	0.219198	0.045092	0.0156546	0.65283	0.0294374	80.0394	73.7468	39.6625	0.170755	0.036155	0.097308	0.300653	0.0149506	0.525601	0.0253318
900	-2783.95	-2734.41	-49.5393	0.150067	0.348381	0.282354	0.219198	0.045092	0.0156546	0.65283	0.0294374	80.0394	39.6625	39.6625	0.170755	0.036155	0.097308	0.300653	0.0149506	0.525601	0.0253318
910	-2783.95	-2734.41	-49.5393	0.150067	0.348381	0.282354	0.219198	0.045092	0.0156546	0.65283	0.0294374	80.0394	39.6625	39.6625	0.170755	0.036155	0.097308	0.300653	0.0149506	0.525601	0.0253318
920	-2783.95	-2734.41	-49.5393	0.150067	0.348381	0.282354	0.219198	0.045092	0.0156546	0.65283	0.0294374	80.0394	39.6625	39.6625	0.170755	0.036155	0.097308	0.300653	0.0149506	0.525601	0.0253318
930	-2783.95	-2734.41	-49.5393	0.150067	0.348381	0.282354	0.219198	0.045092	0.0156546	0.65283	0.0294374	80.0394	39.6625	39.6625	0.170755	0.036155	0.097308	0.300653	0.0149506	0.525601	0.0253318
940	-2783.95	-2734.41	-49.5393	0.150067	0.348381	0.282354	0.219198	0.045092	0.0156546	0.65283	0.0294374	80.0394	39.6625	39.6625	0.170755	0.036155	0.097308	0.300653	0.0149506	0.525601	0.0253318
950	-2783.95	-2734.41	-49.5393	0.150067	0.348381	0.282354	0.219198	0.045092	0.0156546	0.65283	0.0294374	80.0394	39.6625	39.6625	0.170755	0.036155	0.097308	0.300653	0.0149506	0.525601	0.0253318
960	-2783.95	-2734.41	-49.5393	0.150067	0.348381	0.282354	0.219198	0.045092	0.0156546	0.65283	0.0294374	80.0394	39.6625	39.6625	0.170755	0.036155	0.097308	0.300653	0.0149506	0.525601	0.0253318
970	-2783.95	-2734.41	-49.5393	0.150067	0.348381	0.282354	0.219198	0.045092	0.0156546	0.65283	0.0294374	80.0394	39.6625	39.6625	0.170755	0.036155	0.097308	0.300653	0.0149506	0.525601	0.0253318
980	-2783.95	-2734.41	-49.5393	0.150067	0.348381	0.282354	0.219198	0.045092	0.0156546	0.65283	0.0294374	80.0394	39.6625	39.6625	0.170755	0.036155	0.097308	0.300653	0.0149506	0.525601	0.0253318
990	-2783.95	-2734.41	-49.5393	0.150067	0.348381	0.282354	0.219198	0.045092	0.0156546	0.65283	0.0294374	80.0394	39.6625	39.6625	0.170755	0.036155	0.097308	0.300653	0.0149506	0.525601	0.0253318
