state	power	likelihood
300	1	-2746.31
400	1	-2745.39
500	1	-2743.87
600	1	-2741.35
700	1	-2746.21
800	1	-2743.16
900	1	-2743.04
1000	1	-2740.11
300	0.934875	-2742.73
400	0.934875	-2740.01
500	0.934875	-2741.66
600	0.934875	-2748.4
700	0.934875	-2748.31
800	0.934875	-2750.03
900	0.934875	-2741.84
1000	0.934875	-2747.02
300	0.872779	-2747.93
400	0.872779	-2746
500	0.872779	-2748.08
600	0.872779	-2752.44
700	0.872779	-2743.28
800	0.872779	-2743.92
900	0.872779	-2742.13
1000	0.872779	-2757.31
300	0.813628	-2749.17
400	0.813628	-2745.27
500	0.813628	-2748.77
600	0.813628	-2753.76
700	0.813628	-2745.74
800	0.813628	-2746.62
900	0.813628	-2742.99
1000	0.813628	-2750.18
300	0.757343	-2746.94
400	0.757343	-2744.8
500	0.757343	-2749.88
600	0.757343	-2741.75
700	0.757343	-2746.76
800	0.757343	-2743.44
900	0.757343	-2740.46
1000	0.757343	-2746.35
300	0.703842	-2744.07
400	0.703842	-2750.08
500	0.703842	-2751.56
600	0.703842	-2752.6
700	0.703842	-2742.89
800	0.703842	-2754.27
900	0.703842	-2746.69
1000	0.703842	-2751.63
300	0.653044	-2753.4
400	0.653044	-2742.68
500	0.653044	-2752.88
600	0.653044	-2753.17
700	0.653044	-2744.1
800	0.653044	-2747.63
900	0.653044	-2740.58
1000	0.653044	-2751.6
300	0.604869	-2756.12
400	0.604869	-2750.22
500	0.604869	-2745.09
600	0.604869	-2743.71
700	0.604869	-2746.96
800	0.604869	-2747.44
900	0.604869	-2748.68
1000	0.604869	-2753.21
300	0.559239	-2749.63
400	0.559239	-2769.77
500	0.559239	-2746.28
600	0.559239	-2751.22
700	0.559239	-2748.1
800	0.559239	-2747.22
900	0.559239	-2745.49
1000	0.559239	-2750.82
300	0.516075	-2752.54
400	0.516075	-2744.7
500	0.516075	-2756.61
600	0.516075	-2753.19
700	0.516075	-2753.23
800	0.516075	-2748.06
900	0.516075	-2747.64
1000	0.516075	-2747.98
300	0.475299	-2745.39
400	0.475299	-2759.63
500	0.475299	-2752.67
600	0.475299	-2743.37
700	0.475299	-2752.81
800	0.475299	-2754.97
900	0.475299	-2757.76
1000	0.475299	-2749.63
300	0.436833	-2744.87
400	0.436833	-2742.45
500	0.436833	-2757.42
600	0.436833	-2762.86
700	0.436833	-2750.42
800	0.436833	-2748.69
900	0.436833	-2752.16
1000	0.436833	-2757.36
300	0.400601	-2747.4
400	0.400601	-2750.9
500	0.400601	-2761.25
600	0.400601	-2745.96
700	0.400601	-2753.09
800	0.400601	-2745.77
900	0.400601	-2749.24
1000	0.400601	-2745.53
300	0.366527	-2760.14
400	0.366527	-2764.86
500	0.366527	-2748.03
600	0.366527	-2760.38
700	0.366527	-2752.71
800	0.366527	-2749.59
900	0.366527	-2753.98
1000	0.366527	-2756.51
300	0.334535	-2748.93
400	0.334535	-2754.66
500	0.334535	-2760.42
600	0.334535	-2754.73
700	0.334535	-2750.12
800	0.334535	-2760.08
900	0.334535	-2756.91
1000	0.334535	-2769.66
300	0.304551	-2751.38
400	0.304551	-2763.93
500	0.304551	-2758.81
600	0.304551	-2760.85
700	0.304551	-2759.14
800	0.304551	-2752.82
900	0.304551	-2753.82
1000	0.304551	-2754.28
300	0.276501	-2761.63
400	0.276501	-2759.24
500	0.276501	-2748.34
600	0.276501	-2754.45
700	0.276501	-2776.41
800	0.276501	-2774.58
900	0.276501	-2750.52
1000	0.276501	-2760.96
300	0.250311	-2761.97
400	0.250311	-2762.65
500	0.250311	-2764.11
600	0.250311	-2772.82
700	0.250311	-2755.78
800	0.250311	-2773.54
900	0.250311	-2780.41
1000	0.250311	-2770.03
300	0.225909	-2790.63
400	0.225909	-2778.44
500	0.225909	-2783.18
600	0.225909	-2775.48
700	0.225909	-2768.07
800	0.225909	-2764.07
900	0.225909	-2770.91
1000	0.225909	-2772.81
300	0.203223	-2775.68
400	0.203223	-2805.39
500	0.203223	-2778.3
600	0.203223	-2776.09
700	0.203223	-2768.56
800	0.203223	-2771.61
900	0.203223	-2784.94
1000	0.203223	-2768.62
300	0.182181	-2769.17
400	0.182181	-2772.81
500	0.182181	-2772.16
600	0.182181	-2793.9
700	0.182181	-2781.24
800	0.182181	-2791.66
900	0.182181	-2767.03
1000	0.182181	-2777.57
300	0.162715	-2796.26
400	0.162715	-2781.17
500	0.162715	-2775.28
600	0.162715	-2771
700	0.162715	-2773.02
800	0.162715	-2769.46
900	0.162715	-2765.46
1000	0.162715	-2783.44
300	0.144753	-2764.86
400	0.144753	-2780.11
500	0.144753	-2773.32
600	0.144753	-2753.31
700	0.144753	-2760.96
800	0.144753	-2764.68
900	0.144753	-2781.02
1000	0.144753	-2817.97
300	0.128227	-2765.43
400	0.128227	-2764.45
500	0.128227	-2774.87
600	0.128227	-2800.97
700	0.128227	-2782.95
800	0.128227	-2763.76
900	0.128227	-2839.85
1000	0.128227	-2810.93
300	0.113069	-2830.22
400	0.113069	-2794.95
500	0.113069	-2829.5
600	0.113069	-2792.2
700	0.113069	-2817.51
800	0.113069	-2800.16
900	0.113069	-2795.47
1000	0.113069	-2810.55
300	0.0992126	-2782.33
400	0.0992126	-2851.49
500	0.0992126	-2778.25
600	0.0992126	-2799.47
700	0.0992126	-2874.34
800	0.0992126	-2824.48
900	0.0992126	-2835.06
1000	0.0992126	-2815.81
300	0.0865906	-2780.56
400	0.0865906	-2803.26
500	0.0865906	-2814.47
600	0.0865906	-2848.88
700	0.0865906	-2774.46
800	0.0865906	-2824.28
900	0.0865906	-2827.65
1000	0.0865906	-2777.08
300	0.0751379	-2853.09
400	0.0751379	-2819.65
500	0.0751379	-2889.7
600	0.0751379	-2823.65
700	0.0751379	-2872.4
800	0.0751379	-2812.95
900	0.0751379	-2785.59
1000	0.0751379	-2783.63
300	0.0647902	-2838.32
400	0.0647902	-2776.76
500	0.0647902	-2860.3
600	0.0647902	-2829.27
700	0.0647902	-2862.15
800	0.0647902	-2843.24
900	0.0647902	-2863.8
1000	0.0647902	-2864.76
300	0.0554836	-2842.34
400	0.0554836	-2838.03
500	0.0554836	-2893.61
600	0.0554836	-2791.51
700	0.0554836	-2837.63
800	0.0554836	-2895.99
900	0.0554836	-2877.07
1000	0.0554836	-2864.93
300	0.0471556	-2866.38
400	0.0471556	-2937.83
500	0.0471556	-2926.11
600	0.0471556	-2862.43
700	0.0471556	-2874.12
800	0.0471556	-2807.86
900	0.0471556	-2863.6
1000	0.0471556	-2860.88
300	0.0397447	-2903.63
400	0.0397447	-2961.41
500	0.0397447	-2838.1
600	0.0397447	-2833.83
700	0.0397447	-2817.47
800	0.0397447	-3026.87
900	0.0397447	-3024.53
1000	0.0397447	-2846.1
300	0.0331901	-2826.94
400	0.0331901	-2980.36
500	0.0331901	-2877.56
600	0.0331901	-2930.97
700	0.0331901	-2827.53
800	0.0331901	-2907.24
900	0.0331901	-2870.97
1000	0.0331901	-3026.13
300	0.0274324	-2862.37
400	0.0274324	-2967.77
500	0.0274324	-3007.7
600	0.0274324	-3059.56
700	0.0274324	-2900.22
800	0.0274324	-2960.7
900	0.0274324	-3078.53
1000	0.0274324	-3037.28
300	0.022413	-2839.18
400	0.022413	-2948.13
500	0.022413	-2866.62
600	0.022413	-2937.73
700	0.022413	-2855.68
800	0.022413	-3035.58
900	0.022413	-3054.43
1000	0.022413	-2984.73
300	0.0180747	-2889.13
400	0.0180747	-3186.67
500	0.0180747	-3094.46
600	0.0180747	-3042.65
700	0.0180747	-3085.47
800	0.0180747	-2860.46
900	0.0180747	-3120.33
1000	0.0180747	-3047.74
300	0.0143613	-2970.45
400	0.0143613	-2890.5
500	0.0143613	-3155.67
600	0.0143613	-3128.1
700	0.0143613	-2836.31
800	0.0143613	-3098.66
900	0.0143613	-2926.93
1000	0.0143613	-2964.22
300	0.0112179	-2930.84
400	0.0112179	-2989.18
500	0.0112179	-3030.39
600	0.0112179	-3046.1
700	0.0112179	-2988.36
800	0.0112179	-2971.63
900	0.0112179	-3243.34
1000	0.0112179	-3134.53
300	0.00859087	-3224.52
400	0.00859087	-3050.65
500	0.00859087	-3577.68
600	0.00859087	-3480.48
700	0.00859087	-3379.44
800	0.00859087	-3177.79
900	0.00859087	-2957.2
1000	0.00859087	-3418.59
300	0.006428	-3744.29
400	0.006428	-3207.92
500	0.006428	-3387.95
600	0.006428	-4296.77
700	0.006428	-3268.58
800	0.006428	-2802.99
900	0.006428	-3278.94
1000	0.006428	-3150.49
300	0.00467843	-3078.42
400	0.00467843	-3381.08
500	0.00467843	-3495.59
600	0.00467843	-3539.87
700	0.00467843	-3582.15
800	0.00467843	-3694.85
900	0.00467843	-3489.38
1000	0.00467843	-3800.34
300	0.00329287	-3591.17
400	0.00329287	-4432.58
500	0.00329287	-3194.21
600	0.00329287	-3118.03
700	0.00329287	-2836.63
800	0.00329287	-4426.61
900	0.00329287	-3530.47
1000	0.00329287	-3223.19
300	0.00222365	-3599.1
400	0.00222365	-4066.07
500	0.00222365	-3464.77
600	0.00222365	-3435.27
700	0.00222365	-3551.84
800	0.00222365	-3609.32
900	0.00222365	-3623.47
1000	0.00222365	-4061.56
300	0.00142482	-4012.65
400	0.00142482	-4105.59
500	0.00142482	-3660.16
600	0.00142482	-4054.46
700	0.00142482	-3410.54
800	0.00142482	-3692.2
900	0.00142482	-3682.59
1000	0.00142482	-3023.57
300	0.000852323	-3537.48
400	0.000852323	-4614.21
500	0.000852323	-4131.19
600	0.000852323	-3224.46
700	0.000852323	-3067.85
800	0.000852323	-3618.39
900	0.000852323	-3810.95
1000	0.000852323	-3196.5
300	0.000464159	-3783.16
400	0.000464159	-4574.52
500	0.000464159	-3644.39
600	0.000464159	-4009.37
700	0.000464159	-4550.32
800	0.000464159	-4612.01
900	0.000464159	-5125.89
1000	0.000464159	-3535.32
300	0.000220614	-3600.58
400	0.000220614	-3943.06
500	0.000220614	-4466.09
600	0.000220614	-3436.11
700	0.000220614	-3726.4
800	0.000220614	-3386.03
900	0.000220614	-4125.77
1000	0.000220614	-3562.52
300	8.45612e-05	-3532.3
400	8.45612e-05	-3210.58
500	8.45612e-05	-3619.43
600	8.45612e-05	-4081.67
700	8.45612e-05	-3356.76
800	8.45612e-05	-3692.83
900	8.45612e-05	-3328.26
1000	8.45612e-05	-3602.21
300	2.18877e-05	-4070.46
400	2.18877e-05	-6223.24
500	2.18877e-05	-3569.1
600	2.18877e-05	-3313.15
700	2.18877e-05	-3599.36
800	2.18877e-05	-3503.98
900	2.18877e-05	-3552.51
1000	2.18877e-05	-3388.15
300	2.17153e-06	-3705.1
400	2.17153e-06	-4134.23
500	2.17153e-06	-3599.95
600	2.17153e-06	-4813.07
700	2.17153e-06	-3256.14
800	2.17153e-06	-3462.13
900	2.17153e-06	-3544.8
1000	2.17153e-06	-3184.95
300	1.16658e-302	-4278.88
400	1.16658e-302	-3466.21
500	1.16658e-302	-3220.58
600	1.16658e-302	-3900.55
700	1.16658e-302	-3379.69
800	1.16658e-302	-3817.89
900	1.16658e-302	-6006.3
1000	1.16658e-302	-3514.14
