state	power	likelihood
300	1	-2745.9
400	1	-2745.22
500	1	-2741.78
600	1	-2743.58
700	1	-2745.08
800	1	-2742.28
900	1	-2743.51
1000	1	-2748.52
300	0.934875	-2743.5
400	0.934875	-2743.22
500	0.934875	-2746.41
600	0.934875	-2753.98
700	0.934875	-2739.35
800	0.934875	-2749.68
900	0.934875	-2745.41
1000	0.934875	-2743.5
300	0.872779	-2743.98
400	0.872779	-2741.73
500	0.872779	-2746.89
600	0.872779	-2743.81
700	0.872779	-2745.09
800	0.872779	-2749.74
900	0.872779	-2740.9
1000	0.872779	-2742.97
300	0.813628	-2741.92
400	0.813628	-2749.03
500	0.813628	-2746.11
600	0.813628	-2740.65
700	0.813628	-2742.66
800	0.813628	-2754.55
900	0.813628	-2750.2
1000	0.813628	-2744
300	0.757343	-2741.45
400	0.757343	-2748.55
500	0.757343	-2750.26
600	0.757343	-2744.9
700	0.757343	-2751.18
800	0.757343	-2745.88
900	0.757343	-2743.87
1000	0.757343	-2748.9
300	0.703842	-2744.16
400	0.703842	-2744.41
500	0.703842	-2749.77
600	0.703842	-2744.6
700	0.703842	-2747.98
800	0.703842	-2749.98
900	0.703842	-2749.67
1000	0.703842	-2747.91
300	0.653044	-2758.59
400	0.653044	-2753.95
500	0.653044	-2747.7
600	0.653044	-2748.85
700	0.653044	-2746.11
800	0.653044	-2751.33
900	0.653044	-2752.97
1000	0.653044	-2751.21
300	0.604869	-2745.11
400	0.604869	-2744.85
500	0.604869	-2750.71
600	0.604869	-2753.92
700	0.604869	-2747.45
800	0.604869	-2748.11
900	0.604869	-2749.84
1000	0.604869	-2750.27
300	0.559239	-2747.89
400	0.559239	-2750.43
500	0.559239	-2747.77
600	0.559239	-2748.6
700	0.559239	-2755.6
800	0.559239	-2750.58
900	0.559239	-2746.81
1000	0.559239	-2745.15
300	0.516075	-2753.57
400	0.516075	-2761.97
500	0.516075	-2750.18
600	0.516075	-2754.83
700	0.516075	-2764.08
800	0.516075	-2756.79
900	0.516075	-2751.98
1000	0.516075	-2751.92
300	0.475299	-2757.11
400	0.475299	-2753.1
500	0.475299	-2753.73
600	0.475299	-2763.05
700	0.475299	-2753.43
800	0.475299	-2749.32
900	0.475299	-2756.84
1000	0.475299	-2749.31
300	0.436833	-2752.97
400	0.436833	-2772.95
500	0.436833	-2746.49
600	0.436833	-2750.03
700	0.436833	-2754.34
800	0.436833	-2766.41
900	0.436833	-2747.82
1000	0.436833	-2755.07
300	0.400601	-2760.45
400	0.400601	-2758.56
500	0.400601	-2772.42
600	0.400601	-2752.45
700	0.400601	-2751.62
800	0.400601	-2761.22
900	0.400601	-2758.21
1000	0.400601	-2767.1
300	0.366527	-2765.97
400	0.366527	-2763.11
500	0.366527	-2770.29
600	0.366527	-2757.98
700	0.366527	-2758.56
800	0.366527	-2780.11
900	0.366527	-2760.03
1000	0.366527	-2765.04
300	0.334535	-2754.55
400	0.334535	-2774.45
500	0.334535	-2750.81
600	0.334535	-2762.21
700	0.334535	-2764.77
800	0.334535	-2769.74
900	0.334535	-2769.67
1000	0.334535	-2754.05
300	0.304551	-2766.88
400	0.304551	-2771.4
500	0.304551	-2763.01
600	0.304551	-2784.97
700	0.304551	-2767.23
800	0.304551	-2752.56
900	0.304551	-2777.55
1000	0.304551	-2746.28
300	0.276501	-2762.88
400	0.276501	-2759.73
500	0.276501	-2752.64
600	0.276501	-2774.95
700	0.276501	-2780.62
800	0.276501	-2783.37
900	0.276501	-2753.54
1000	0.276501	-2771.99
300	0.250311	-2794.4
400	0.250311	-2774.55
500	0.250311	-2770.59
600	0.250311	-2789.28
700	0.250311	-2766.32
800	0.250311	-2759.93
900	0.250311	-2757.6
1000	0.250311	-2757.56
300	0.225909	-2772.68
400	0.225909	-2780.51
500	0.225909	-2786.15
600	0.225909	-2763.6
700	0.225909	-2761.68
800	0.225909	-2761.13
900	0.225909	-2762.72
1000	0.225909	-2800.31
300	0.203223	-2766.73
400	0.203223	-2776.27
500	0.203223	-2788.05
600	0.203223	-2779.04
700	0.203223	-2777.23
800	0.203223	-2754.82
900	0.203223	-2804.27
1000	0.203223	-2796.73
300	0.182181	-2793.69
400	0.182181	-2795.17
500	0.182181	-2780.03
600	0.182181	-2771.59
700	0.182181	-2797.6
800	0.182181	-2773.75
900	0.182181	-2804.2
1000	0.182181	-2785.67
300	0.162715	-2786.84
400	0.162715	-2798.32
500	0.162715	-2782.1
600	0.162715	-2782.63
700	0.162715	-2790.6
800	0.162715	-2804.07
900	0.162715	-2789.59
1000	0.162715	-2787.87
300	0.144753	-2793.99
400	0.144753	-2818.2
500	0.144753	-2799.08
600	0.144753	-2793.74
700	0.144753	-2786.65
800	0.144753	-2799.07
900	0.144753	-2763.59
1000	0.144753	-2822.52
300	0.128227	-2782.54
400	0.128227	-2800.25
500	0.128227	-2826.05
600	0.128227	-2802.63
700	0.128227	-2802.82
800	0.128227	-2788.28
900	0.128227	-2770.29
1000	0.128227	-2792.24
300	0.113069	-2815.36
400	0.113069	-2825.68
500	0.113069	-2836.2
600	0.113069	-2800.19
700	0.113069	-2802.55
800	0.113069	-2836.64
900	0.113069	-2819.14
1000	0.113069	-2795.64
300	0.0992126	-2827.24
400	0.0992126	-2816.85
500	0.0992126	-2818.64
600	0.0992126	-2810.57
700	0.0992126	-2812.88
800	0.0992126	-2797.19
900	0.0992126	-2829.95
1000	0.0992126	-2800.34
300	0.0865906	-2827.16
400	0.0865906	-2786.76
500	0.0865906	-2824.84
600	0.0865906	-2810.97
700	0.0865906	-2844.34
800	0.0865906	-2864.79
900	0.0865906	-2846.38
1000	0.0865906	-2819
300	0.0751379	-2843.83
400	0.0751379	-2821.41
500	0.0751379	-2811.33
600	0.0751379	-2823.88
700	0.0751379	-2790.09
800	0.0751379	-2870.84
900	0.0751379	-2828.33
1000	0.0751379	-2800.95
300	0.0647902	-2831.94
400	0.0647902	-2802.46
500	0.0647902	-2878.26
600	0.0647902	-2825.94
700	0.0647902	-2851.61
800	0.0647902	-2823.61
900	0.0647902	-2844.89
1000	0.0647902	-2812.7
300	0.0554836	-2852.93
400	0.0554836	-2906.03
500	0.0554836	-2992.8
600	0.0554836	-2840.95
700	0.0554836	-2907.14
800	0.0554836	-2824.55
900	0.0554836	-2830.52
1000	0.0554836	-3049.21
300	0.0471556	-2866.19
400	0.0471556	-2837.52
500	0.0471556	-2835.89
600	0.0471556	-2857.61
700	0.0471556	-3002.63
800	0.0471556	-2868.34
900	0.0471556	-2900.81
1000	0.0471556	-2844.79
300	0.0397447	-2820.54
400	0.0397447	-2875.44
500	0.0397447	-2892.34
600	0.0397447	-2849.24
700	0.0397447	-2878.67
800	0.0397447	-2837.61
900	0.0397447	-2836.56
1000	0.0397447	-2862.53
300	0.0331901	-2917.12
400	0.0331901	-2855.2
500	0.0331901	-2951.72
600	0.0331901	-2977.45
700	0.0331901	-2860.98
800	0.0331901	-2828.5
900	0.0331901	-2900.08
1000	0.0331901	-3000.78
300	0.0274324	-2948.22
400	0.0274324	-2900.81
500	0.0274324	-3044.82
600	0.0274324	-2918.91
700	0.0274324	-3062.31
800	0.0274324	-2979.82
900	0.0274324	-2985.69
1000	0.0274324	-3007.32
300	0.022413	-2980.01
400	0.022413	-3003.87
500	0.022413	-2923.74
600	0.022413	-3029.84
700	0.022413	-2899.82
800	0.022413	-3033.14
900	0.022413	-2938.39
1000	0.022413	-2884.1
300	0.0180747	-3149.68
400	0.0180747	-3015.28
500	0.0180747	-3117.79
600	0.0180747	-3017.48
700	0.0180747	-3107.75
800	0.0180747	-2843.03
900	0.0180747	-3027.4
1000	0.0180747	-2995.1
300	0.0143613	-2943.96
400	0.0143613	-3214.28
500	0.0143613	-3176.01
600	0.0143613	-3169.45
700	0.0143613	-2976.4
800	0.0143613	-2998.36
900	0.0143613	-3213.09
1000	0.0143613	-3004.73
300	0.0112179	-3130.65
400	0.0112179	-2919.22
500	0.0112179	-3051.58
600	0.0112179	-3035.42
700	0.0112179	-2849.43
800	0.0112179	-3212.86
900	0.0112179	-3087.98
1000	0.0112179	-3119.43
300	0.00859087	-2975.6
400	0.00859087	-3073.25
500	0.00859087	-3011.79
600	0.00859087	-3243.88
700	0.00859087	-2889.22
800	0.00859087	-3369.59
900	0.00859087	-3926.55
1000	0.00859087	-3121.12
300	0.006428	-3063.55
400	0.006428	-3062.93
500	0.006428	-2932.04
600	0.006428	-3766.32
700	0.006428	-3383.81
800	0.006428	-3350.33
900	0.006428	-3010.21
1000	0.006428	-3139.61
300	0.00467843	-3155.27
400	0.00467843	-3025.32
500	0.00467843	-3173.55
600	0.00467843	-3217.27
700	0.00467843	-3275.37
800	0.00467843	-3234.13
900	0.00467843	-3475.08
1000	0.00467843	-3295.23
300	0.00329287	-3185.56
400	0.00329287	-3350.52
500	0.00329287	-3003.98
600	0.00329287	-2949.73
700	0.00329287	-3375.85
800	0.00329287	-3223.89
900	0.00329287	-3687.66
1000	0.00329287	-3265.96
300	0.00222365	-3706.83
400	0.00222365	-3362.34
500	0.00222365	-3166.02
600	0.00222365	-3103.84
700	0.00222365	-3353.01
800	0.00222365	-3431.62
900	0.00222365	-3067.4
1000	0.00222365	-3398.02
300	0.00142482	-3679.99
400	0.00142482	-3872.29
500	0.00142482	-3934.1
600	0.00142482	-3834.2
700	0.00142482	-3131.77
800	0.00142482	-3546.53
900	0.00142482	-4220.83
1000	0.00142482	-3132.94
300	0.000852323	-3267.59
400	0.000852323	-3462.88
500	0.000852323	-3184.91
600	0.000852323	-3388.73
700	0.000852323	-3080.43
800	0.000852323	-3388.67
900	0.000852323	-3632.14
1000	0.000852323	-3511.77
300	0.000464159	-3100.58
400	0.000464159	-3088.06
500	0.000464159	-3543.36
600	0.000464159	-4334.11
700	0.000464159	-2855.14
800	0.000464159	-3483.82
900	0.000464159	-3314.03
1000	0.000464159	-3277.19
300	0.000220614	-3461.84
400	0.000220614	-7791.43
500	0.000220614	-3812.78
600	0.000220614	-6321.69
700	0.000220614	-5675.2
800	0.000220614	-6099.94
900	0.000220614	-4850.24
1000	0.000220614	-3259.75
300	8.45612e-05	-3905.56
400	8.45612e-05	-3182.85
500	8.45612e-05	-3396.95
600	8.45612e-05	-3321.67
700	8.45612e-05	-4033.27
800	8.45612e-05	-3523.91
900	8.45612e-05	-3614.82
1000	8.45612e-05	-3278.85
300	2.18877e-05	-4259.51
400	2.18877e-05	-3420.68
500	2.18877e-05	-3324.19
600	2.18877e-05	-3024.67
700	2.18877e-05	-4591.26
800	2.18877e-05	-3830.93
900	2.18877e-05	-3509.01
1000	2.18877e-05	-5206.99
300	2.17153e-06	-3508.5
400	2.17153e-06	-6307.08
500	2.17153e-06	-3967.59
600	2.17153e-06	-3607.83
700	2.17153e-06	-3221.61
800	2.17153e-06	-5203.35
900	2.17153e-06	-3611.63
1000	2.17153e-06	-5550.37
300	1.16658e-302	-4705
400	1.16658e-302	-5295.65
500	1.16658e-302	-3617.69
600	1.16658e-302	-3556.76
700	1.16658e-302	-3912.44
800	1.16658e-302	-3372.15
900	1.16658e-302	-5744.61
1000	1.16658e-302	-4191.74
