state	power	likelihood
300	1	-15275.4
400	1	-15275.4
500	1	-15275.4
600	1	-15275.4
700	1	-15275.4
800	1	-15275.4
900	1	-15275.4
1000	1	-15275.4
300	0.934875	-15275.4
400	0.934875	-15275.4
500	0.934875	-15275.4
600	0.934875	-15275.4
700	0.934875	-15275.4
800	0.934875	-15275.4
900	0.934875	-15275.4
1000	0.934875	-15275.4
300	0.872779	-15275.4
400	0.872779	-15275.4
500	0.872779	-15275.4
600	0.872779	-15275.4
700	0.872779	-15275.4
800	0.872779	-15267.3
900	0.872779	-15262.6
1000	0.872779	-15264.1
300	0.813628	-15270.2
400	0.813628	-15266
500	0.813628	-15259.9
600	0.813628	-15260.8
700	0.813628	-15259.9
800	0.813628	-15262.2
900	0.813628	-15266.1
1000	0.813628	-15258.2
300	0.757343	-15264.9
400	0.757343	-15258.8
500	0.757343	-15263.6
600	0.757343	-15263.5
700	0.757343	-15268.6
800	0.757343	-15259.7
900	0.757343	-15261.4
1000	0.757343	-15261.7
300	0.703842	-15262.1
400	0.703842	-15263.7
500	0.703842	-15260.4
600	0.703842	-15260.6
700	0.703842	-15262.5
800	0.703842	-15263
900	0.703842	-15264.5
1000	0.703842	-15263.9
300	0.653044	-15265.6
400	0.653044	-15265.8
500	0.653044	-15263
600	0.653044	-15264.6
700	0.653044	-15269.2
800	0.653044	-15261.1
900	0.653044	-15262.5
1000	0.653044	-15262
300	0.604869	-15272.6
400	0.604869	-15266.8
500	0.604869	-15269.8
600	0.604869	-15268.3
700	0.604869	-15264.1
800	0.604869	-15260.4
900	0.604869	-15270.6
1000	0.604869	-15259.1
300	0.559239	-15267.4
400	0.559239	-15262.4
500	0.559239	-15267.5
600	0.559239	-15264.4
700	0.559239	-15271.3
800	0.559239	-15262.3
900	0.559239	-15265.1
1000	0.559239	-15278.2
300	0.516075	-15270.7
400	0.516075	-15268
500	0.516075	-15268.7
600	0.516075	-15264.3
700	0.516075	-15276.9
800	0.516075	-15267.5
900	0.516075	-15275.6
1000	0.516075	-15268.6
300	0.475299	-15268.4
400	0.475299	-15265.6
500	0.475299	-15266.8
600	0.475299	-15265.1
700	0.475299	-15268.5
800	0.475299	-15269
900	0.475299	-15269.2
1000	0.475299	-15284.1
300	0.436833	-15272.6
400	0.436833	-15264.5
500	0.436833	-15279.3
600	0.436833	-15265.4
700	0.436833	-15282.9
800	0.436833	-15267.2
900	0.436833	-15277.3
1000	0.436833	-15279.2
300	0.400601	-15274.5
400	0.400601	-15269.9
500	0.400601	-15288.6
600	0.400601	-15277.5
700	0.400601	-15272.3
800	0.400601	-15271.7
900	0.400601	-15283.3
1000	0.400601	-15293.4
300	0.366527	-15268.1
400	0.366527	-15267.5
500	0.366527	-15268.1
600	0.366527	-15278.3
700	0.366527	-15270.1
800	0.366527	-15282
900	0.366527	-15270.4
1000	0.366527	-15285.2
300	0.334535	-15267.5
400	0.334535	-15269.3
500	0.334535	-15272.5
600	0.334535	-15266.6
700	0.334535	-15267.1
800	0.334535	-15269.1
900	0.334535	-15275
1000	0.334535	-15276.8
300	0.304551	-15281
400	0.304551	-15277.3
500	0.304551	-15282.5
600	0.304551	-15291.9
700	0.304551	-15285.8
800	0.304551	-15267.2
900	0.304551	-15273.4
1000	0.304551	-15280.5
300	0.276501	-15297.3
400	0.276501	-15284.6
500	0.276501	-15263.2
600	0.276501	-15278
700	0.276501	-15275.3
800	0.276501	-15287.4
900	0.276501	-15284.8
1000	0.276501	-15272
300	0.250311	-15276.1
400	0.250311	-15295.4
500	0.250311	-15274.1
600	0.250311	-15272.8
700	0.250311	-15262.4
800	0.250311	-15291.1
900	0.250311	-15267.9
1000	0.250311	-15281.5
300	0.225909	-15282.4
400	0.225909	-15277.5
500	0.225909	-15289.7
600	0.225909	-15320.1
700	0.225909	-15304.7
800	0.225909	-15271.7
900	0.225909	-15288.3
1000	0.225909	-15294.3
300	0.203223	-15287.8
400	0.203223	-15273
500	0.203223	-15275.3
600	0.203223	-15291.1
700	0.203223	-15282.6
800	0.203223	-15279
900	0.203223	-15271.7
1000	0.203223	-15273.6
300	0.182181	-15287
400	0.182181	-15309
500	0.182181	-15289.6
600	0.182181	-15307
700	0.182181	-15310.3
800	0.182181	-15289.1
900	0.182181	-15299.4
1000	0.182181	-15317.7
300	0.162715	-15286.3
400	0.162715	-15321.6
500	0.162715	-15294.7
600	0.162715	-15298.1
700	0.162715	-15301.3
800	0.162715	-15296.2
900	0.162715	-15296.4
1000	0.162715	-15299.7
300	0.144753	-15298.1
400	0.144753	-15303.4
500	0.144753	-15297.8
600	0.144753	-15341.1
700	0.144753	-15348.6
800	0.144753	-15316
900	0.144753	-15289.7
1000	0.144753	-15300.6
300	0.128227	-15366.6
400	0.128227	-15286.9
500	0.128227	-15317.3
600	0.128227	-15338.1
700	0.128227	-15325.7
800	0.128227	-15328.9
900	0.128227	-15350.3
1000	0.128227	-15366.6
300	0.113069	-15354.3
400	0.113069	-15337.4
500	0.113069	-15334.8
600	0.113069	-15403.5
700	0.113069	-15384.2
800	0.113069	-15416.4
900	0.113069	-15407.4
1000	0.113069	-15430.9
300	0.0992126	-15445.6
400	0.0992126	-15506.2
500	0.0992126	-15547.7
600	0.0992126	-15571.8
700	0.0992126	-15542.3
800	0.0992126	-15683.2
900	0.0992126	-15546.1
1000	0.0992126	-15542.6
300	0.0865906	-15563.1
400	0.0865906	-15614.1
500	0.0865906	-15556.5
600	0.0865906	-15661.5
700	0.0865906	-15577.1
800	0.0865906	-15566.9
900	0.0865906	-15592.7
1000	0.0865906	-15699.3
300	0.0751379	-15676.2
400	0.0751379	-15653.8
500	0.0751379	-15552.6
600	0.0751379	-15666.8
700	0.0751379	-15851.7
800	0.0751379	-15864.8
900	0.0751379	-16082.9
1000	0.0751379	-15972.6
300	0.0647902	-15891.7
400	0.0647902	-15870.3
500	0.0647902	-15894.4
600	0.0647902	-15875.1
700	0.0647902	-15907
800	0.0647902	-15858.2
900	0.0647902	-15747.8
1000	0.0647902	-15695.9
300	0.0554836	-16282.3
400	0.0554836	-16282
500	0.0554836	-16183.8
600	0.0554836	-16101
700	0.0554836	-16200.3
800	0.0554836	-15940.8
900	0.0554836	-15841.5
1000	0.0554836	-15885.8
300	0.0471556	-16131.8
400	0.0471556	-16230.9
500	0.0471556	-16515.7
600	0.0471556	-16468.6
700	0.0471556	-16310
800	0.0471556	-16528.8
900	0.0471556	-16575.2
1000	0.0471556	-16492.2
300	0.0397447	-16224.2
400	0.0397447	-16080.5
500	0.0397447	-16204.4
600	0.0397447	-16047.4
700	0.0397447	-16101.2
800	0.0397447	-16122.8
900	0.0397447	-16002.1
1000	0.0397447	-16212
300	0.0331901	-16242.4
400	0.0331901	-16484.4
500	0.0331901	-16659.2
600	0.0331901	-16805
700	0.0331901	-16824.2
800	0.0331901	-17424.5
900	0.0331901	-17035.8
1000	0.0331901	-16734.1
300	0.0274324	-16972.2
400	0.0274324	-16926
500	0.0274324	-16756.8
600	0.0274324	-16927.8
700	0.0274324	-16792.3
800	0.0274324	-16706.8
900	0.0274324	-16711
1000	0.0274324	-16841.6
300	0.022413	-16618.9
400	0.022413	-16936
500	0.022413	-17065
600	0.022413	-17518.9
700	0.022413	-17231.5
800	0.022413	-17301.4
900	0.022413	-17391.4
1000	0.022413	-17432.1
300	0.0180747	-17689.5
400	0.0180747	-17494.9
500	0.0180747	-17622.7
600	0.0180747	-17534.3
700	0.0180747	-17615.9
800	0.0180747	-17778.3
900	0.0180747	-17678.3
1000	0.0180747	-18077.8
300	0.0143613	-18090.3
400	0.0143613	-18504.1
500	0.0143613	-18546.8
600	0.0143613	-18309.4
700	0.0143613	-18142.3
800	0.0143613	-18572.8
900	0.0143613	-18343
1000	0.0143613	-18938.6
300	0.0112179	-18748.7
400	0.0112179	-19069.7
500	0.0112179	-18898.5
600	0.0112179	-18326.6
700	0.0112179	-18724.1
800	0.0112179	-18601.6
900	0.0112179	-18826.9
1000	0.0112179	-19207.7
300	0.00859087	-21194.4
400	0.00859087	-21149.9
500	0.00859087	-19999.1
600	0.00859087	-20560
700	0.00859087	-20298.7
800	0.00859087	-20151.3
900	0.00859087	-21324.6
1000	0.00859087	-21912.5
300	0.006428	-20657.8
400	0.006428	-21326.6
500	0.006428	-21051
600	0.006428	-20681
700	0.006428	-21143.5
800	0.006428	-21574.4
900	0.006428	-20545.4
1000	0.006428	-20887.9
300	0.00467843	-20306.5
400	0.00467843	-20989.3
500	0.00467843	-20039.2
600	0.00467843	-20078.4
700	0.00467843	-20282.5
800	0.00467843	-20065.4
900	0.00467843	-20346.6
1000	0.00467843	-20952.3
300	0.00329287	-21590.3
400	0.00329287	-22480.4
500	0.00329287	-21467
600	0.00329287	-21603.1
700	0.00329287	-22200.4
800	0.00329287	-21900.6
900	0.00329287	-22088.5
1000	0.00329287	-21481.9
300	0.00222365	-22816.8
400	0.00222365	-22237.1
500	0.00222365	-22469.4
600	0.00222365	-22627.7
700	0.00222365	-22200.3
800	0.00222365	-22742.9
900	0.00222365	-22697.2
1000	0.00222365	-22585.2
300	0.00142482	-23330
400	0.00142482	-24992.5
500	0.00142482	-23812.3
600	0.00142482	-22009.8
700	0.00142482	-22487.7
800	0.00142482	-22259.7
900	0.00142482	-22163.2
1000	0.00142482	-21531.2
300	0.000852323	-22106.6
400	0.000852323	-22129.4
500	0.000852323	-21798.2
600	0.000852323	-21274.6
700	0.000852323	-21280.7
800	0.000852323	-21238.3
900	0.000852323	-21020.6
1000	0.000852323	-21345
300	0.000464159	-21719
400	0.000464159	-23045.3
500	0.000464159	-22742.2
600	0.000464159	-22985.7
700	0.000464159	-24197.8
800	0.000464159	-24257.4
900	0.000464159	-24780
1000	0.000464159	-24960.5
300	0.000220614	-26224.6
400	0.000220614	-25147.8
500	0.000220614	-26192.4
600	0.000220614	-26753.1
700	0.000220614	-28681.3
800	0.000220614	-27187.3
900	0.000220614	-26467.2
1000	0.000220614	-24077.7
300	8.45612e-05	-26318.2
400	8.45612e-05	-26180.7
500	8.45612e-05	-27749.6
600	8.45612e-05	-26762.2
700	8.45612e-05	-27622.8
800	8.45612e-05	-28354.9
900	8.45612e-05	-27947.3
1000	8.45612e-05	-27230
300	2.18877e-05	-23679.5
400	2.18877e-05	-25589.7
500	2.18877e-05	-26294.8
600	2.18877e-05	-25812.8
700	2.18877e-05	-25441.9
800	2.18877e-05	-24865.4
900	2.18877e-05	-22971.4
1000	2.18877e-05	-21838.8
300	2.17153e-06	-21039.3
400	2.17153e-06	-21712.2
500	2.17153e-06	-21165.3
600	2.17153e-06	-22260.8
700	2.17153e-06	-21953.8
800	2.17153e-06	-22344.6
900	2.17153e-06	-22502.7
1000	2.17153e-06	-21855.8
300	1.16658e-302	-23502.5
400	1.16658e-302	-21775.3
500	1.16658e-302	-22317.3
600	1.16658e-302	-21939.5
700	1.16658e-302	-22763.7
800	1.16658e-302	-22465.8
900	1.16658e-302	-21909.3
1000	1.16658e-302	-21801.1
