Terminals which are not used

   LEFT_ASSIGN


Grammar

    0 $accept: prog $end

    1 prog: END_OF_INPUT
    2     | '\n'
    3     | COMMENT '\n'
    4     | statement '\n'
    5     | expression '\n'
    6     | error

    7 expression: constant
    8           | '(' expression ')'
    9           | '-' expression
   10           | '+' expression
   11           | '!' expression
   12           | '?' identifier
   13           | expression ':' expression
   14           | expression '+' expression
   15           | expression '-' expression
   16           | expression '*' expression
   17           | expression '/' expression
   18           | expression '^' expression
   19           | expression LT expression
   20           | expression LE expression
   21           | expression EQ expression
   22           | expression NE expression
   23           | expression GE expression
   24           | expression GT expression
   25           | expression AND expression
   26           | expression OR expression
   27           | expression AND2 expression
   28           | expression OR2 expression
   29           | arrowAssign
   30           | equalAssign
   31           | tildeAssign
   32           | functionDef
   33           | functionCall
   34           | variable

   35 arrowAssign: variable ARROW_ASSIGN expression
   36            | functionCall ARROW_ASSIGN expression

   37 tildeAssign: variable TILDE_ASSIGN functionCall

   38 equalAssign: variable EQUAL_ASSIGN expression

   39 variable: identifier optAttribute optElement

   40 optAttribute: '$' identifier
   41             | /* empty */

   42 optElement: '[' subList ']'
   43           | /* empty */

   44 subList: sub
   45        | subList ',' sub

   46 sub: /* empty */
   47    | expression

   48 functionCall: identifier '(' argumentList ')'

   49 argumentList: argument optArguments
   50             | /* empty */

   51 optArguments: ',' argument optArguments
   52             | /* empty */

   53 argument: expression
   54         | identifier EQUAL expression

   55 functionDef: FUNCTION '(' formalList ')' stmts

   56 formalList: formal optFormals
   57           | /* empty */

   58 optFormals: ',' formal optFormals
   59           | /* empty */

   60 formal: identifier
   61       | identifier EQUAL expression

   62 stmts: '{' stmtList '}'
   63      | statement

   64 stmtList: statement optStatements
   65         | /* empty */

   66 optStatements: ';' statement optStatements
   67              | '\n' statement optStatements
   68              | /* empty */

   69 statement: ifStatement
   70          | forStatement
   71          | whileStatement
   72          | nextStatement
   73          | breakStatement
   74          | expression '\n'
   75          | expression ';'
   76          | ';'

   77 ifStatement: IF cond stmts
   78            | IF cond stmts ELSE stmts

   79 cond: '(' expression ')'

   80 forStatement: FOR forCond stmts

   81 forCond: '(' identifier IN expression ')'

   82 whileStatement: WHILE cond stmts

   83 nextStatement: NEXT

   84 breakStatement: BREAK

   85 identifier: NAME

   86 constant: FALSE
   87         | TRUE
   88         | NULL
   89         | INT
   90         | STRING
   91         | REAL


Terminals, with rules where they appear

$end (0) 0
'\n' (10) 2 3 4 5 67 74
'!' (33) 11
'$' (36) 40
'(' (40) 8 48 55 79 81
')' (41) 8 48 55 79 81
'*' (42) 16
'+' (43) 10 14
',' (44) 45 51 58
'-' (45) 9 15
'/' (47) 17
':' (58) 13
';' (59) 66 75 76
'?' (63) 12
'[' (91) 42
']' (93) 42
'^' (94) 18
'{' (123) 62
'}' (125) 62
error (256) 6
REAL (258) 91
INT (259) 89
NAME (260) 85
STRING (261) 90
NULL (262) 88
FALSE (263) 86
TRUE (264) 87
COMMENT (265) 3
FUNCTION (266) 55
FOR (267) 80
IN (268) 81
IF (269) 77 78
ELSE (270) 78
WHILE (271) 82
NEXT (272) 83
BREAK (273) 84
LEFT_ASSIGN (274)
TILDE_ASSIGN (275) 37
EQUAL_ASSIGN (276) 38
EQUAL (277) 54 61
AND (278) 25
OR (279) 26
AND2 (280) 27
OR2 (281) 28
GT (282) 24
GE (283) 23
LT (284) 19
LE (285) 20
EQ (286) 21
NE (287) 22
END_OF_INPUT (288) 1
LOW (289)
ARROW_ASSIGN (290) 35 36
UNOT (291)
UPLUS (292)
UMINUS (293)


Nonterminals, with rules where they appear

$accept (57)
    on left: 0
prog (58)
    on left: 1 2 3 4 5 6, on right: 0
expression (59)
    on left: 7 8 9 10 11 12 13 14 15 16 17 18 19 20 21 22 23 24 25
    26 27 28 29 30 31 32 33 34, on right: 5 8 9 10 11 13 14 15 16 17
    18 19 20 21 22 23 24 25 26 27 28 35 36 38 47 53 54 61 74 75 79
    81
arrowAssign (60)
    on left: 35 36, on right: 29
tildeAssign (61)
    on left: 37, on right: 31
equalAssign (62)
    on left: 38, on right: 30
variable (63)
    on left: 39, on right: 34 35 37 38
optAttribute (64)
    on left: 40 41, on right: 39
optElement (65)
    on left: 42 43, on right: 39
subList (66)
    on left: 44 45, on right: 42 45
sub (67)
    on left: 46 47, on right: 44 45
functionCall (68)
    on left: 48, on right: 33 36 37
argumentList (69)
    on left: 49 50, on right: 48
optArguments (70)
    on left: 51 52, on right: 49 51
argument (71)
    on left: 53 54, on right: 49 51
functionDef (72)
    on left: 55, on right: 32
formalList (73)
    on left: 56 57, on right: 55
optFormals (74)
    on left: 58 59, on right: 56 58
formal (75)
    on left: 60 61, on right: 56 58
stmts (76)
    on left: 62 63, on right: 55 77 78 80 82
stmtList (77)
    on left: 64 65, on right: 62
optStatements (78)
    on left: 66 67 68, on right: 64 66 67
statement (79)
    on left: 69 70 71 72 73 74 75 76, on right: 4 63 64 66 67
ifStatement (80)
    on left: 77 78, on right: 69
cond (81)
    on left: 79, on right: 77 78 82
forStatement (82)
    on left: 80, on right: 70
forCond (83)
    on left: 81, on right: 80
whileStatement (84)
    on left: 82, on right: 71
nextStatement (85)
    on left: 83, on right: 72
breakStatement (86)
    on left: 84, on right: 73
identifier (87)
    on left: 85, on right: 12 39 40 48 54 60 61 81
constant (88)
    on left: 86 87 88 89 90 91, on right: 7


state 0

    0 $accept: . prog $end

    error         shift, and go to state 1
    REAL          shift, and go to state 2
    INT           shift, and go to state 3
    NAME          shift, and go to state 4
    STRING        shift, and go to state 5
    NULL          shift, and go to state 6
    FALSE         shift, and go to state 7
    TRUE          shift, and go to state 8
    COMMENT       shift, and go to state 9
    FUNCTION      shift, and go to state 10
    FOR           shift, and go to state 11
    IF            shift, and go to state 12
    WHILE         shift, and go to state 13
    NEXT          shift, and go to state 14
    BREAK         shift, and go to state 15
    END_OF_INPUT  shift, and go to state 16
    '?'           shift, and go to state 17
    '+'           shift, and go to state 18
    '-'           shift, and go to state 19
    '('           shift, and go to state 20
    '\n'          shift, and go to state 21
    '!'           shift, and go to state 22
    ';'           shift, and go to state 23

    prog            go to state 24
    expression      go to state 25
    arrowAssign     go to state 26
    tildeAssign     go to state 27
    equalAssign     go to state 28
    variable        go to state 29
    functionCall    go to state 30
    functionDef     go to state 31
    statement       go to state 32
    ifStatement     go to state 33
    forStatement    go to state 34
    whileStatement  go to state 35
    nextStatement   go to state 36
    breakStatement  go to state 37
    identifier      go to state 38
    constant        go to state 39


state 1

    6 prog: error .

    $default  reduce using rule 6 (prog)


state 2

   91 constant: REAL .

    $default  reduce using rule 91 (constant)


state 3

   89 constant: INT .

    $default  reduce using rule 89 (constant)


state 4

   85 identifier: NAME .

    $default  reduce using rule 85 (identifier)


state 5

   90 constant: STRING .

    $default  reduce using rule 90 (constant)


state 6

   88 constant: NULL .

    $default  reduce using rule 88 (constant)


state 7

   86 constant: FALSE .

    $default  reduce using rule 86 (constant)


state 8

   87 constant: TRUE .

    $default  reduce using rule 87 (constant)


state 9

    3 prog: COMMENT . '\n'

    '\n'  shift, and go to state 40


state 10

   55 functionDef: FUNCTION . '(' formalList ')' stmts

    '('  shift, and go to state 41


state 11

   80 forStatement: FOR . forCond stmts

    '('  shift, and go to state 42

    forCond  go to state 43


state 12

   77 ifStatement: IF . cond stmts
   78            | IF . cond stmts ELSE stmts

    '('  shift, and go to state 44

    cond  go to state 45


state 13

   82 whileStatement: WHILE . cond stmts

    '('  shift, and go to state 44

    cond  go to state 46


state 14

   83 nextStatement: NEXT .

    $default  reduce using rule 83 (nextStatement)


state 15

   84 breakStatement: BREAK .

    $default  reduce using rule 84 (breakStatement)


state 16

    1 prog: END_OF_INPUT .

    $default  reduce using rule 1 (prog)


state 17

   12 expression: '?' . identifier

    NAME  shift, and go to state 4

    identifier  go to state 47


state 18

   10 expression: '+' . expression

    REAL      shift, and go to state 2
    INT       shift, and go to state 3
    NAME      shift, and go to state 4
    STRING    shift, and go to state 5
    NULL      shift, and go to state 6
    FALSE     shift, and go to state 7
    TRUE      shift, and go to state 8
    FUNCTION  shift, and go to state 10
    '?'       shift, and go to state 17
    '+'       shift, and go to state 18
    '-'       shift, and go to state 19
    '('       shift, and go to state 20
    '!'       shift, and go to state 22

    expression    go to state 48
    arrowAssign   go to state 26
    tildeAssign   go to state 27
    equalAssign   go to state 28
    variable      go to state 29
    functionCall  go to state 30
    functionDef   go to state 31
    identifier    go to state 38
    constant      go to state 39


state 19

    9 expression: '-' . expression

    REAL      shift, and go to state 2
    INT       shift, and go to state 3
    NAME      shift, and go to state 4
    STRING    shift, and go to state 5
    NULL      shift, and go to state 6
    FALSE     shift, and go to state 7
    TRUE      shift, and go to state 8
    FUNCTION  shift, and go to state 10
    '?'       shift, and go to state 17
    '+'       shift, and go to state 18
    '-'       shift, and go to state 19
    '('       shift, and go to state 20
    '!'       shift, and go to state 22

    expression    go to state 49
    arrowAssign   go to state 26
    tildeAssign   go to state 27
    equalAssign   go to state 28
    variable      go to state 29
    functionCall  go to state 30
    functionDef   go to state 31
    identifier    go to state 38
    constant      go to state 39


state 20

    8 expression: '(' . expression ')'

    REAL      shift, and go to state 2
    INT       shift, and go to state 3
    NAME      shift, and go to state 4
    STRING    shift, and go to state 5
    NULL      shift, and go to state 6
    FALSE     shift, and go to state 7
    TRUE      shift, and go to state 8
    FUNCTION  shift, and go to state 10
    '?'       shift, and go to state 17
    '+'       shift, and go to state 18
    '-'       shift, and go to state 19
    '('       shift, and go to state 20
    '!'       shift, and go to state 22

    expression    go to state 50
    arrowAssign   go to state 26
    tildeAssign   go to state 27
    equalAssign   go to state 28
    variable      go to state 29
    functionCall  go to state 30
    functionDef   go to state 31
    identifier    go to state 38
    constant      go to state 39


state 21

    2 prog: '\n' .

    $default  reduce using rule 2 (prog)


state 22

   11 expression: '!' . expression

    REAL      shift, and go to state 2
    INT       shift, and go to state 3
    NAME      shift, and go to state 4
    STRING    shift, and go to state 5
    NULL      shift, and go to state 6
    FALSE     shift, and go to state 7
    TRUE      shift, and go to state 8
    FUNCTION  shift, and go to state 10
    '?'       shift, and go to state 17
    '+'       shift, and go to state 18
    '-'       shift, and go to state 19
    '('       shift, and go to state 20
    '!'       shift, and go to state 22

    expression    go to state 51
    arrowAssign   go to state 26
    tildeAssign   go to state 27
    equalAssign   go to state 28
    variable      go to state 29
    functionCall  go to state 30
    functionDef   go to state 31
    identifier    go to state 38
    constant      go to state 39


state 23

   76 statement: ';' .

    $default  reduce using rule 76 (statement)


state 24

    0 $accept: prog . $end

    $end  shift, and go to state 52


state 25

    5 prog: expression . '\n'
   13 expression: expression . ':' expression
   14           | expression . '+' expression
   15           | expression . '-' expression
   16           | expression . '*' expression
   17           | expression . '/' expression
   18           | expression . '^' expression
   19           | expression . LT expression
   20           | expression . LE expression
   21           | expression . EQ expression
   22           | expression . NE expression
   23           | expression . GE expression
   24           | expression . GT expression
   25           | expression . AND expression
   26           | expression . OR expression
   27           | expression . AND2 expression
   28           | expression . OR2 expression
   74 statement: expression . '\n'
   75          | expression . ';'

    AND   shift, and go to state 53
    OR    shift, and go to state 54
    AND2  shift, and go to state 55
    OR2   shift, and go to state 56
    GT    shift, and go to state 57
    GE    shift, and go to state 58
    LT    shift, and go to state 59
    LE    shift, and go to state 60
    EQ    shift, and go to state 61
    NE    shift, and go to state 62
    '+'   shift, and go to state 63
    '-'   shift, and go to state 64
    '*'   shift, and go to state 65
    '/'   shift, and go to state 66
    ':'   shift, and go to state 67
    '^'   shift, and go to state 68
    '\n'  shift, and go to state 69
    ';'   shift, and go to state 70


state 26

   29 expression: arrowAssign .

    $default  reduce using rule 29 (expression)


state 27

   31 expression: tildeAssign .

    $default  reduce using rule 31 (expression)


state 28

   30 expression: equalAssign .

    $default  reduce using rule 30 (expression)


state 29

   34 expression: variable .
   35 arrowAssign: variable . ARROW_ASSIGN expression
   37 tildeAssign: variable . TILDE_ASSIGN functionCall
   38 equalAssign: variable . EQUAL_ASSIGN expression

    TILDE_ASSIGN  shift, and go to state 71
    EQUAL_ASSIGN  shift, and go to state 72
    ARROW_ASSIGN  shift, and go to state 73

    $default  reduce using rule 34 (expression)


state 30

   33 expression: functionCall .
   36 arrowAssign: functionCall . ARROW_ASSIGN expression

    ARROW_ASSIGN  shift, and go to state 74

    $default  reduce using rule 33 (expression)


state 31

   32 expression: functionDef .

    $default  reduce using rule 32 (expression)


state 32

    4 prog: statement . '\n'

    '\n'  shift, and go to state 75


state 33

   69 statement: ifStatement .

    $default  reduce using rule 69 (statement)


state 34

   70 statement: forStatement .

    $default  reduce using rule 70 (statement)


state 35

   71 statement: whileStatement .

    $default  reduce using rule 71 (statement)


state 36

   72 statement: nextStatement .

    $default  reduce using rule 72 (statement)


state 37

   73 statement: breakStatement .

    $default  reduce using rule 73 (statement)


state 38

   39 variable: identifier . optAttribute optElement
   48 functionCall: identifier . '(' argumentList ')'

    '$'  shift, and go to state 76
    '('  shift, and go to state 77

    $default  reduce using rule 41 (optAttribute)

    optAttribute  go to state 78


state 39

    7 expression: constant .

    $default  reduce using rule 7 (expression)


state 40

    3 prog: COMMENT '\n' .

    $default  reduce using rule 3 (prog)


state 41

   55 functionDef: FUNCTION '(' . formalList ')' stmts

    NAME  shift, and go to state 4

    $default  reduce using rule 57 (formalList)

    formalList  go to state 79
    formal      go to state 80
    identifier  go to state 81


state 42

   81 forCond: '(' . identifier IN expression ')'

    NAME  shift, and go to state 4

    identifier  go to state 82


state 43

   80 forStatement: FOR forCond . stmts

    REAL      shift, and go to state 2
    INT       shift, and go to state 3
    NAME      shift, and go to state 4
    STRING    shift, and go to state 5
    NULL      shift, and go to state 6
    FALSE     shift, and go to state 7
    TRUE      shift, and go to state 8
    FUNCTION  shift, and go to state 10
    FOR       shift, and go to state 11
    IF        shift, and go to state 12
    WHILE     shift, and go to state 13
    NEXT      shift, and go to state 14
    BREAK     shift, and go to state 15
    '?'       shift, and go to state 17
    '+'       shift, and go to state 18
    '-'       shift, and go to state 19
    '('       shift, and go to state 20
    '!'       shift, and go to state 22
    '{'       shift, and go to state 83
    ';'       shift, and go to state 23

    expression      go to state 84
    arrowAssign     go to state 26
    tildeAssign     go to state 27
    equalAssign     go to state 28
    variable        go to state 29
    functionCall    go to state 30
    functionDef     go to state 31
    stmts           go to state 85
    statement       go to state 86
    ifStatement     go to state 33
    forStatement    go to state 34
    whileStatement  go to state 35
    nextStatement   go to state 36
    breakStatement  go to state 37
    identifier      go to state 38
    constant        go to state 39


state 44

   79 cond: '(' . expression ')'

    REAL      shift, and go to state 2
    INT       shift, and go to state 3
    NAME      shift, and go to state 4
    STRING    shift, and go to state 5
    NULL      shift, and go to state 6
    FALSE     shift, and go to state 7
    TRUE      shift, and go to state 8
    FUNCTION  shift, and go to state 10
    '?'       shift, and go to state 17
    '+'       shift, and go to state 18
    '-'       shift, and go to state 19
    '('       shift, and go to state 20
    '!'       shift, and go to state 22

    expression    go to state 87
    arrowAssign   go to state 26
    tildeAssign   go to state 27
    equalAssign   go to state 28
    variable      go to state 29
    functionCall  go to state 30
    functionDef   go to state 31
    identifier    go to state 38
    constant      go to state 39


state 45

   77 ifStatement: IF cond . stmts
   78            | IF cond . stmts ELSE stmts

    REAL      shift, and go to state 2
    INT       shift, and go to state 3
    NAME      shift, and go to state 4
    STRING    shift, and go to state 5
    NULL      shift, and go to state 6
    FALSE     shift, and go to state 7
    TRUE      shift, and go to state 8
    FUNCTION  shift, and go to state 10
    FOR       shift, and go to state 11
    IF        shift, and go to state 12
    WHILE     shift, and go to state 13
    NEXT      shift, and go to state 14
    BREAK     shift, and go to state 15
    '?'       shift, and go to state 17
    '+'       shift, and go to state 18
    '-'       shift, and go to state 19
    '('       shift, and go to state 20
    '!'       shift, and go to state 22
    '{'       shift, and go to state 83
    ';'       shift, and go to state 23

    expression      go to state 84
    arrowAssign     go to state 26
    tildeAssign     go to state 27
    equalAssign     go to state 28
    variable        go to state 29
    functionCall    go to state 30
    functionDef     go to state 31
    stmts           go to state 88
    statement       go to state 86
    ifStatement     go to state 33
    forStatement    go to state 34
    whileStatement  go to state 35
    nextStatement   go to state 36
    breakStatement  go to state 37
    identifier      go to state 38
    constant        go to state 39


state 46

   82 whileStatement: WHILE cond . stmts

    REAL      shift, and go to state 2
    INT       shift, and go to state 3
    NAME      shift, and go to state 4
    STRING    shift, and go to state 5
    NULL      shift, and go to state 6
    FALSE     shift, and go to state 7
    TRUE      shift, and go to state 8
    FUNCTION  shift, and go to state 10
    FOR       shift, and go to state 11
    IF        shift, and go to state 12
    WHILE     shift, and go to state 13
    NEXT      shift, and go to state 14
    BREAK     shift, and go to state 15
    '?'       shift, and go to state 17
    '+'       shift, and go to state 18
    '-'       shift, and go to state 19
    '('       shift, and go to state 20
    '!'       shift, and go to state 22
    '{'       shift, and go to state 83
    ';'       shift, and go to state 23

    expression      go to state 84
    arrowAssign     go to state 26
    tildeAssign     go to state 27
    equalAssign     go to state 28
    variable        go to state 29
    functionCall    go to state 30
    functionDef     go to state 31
    stmts           go to state 89
    statement       go to state 86
    ifStatement     go to state 33
    forStatement    go to state 34
    whileStatement  go to state 35
    nextStatement   go to state 36
    breakStatement  go to state 37
    identifier      go to state 38
    constant        go to state 39


state 47

   12 expression: '?' identifier .

    $default  reduce using rule 12 (expression)


state 48

   10 expression: '+' expression .
   13           | expression . ':' expression
   14           | expression . '+' expression
   15           | expression . '-' expression
   16           | expression . '*' expression
   17           | expression . '/' expression
   18           | expression . '^' expression
   19           | expression . LT expression
   20           | expression . LE expression
   21           | expression . EQ expression
   22           | expression . NE expression
   23           | expression . GE expression
   24           | expression . GT expression
   25           | expression . AND expression
   26           | expression . OR expression
   27           | expression . AND2 expression
   28           | expression . OR2 expression

    '^'  shift, and go to state 68

    $default  reduce using rule 10 (expression)


state 49

    9 expression: '-' expression .
   13           | expression . ':' expression
   14           | expression . '+' expression
   15           | expression . '-' expression
   16           | expression . '*' expression
   17           | expression . '/' expression
   18           | expression . '^' expression
   19           | expression . LT expression
   20           | expression . LE expression
   21           | expression . EQ expression
   22           | expression . NE expression
   23           | expression . GE expression
   24           | expression . GT expression
   25           | expression . AND expression
   26           | expression . OR expression
   27           | expression . AND2 expression
   28           | expression . OR2 expression

    '^'  shift, and go to state 68

    $default  reduce using rule 9 (expression)


state 50

    8 expression: '(' expression . ')'
   13           | expression . ':' expression
   14           | expression . '+' expression
   15           | expression . '-' expression
   16           | expression . '*' expression
   17           | expression . '/' expression
   18           | expression . '^' expression
   19           | expression . LT expression
   20           | expression . LE expression
   21           | expression . EQ expression
   22           | expression . NE expression
   23           | expression . GE expression
   24           | expression . GT expression
   25           | expression . AND expression
   26           | expression . OR expression
   27           | expression . AND2 expression
   28           | expression . OR2 expression

    AND   shift, and go to state 53
    OR    shift, and go to state 54
    AND2  shift, and go to state 55
    OR2   shift, and go to state 56
    GT    shift, and go to state 57
    GE    shift, and go to state 58
    LT    shift, and go to state 59
    LE    shift, and go to state 60
    EQ    shift, and go to state 61
    NE    shift, and go to state 62
    '+'   shift, and go to state 63
    '-'   shift, and go to state 64
    '*'   shift, and go to state 65
    '/'   shift, and go to state 66
    ':'   shift, and go to state 67
    '^'   shift, and go to state 68
    ')'   shift, and go to state 90


state 51

   11 expression: '!' expression .
   13           | expression . ':' expression
   14           | expression . '+' expression
   15           | expression . '-' expression
   16           | expression . '*' expression
   17           | expression . '/' expression
   18           | expression . '^' expression
   19           | expression . LT expression
   20           | expression . LE expression
   21           | expression . EQ expression
   22           | expression . NE expression
   23           | expression . GE expression
   24           | expression . GT expression
   25           | expression . AND expression
   26           | expression . OR expression
   27           | expression . AND2 expression
   28           | expression . OR2 expression

    GT   shift, and go to state 57
    GE   shift, and go to state 58
    LT   shift, and go to state 59
    LE   shift, and go to state 60
    EQ   shift, and go to state 61
    NE   shift, and go to state 62
    '+'  shift, and go to state 63
    '-'  shift, and go to state 64
    '*'  shift, and go to state 65
    '/'  shift, and go to state 66
    ':'  shift, and go to state 67
    '^'  shift, and go to state 68

    $default  reduce using rule 11 (expression)


state 52

    0 $accept: prog $end .

    $default  accept


state 53

   25 expression: expression AND . expression

    REAL      shift, and go to state 2
    INT       shift, and go to state 3
    NAME      shift, and go to state 4
    STRING    shift, and go to state 5
    NULL      shift, and go to state 6
    FALSE     shift, and go to state 7
    TRUE      shift, and go to state 8
    FUNCTION  shift, and go to state 10
    '?'       shift, and go to state 17
    '+'       shift, and go to state 18
    '-'       shift, and go to state 19
    '('       shift, and go to state 20
    '!'       shift, and go to state 22

    expression    go to state 91
    arrowAssign   go to state 26
    tildeAssign   go to state 27
    equalAssign   go to state 28
    variable      go to state 29
    functionCall  go to state 30
    functionDef   go to state 31
    identifier    go to state 38
    constant      go to state 39


state 54

   26 expression: expression OR . expression

    REAL      shift, and go to state 2
    INT       shift, and go to state 3
    NAME      shift, and go to state 4
    STRING    shift, and go to state 5
    NULL      shift, and go to state 6
    FALSE     shift, and go to state 7
    TRUE      shift, and go to state 8
    FUNCTION  shift, and go to state 10
    '?'       shift, and go to state 17
    '+'       shift, and go to state 18
    '-'       shift, and go to state 19
    '('       shift, and go to state 20
    '!'       shift, and go to state 22

    expression    go to state 92
    arrowAssign   go to state 26
    tildeAssign   go to state 27
    equalAssign   go to state 28
    variable      go to state 29
    functionCall  go to state 30
    functionDef   go to state 31
    identifier    go to state 38
    constant      go to state 39


state 55

   27 expression: expression AND2 . expression

    REAL      shift, and go to state 2
    INT       shift, and go to state 3
    NAME      shift, and go to state 4
    STRING    shift, and go to state 5
    NULL      shift, and go to state 6
    FALSE     shift, and go to state 7
    TRUE      shift, and go to state 8
    FUNCTION  shift, and go to state 10
    '?'       shift, and go to state 17
    '+'       shift, and go to state 18
    '-'       shift, and go to state 19
    '('       shift, and go to state 20
    '!'       shift, and go to state 22

    expression    go to state 93
    arrowAssign   go to state 26
    tildeAssign   go to state 27
    equalAssign   go to state 28
    variable      go to state 29
    functionCall  go to state 30
    functionDef   go to state 31
    identifier    go to state 38
    constant      go to state 39


state 56

   28 expression: expression OR2 . expression

    REAL      shift, and go to state 2
    INT       shift, and go to state 3
    NAME      shift, and go to state 4
    STRING    shift, and go to state 5
    NULL      shift, and go to state 6
    FALSE     shift, and go to state 7
    TRUE      shift, and go to state 8
    FUNCTION  shift, and go to state 10
    '?'       shift, and go to state 17
    '+'       shift, and go to state 18
    '-'       shift, and go to state 19
    '('       shift, and go to state 20
    '!'       shift, and go to state 22

    expression    go to state 94
    arrowAssign   go to state 26
    tildeAssign   go to state 27
    equalAssign   go to state 28
    variable      go to state 29
    functionCall  go to state 30
    functionDef   go to state 31
    identifier    go to state 38
    constant      go to state 39


state 57

   24 expression: expression GT . expression

    REAL      shift, and go to state 2
    INT       shift, and go to state 3
    NAME      shift, and go to state 4
    STRING    shift, and go to state 5
    NULL      shift, and go to state 6
    FALSE     shift, and go to state 7
    TRUE      shift, and go to state 8
    FUNCTION  shift, and go to state 10
    '?'       shift, and go to state 17
    '+'       shift, and go to state 18
    '-'       shift, and go to state 19
    '('       shift, and go to state 20
    '!'       shift, and go to state 22

    expression    go to state 95
    arrowAssign   go to state 26
    tildeAssign   go to state 27
    equalAssign   go to state 28
    variable      go to state 29
    functionCall  go to state 30
    functionDef   go to state 31
    identifier    go to state 38
    constant      go to state 39


state 58

   23 expression: expression GE . expression

    REAL      shift, and go to state 2
    INT       shift, and go to state 3
    NAME      shift, and go to state 4
    STRING    shift, and go to state 5
    NULL      shift, and go to state 6
    FALSE     shift, and go to state 7
    TRUE      shift, and go to state 8
    FUNCTION  shift, and go to state 10
    '?'       shift, and go to state 17
    '+'       shift, and go to state 18
    '-'       shift, and go to state 19
    '('       shift, and go to state 20
    '!'       shift, and go to state 22

    expression    go to state 96
    arrowAssign   go to state 26
    tildeAssign   go to state 27
    equalAssign   go to state 28
    variable      go to state 29
    functionCall  go to state 30
    functionDef   go to state 31
    identifier    go to state 38
    constant      go to state 39


state 59

   19 expression: expression LT . expression

    REAL      shift, and go to state 2
    INT       shift, and go to state 3
    NAME      shift, and go to state 4
    STRING    shift, and go to state 5
    NULL      shift, and go to state 6
    FALSE     shift, and go to state 7
    TRUE      shift, and go to state 8
    FUNCTION  shift, and go to state 10
    '?'       shift, and go to state 17
    '+'       shift, and go to state 18
    '-'       shift, and go to state 19
    '('       shift, and go to state 20
    '!'       shift, and go to state 22

    expression    go to state 97
    arrowAssign   go to state 26
    tildeAssign   go to state 27
    equalAssign   go to state 28
    variable      go to state 29
    functionCall  go to state 30
    functionDef   go to state 31
    identifier    go to state 38
    constant      go to state 39


state 60

   20 expression: expression LE . expression

    REAL      shift, and go to state 2
    INT       shift, and go to state 3
    NAME      shift, and go to state 4
    STRING    shift, and go to state 5
    NULL      shift, and go to state 6
    FALSE     shift, and go to state 7
    TRUE      shift, and go to state 8
    FUNCTION  shift, and go to state 10
    '?'       shift, and go to state 17
    '+'       shift, and go to state 18
    '-'       shift, and go to state 19
    '('       shift, and go to state 20
    '!'       shift, and go to state 22

    expression    go to state 98
    arrowAssign   go to state 26
    tildeAssign   go to state 27
    equalAssign   go to state 28
    variable      go to state 29
    functionCall  go to state 30
    functionDef   go to state 31
    identifier    go to state 38
    constant      go to state 39


state 61

   21 expression: expression EQ . expression

    REAL      shift, and go to state 2
    INT       shift, and go to state 3
    NAME      shift, and go to state 4
    STRING    shift, and go to state 5
    NULL      shift, and go to state 6
    FALSE     shift, and go to state 7
    TRUE      shift, and go to state 8
    FUNCTION  shift, and go to state 10
    '?'       shift, and go to state 17
    '+'       shift, and go to state 18
    '-'       shift, and go to state 19
    '('       shift, and go to state 20
    '!'       shift, and go to state 22

    expression    go to state 99
    arrowAssign   go to state 26
    tildeAssign   go to state 27
    equalAssign   go to state 28
    variable      go to state 29
    functionCall  go to state 30
    functionDef   go to state 31
    identifier    go to state 38
    constant      go to state 39


state 62

   22 expression: expression NE . expression

    REAL      shift, and go to state 2
    INT       shift, and go to state 3
    NAME      shift, and go to state 4
    STRING    shift, and go to state 5
    NULL      shift, and go to state 6
    FALSE     shift, and go to state 7
    TRUE      shift, and go to state 8
    FUNCTION  shift, and go to state 10
    '?'       shift, and go to state 17
    '+'       shift, and go to state 18
    '-'       shift, and go to state 19
    '('       shift, and go to state 20
    '!'       shift, and go to state 22

    expression    go to state 100
    arrowAssign   go to state 26
    tildeAssign   go to state 27
    equalAssign   go to state 28
    variable      go to state 29
    functionCall  go to state 30
    functionDef   go to state 31
    identifier    go to state 38
    constant      go to state 39


state 63

   14 expression: expression '+' . expression

    REAL      shift, and go to state 2
    INT       shift, and go to state 3
    NAME      shift, and go to state 4
    STRING    shift, and go to state 5
    NULL      shift, and go to state 6
    FALSE     shift, and go to state 7
    TRUE      shift, and go to state 8
    FUNCTION  shift, and go to state 10
    '?'       shift, and go to state 17
    '+'       shift, and go to state 18
    '-'       shift, and go to state 19
    '('       shift, and go to state 20
    '!'       shift, and go to state 22

    expression    go to state 101
    arrowAssign   go to state 26
    tildeAssign   go to state 27
    equalAssign   go to state 28
    variable      go to state 29
    functionCall  go to state 30
    functionDef   go to state 31
    identifier    go to state 38
    constant      go to state 39


state 64

   15 expression: expression '-' . expression

    REAL      shift, and go to state 2
    INT       shift, and go to state 3
    NAME      shift, and go to state 4
    STRING    shift, and go to state 5
    NULL      shift, and go to state 6
    FALSE     shift, and go to state 7
    TRUE      shift, and go to state 8
    FUNCTION  shift, and go to state 10
    '?'       shift, and go to state 17
    '+'       shift, and go to state 18
    '-'       shift, and go to state 19
    '('       shift, and go to state 20
    '!'       shift, and go to state 22

    expression    go to state 102
    arrowAssign   go to state 26
    tildeAssign   go to state 27
    equalAssign   go to state 28
    variable      go to state 29
    functionCall  go to state 30
    functionDef   go to state 31
    identifier    go to state 38
    constant      go to state 39


state 65

   16 expression: expression '*' . expression

    REAL      shift, and go to state 2
    INT       shift, and go to state 3
    NAME      shift, and go to state 4
    STRING    shift, and go to state 5
    NULL      shift, and go to state 6
    FALSE     shift, and go to state 7
    TRUE      shift, and go to state 8
    FUNCTION  shift, and go to state 10
    '?'       shift, and go to state 17
    '+'       shift, and go to state 18
    '-'       shift, and go to state 19
    '('       shift, and go to state 20
    '!'       shift, and go to state 22

    expression    go to state 103
    arrowAssign   go to state 26
    tildeAssign   go to state 27
    equalAssign   go to state 28
    variable      go to state 29
    functionCall  go to state 30
    functionDef   go to state 31
    identifier    go to state 38
    constant      go to state 39


state 66

   17 expression: expression '/' . expression

    REAL      shift, and go to state 2
    INT       shift, and go to state 3
    NAME      shift, and go to state 4
    STRING    shift, and go to state 5
    NULL      shift, and go to state 6
    FALSE     shift, and go to state 7
    TRUE      shift, and go to state 8
    FUNCTION  shift, and go to state 10
    '?'       shift, and go to state 17
    '+'       shift, and go to state 18
    '-'       shift, and go to state 19
    '('       shift, and go to state 20
    '!'       shift, and go to state 22

    expression    go to state 104
    arrowAssign   go to state 26
    tildeAssign   go to state 27
    equalAssign   go to state 28
    variable      go to state 29
    functionCall  go to state 30
    functionDef   go to state 31
    identifier    go to state 38
    constant      go to state 39


state 67

   13 expression: expression ':' . expression

    REAL      shift, and go to state 2
    INT       shift, and go to state 3
    NAME      shift, and go to state 4
    STRING    shift, and go to state 5
    NULL      shift, and go to state 6
    FALSE     shift, and go to state 7
    TRUE      shift, and go to state 8
    FUNCTION  shift, and go to state 10
    '?'       shift, and go to state 17
    '+'       shift, and go to state 18
    '-'       shift, and go to state 19
    '('       shift, and go to state 20
    '!'       shift, and go to state 22

    expression    go to state 105
    arrowAssign   go to state 26
    tildeAssign   go to state 27
    equalAssign   go to state 28
    variable      go to state 29
    functionCall  go to state 30
    functionDef   go to state 31
    identifier    go to state 38
    constant      go to state 39


state 68

   18 expression: expression '^' . expression

    REAL      shift, and go to state 2
    INT       shift, and go to state 3
    NAME      shift, and go to state 4
    STRING    shift, and go to state 5
    NULL      shift, and go to state 6
    FALSE     shift, and go to state 7
    TRUE      shift, and go to state 8
    FUNCTION  shift, and go to state 10
    '?'       shift, and go to state 17
    '+'       shift, and go to state 18
    '-'       shift, and go to state 19
    '('       shift, and go to state 20
    '!'       shift, and go to state 22

    expression    go to state 106
    arrowAssign   go to state 26
    tildeAssign   go to state 27
    equalAssign   go to state 28
    variable      go to state 29
    functionCall  go to state 30
    functionDef   go to state 31
    identifier    go to state 38
    constant      go to state 39


state 69

    5 prog: expression '\n' .
   74 statement: expression '\n' .

    '\n'      reduce using rule 74 (statement)
    $default  reduce using rule 5 (prog)


state 70

   75 statement: expression ';' .

    $default  reduce using rule 75 (statement)


state 71

   37 tildeAssign: variable TILDE_ASSIGN . functionCall

    NAME  shift, and go to state 4

    functionCall  go to state 107
    identifier    go to state 108


state 72

   38 equalAssign: variable EQUAL_ASSIGN . expression

    REAL      shift, and go to state 2
    INT       shift, and go to state 3
    NAME      shift, and go to state 4
    STRING    shift, and go to state 5
    NULL      shift, and go to state 6
    FALSE     shift, and go to state 7
    TRUE      shift, and go to state 8
    FUNCTION  shift, and go to state 10
    '?'       shift, and go to state 17
    '+'       shift, and go to state 18
    '-'       shift, and go to state 19
    '('       shift, and go to state 20
    '!'       shift, and go to state 22

    expression    go to state 109
    arrowAssign   go to state 26
    tildeAssign   go to state 27
    equalAssign   go to state 28
    variable      go to state 29
    functionCall  go to state 30
    functionDef   go to state 31
    identifier    go to state 38
    constant      go to state 39


state 73

   35 arrowAssign: variable ARROW_ASSIGN . expression

    REAL      shift, and go to state 2
    INT       shift, and go to state 3
    NAME      shift, and go to state 4
    STRING    shift, and go to state 5
    NULL      shift, and go to state 6
    FALSE     shift, and go to state 7
    TRUE      shift, and go to state 8
    FUNCTION  shift, and go to state 10
    '?'       shift, and go to state 17
    '+'       shift, and go to state 18
    '-'       shift, and go to state 19
    '('       shift, and go to state 20
    '!'       shift, and go to state 22

    expression    go to state 110
    arrowAssign   go to state 26
    tildeAssign   go to state 27
    equalAssign   go to state 28
    variable      go to state 29
    functionCall  go to state 30
    functionDef   go to state 31
    identifier    go to state 38
    constant      go to state 39


state 74

   36 arrowAssign: functionCall ARROW_ASSIGN . expression

    REAL      shift, and go to state 2
    INT       shift, and go to state 3
    NAME      shift, and go to state 4
    STRING    shift, and go to state 5
    NULL      shift, and go to state 6
    FALSE     shift, and go to state 7
    TRUE      shift, and go to state 8
    FUNCTION  shift, and go to state 10
    '?'       shift, and go to state 17
    '+'       shift, and go to state 18
    '-'       shift, and go to state 19
    '('       shift, and go to state 20
    '!'       shift, and go to state 22

    expression    go to state 111
    arrowAssign   go to state 26
    tildeAssign   go to state 27
    equalAssign   go to state 28
    variable      go to state 29
    functionCall  go to state 30
    functionDef   go to state 31
    identifier    go to state 38
    constant      go to state 39


state 75

    4 prog: statement '\n' .

    $default  reduce using rule 4 (prog)


state 76

   40 optAttribute: '$' . identifier

    NAME  shift, and go to state 4

    identifier  go to state 112


state 77

   48 functionCall: identifier '(' . argumentList ')'

    REAL      shift, and go to state 2
    INT       shift, and go to state 3
    NAME      shift, and go to state 4
    STRING    shift, and go to state 5
    NULL      shift, and go to state 6
    FALSE     shift, and go to state 7
    TRUE      shift, and go to state 8
    FUNCTION  shift, and go to state 10
    '?'       shift, and go to state 17
    '+'       shift, and go to state 18
    '-'       shift, and go to state 19
    '('       shift, and go to state 20
    '!'       shift, and go to state 22

    $default  reduce using rule 50 (argumentList)

    expression    go to state 113
    arrowAssign   go to state 26
    tildeAssign   go to state 27
    equalAssign   go to state 28
    variable      go to state 29
    functionCall  go to state 30
    argumentList  go to state 114
    argument      go to state 115
    functionDef   go to state 31
    identifier    go to state 116
    constant      go to state 39


state 78

   39 variable: identifier optAttribute . optElement

    '['  shift, and go to state 117

    $default  reduce using rule 43 (optElement)

    optElement  go to state 118


state 79

   55 functionDef: FUNCTION '(' formalList . ')' stmts

    ')'  shift, and go to state 119


state 80

   56 formalList: formal . optFormals

    ','  shift, and go to state 120

    $default  reduce using rule 59 (optFormals)

    optFormals  go to state 121


state 81

   60 formal: identifier .
   61       | identifier . EQUAL expression

    EQUAL  shift, and go to state 122

    $default  reduce using rule 60 (formal)


state 82

   81 forCond: '(' identifier . IN expression ')'

    IN  shift, and go to state 123


state 83

   62 stmts: '{' . stmtList '}'

    REAL      shift, and go to state 2
    INT       shift, and go to state 3
    NAME      shift, and go to state 4
    STRING    shift, and go to state 5
    NULL      shift, and go to state 6
    FALSE     shift, and go to state 7
    TRUE      shift, and go to state 8
    FUNCTION  shift, and go to state 10
    FOR       shift, and go to state 11
    IF        shift, and go to state 12
    WHILE     shift, and go to state 13
    NEXT      shift, and go to state 14
    BREAK     shift, and go to state 15
    '?'       shift, and go to state 17
    '+'       shift, and go to state 18
    '-'       shift, and go to state 19
    '('       shift, and go to state 20
    '!'       shift, and go to state 22
    ';'       shift, and go to state 23

    $default  reduce using rule 65 (stmtList)

    expression      go to state 84
    arrowAssign     go to state 26
    tildeAssign     go to state 27
    equalAssign     go to state 28
    variable        go to state 29
    functionCall    go to state 30
    functionDef     go to state 31
    stmtList        go to state 124
    statement       go to state 125
    ifStatement     go to state 33
    forStatement    go to state 34
    whileStatement  go to state 35
    nextStatement   go to state 36
    breakStatement  go to state 37
    identifier      go to state 38
    constant        go to state 39


state 84

   13 expression: expression . ':' expression
   14           | expression . '+' expression
   15           | expression . '-' expression
   16           | expression . '*' expression
   17           | expression . '/' expression
   18           | expression . '^' expression
   19           | expression . LT expression
   20           | expression . LE expression
   21           | expression . EQ expression
   22           | expression . NE expression
   23           | expression . GE expression
   24           | expression . GT expression
   25           | expression . AND expression
   26           | expression . OR expression
   27           | expression . AND2 expression
   28           | expression . OR2 expression
   74 statement: expression . '\n'
   75          | expression . ';'

    AND   shift, and go to state 53
    OR    shift, and go to state 54
    AND2  shift, and go to state 55
    OR2   shift, and go to state 56
    GT    shift, and go to state 57
    GE    shift, and go to state 58
    LT    shift, and go to state 59
    LE    shift, and go to state 60
    EQ    shift, and go to state 61
    NE    shift, and go to state 62
    '+'   shift, and go to state 63
    '-'   shift, and go to state 64
    '*'   shift, and go to state 65
    '/'   shift, and go to state 66
    ':'   shift, and go to state 67
    '^'   shift, and go to state 68
    '\n'  shift, and go to state 126
    ';'   shift, and go to state 70


state 85

   80 forStatement: FOR forCond stmts .

    $default  reduce using rule 80 (forStatement)


state 86

   63 stmts: statement .

    $default  reduce using rule 63 (stmts)


state 87

   13 expression: expression . ':' expression
   14           | expression . '+' expression
   15           | expression . '-' expression
   16           | expression . '*' expression
   17           | expression . '/' expression
   18           | expression . '^' expression
   19           | expression . LT expression
   20           | expression . LE expression
   21           | expression . EQ expression
   22           | expression . NE expression
   23           | expression . GE expression
   24           | expression . GT expression
   25           | expression . AND expression
   26           | expression . OR expression
   27           | expression . AND2 expression
   28           | expression . OR2 expression
   79 cond: '(' expression . ')'

    AND   shift, and go to state 53
    OR    shift, and go to state 54
    AND2  shift, and go to state 55
    OR2   shift, and go to state 56
    GT    shift, and go to state 57
    GE    shift, and go to state 58
    LT    shift, and go to state 59
    LE    shift, and go to state 60
    EQ    shift, and go to state 61
    NE    shift, and go to state 62
    '+'   shift, and go to state 63
    '-'   shift, and go to state 64
    '*'   shift, and go to state 65
    '/'   shift, and go to state 66
    ':'   shift, and go to state 67
    '^'   shift, and go to state 68
    ')'   shift, and go to state 127


state 88

   77 ifStatement: IF cond stmts .
   78            | IF cond stmts . ELSE stmts

    ELSE  shift, and go to state 128

    $default  reduce using rule 77 (ifStatement)


state 89

   82 whileStatement: WHILE cond stmts .

    $default  reduce using rule 82 (whileStatement)


state 90

    8 expression: '(' expression ')' .

    $default  reduce using rule 8 (expression)


state 91

   13 expression: expression . ':' expression
   14           | expression . '+' expression
   15           | expression . '-' expression
   16           | expression . '*' expression
   17           | expression . '/' expression
   18           | expression . '^' expression
   19           | expression . LT expression
   20           | expression . LE expression
   21           | expression . EQ expression
   22           | expression . NE expression
   23           | expression . GE expression
   24           | expression . GT expression
   25           | expression . AND expression
   25           | expression AND expression .
   26           | expression . OR expression
   27           | expression . AND2 expression
   28           | expression . OR2 expression

    GT   shift, and go to state 57
    GE   shift, and go to state 58
    LT   shift, and go to state 59
    LE   shift, and go to state 60
    EQ   shift, and go to state 61
    NE   shift, and go to state 62
    '+'  shift, and go to state 63
    '-'  shift, and go to state 64
    '*'  shift, and go to state 65
    '/'  shift, and go to state 66
    ':'  shift, and go to state 67
    '^'  shift, and go to state 68

    $default  reduce using rule 25 (expression)


state 92

   13 expression: expression . ':' expression
   14           | expression . '+' expression
   15           | expression . '-' expression
   16           | expression . '*' expression
   17           | expression . '/' expression
   18           | expression . '^' expression
   19           | expression . LT expression
   20           | expression . LE expression
   21           | expression . EQ expression
   22           | expression . NE expression
   23           | expression . GE expression
   24           | expression . GT expression
   25           | expression . AND expression
   26           | expression . OR expression
   26           | expression OR expression .
   27           | expression . AND2 expression
   28           | expression . OR2 expression

    AND   shift, and go to state 53
    AND2  shift, and go to state 55
    GT    shift, and go to state 57
    GE    shift, and go to state 58
    LT    shift, and go to state 59
    LE    shift, and go to state 60
    EQ    shift, and go to state 61
    NE    shift, and go to state 62
    '+'   shift, and go to state 63
    '-'   shift, and go to state 64
    '*'   shift, and go to state 65
    '/'   shift, and go to state 66
    ':'   shift, and go to state 67
    '^'   shift, and go to state 68

    $default  reduce using rule 26 (expression)


state 93

   13 expression: expression . ':' expression
   14           | expression . '+' expression
   15           | expression . '-' expression
   16           | expression . '*' expression
   17           | expression . '/' expression
   18           | expression . '^' expression
   19           | expression . LT expression
   20           | expression . LE expression
   21           | expression . EQ expression
   22           | expression . NE expression
   23           | expression . GE expression
   24           | expression . GT expression
   25           | expression . AND expression
   26           | expression . OR expression
   27           | expression . AND2 expression
   27           | expression AND2 expression .
   28           | expression . OR2 expression

    GT   shift, and go to state 57
    GE   shift, and go to state 58
    LT   shift, and go to state 59
    LE   shift, and go to state 60
    EQ   shift, and go to state 61
    NE   shift, and go to state 62
    '+'  shift, and go to state 63
    '-'  shift, and go to state 64
    '*'  shift, and go to state 65
    '/'  shift, and go to state 66
    ':'  shift, and go to state 67
    '^'  shift, and go to state 68

    $default  reduce using rule 27 (expression)


state 94

   13 expression: expression . ':' expression
   14           | expression . '+' expression
   15           | expression . '-' expression
   16           | expression . '*' expression
   17           | expression . '/' expression
   18           | expression . '^' expression
   19           | expression . LT expression
   20           | expression . LE expression
   21           | expression . EQ expression
   22           | expression . NE expression
   23           | expression . GE expression
   24           | expression . GT expression
   25           | expression . AND expression
   26           | expression . OR expression
   27           | expression . AND2 expression
   28           | expression . OR2 expression
   28           | expression OR2 expression .

    AND   shift, and go to state 53
    AND2  shift, and go to state 55
    GT    shift, and go to state 57
    GE    shift, and go to state 58
    LT    shift, and go to state 59
    LE    shift, and go to state 60
    EQ    shift, and go to state 61
    NE    shift, and go to state 62
    '+'   shift, and go to state 63
    '-'   shift, and go to state 64
    '*'   shift, and go to state 65
    '/'   shift, and go to state 66
    ':'   shift, and go to state 67
    '^'   shift, and go to state 68

    $default  reduce using rule 28 (expression)


state 95

   13 expression: expression . ':' expression
   14           | expression . '+' expression
   15           | expression . '-' expression
   16           | expression . '*' expression
   17           | expression . '/' expression
   18           | expression . '^' expression
   19           | expression . LT expression
   20           | expression . LE expression
   21           | expression . EQ expression
   22           | expression . NE expression
   23           | expression . GE expression
   24           | expression . GT expression
   24           | expression GT expression .
   25           | expression . AND expression
   26           | expression . OR expression
   27           | expression . AND2 expression
   28           | expression . OR2 expression

    '+'  shift, and go to state 63
    '-'  shift, and go to state 64
    '*'  shift, and go to state 65
    '/'  shift, and go to state 66
    ':'  shift, and go to state 67
    '^'  shift, and go to state 68

    GT  error (nonassociative)
    GE  error (nonassociative)
    LT  error (nonassociative)
    LE  error (nonassociative)
    EQ  error (nonassociative)
    NE  error (nonassociative)

    $default  reduce using rule 24 (expression)


state 96

   13 expression: expression . ':' expression
   14           | expression . '+' expression
   15           | expression . '-' expression
   16           | expression . '*' expression
   17           | expression . '/' expression
   18           | expression . '^' expression
   19           | expression . LT expression
   20           | expression . LE expression
   21           | expression . EQ expression
   22           | expression . NE expression
   23           | expression . GE expression
   23           | expression GE expression .
   24           | expression . GT expression
   25           | expression . AND expression
   26           | expression . OR expression
   27           | expression . AND2 expression
   28           | expression . OR2 expression

    '+'  shift, and go to state 63
    '-'  shift, and go to state 64
    '*'  shift, and go to state 65
    '/'  shift, and go to state 66
    ':'  shift, and go to state 67
    '^'  shift, and go to state 68

    GT  error (nonassociative)
    GE  error (nonassociative)
    LT  error (nonassociative)
    LE  error (nonassociative)
    EQ  error (nonassociative)
    NE  error (nonassociative)

    $default  reduce using rule 23 (expression)


state 97

   13 expression: expression . ':' expression
   14           | expression . '+' expression
   15           | expression . '-' expression
   16           | expression . '*' expression
   17           | expression . '/' expression
   18           | expression . '^' expression
   19           | expression . LT expression
   19           | expression LT expression .
   20           | expression . LE expression
   21           | expression . EQ expression
   22           | expression . NE expression
   23           | expression . GE expression
   24           | expression . GT expression
   25           | expression . AND expression
   26           | expression . OR expression
   27           | expression . AND2 expression
   28           | expression . OR2 expression

    '+'  shift, and go to state 63
    '-'  shift, and go to state 64
    '*'  shift, and go to state 65
    '/'  shift, and go to state 66
    ':'  shift, and go to state 67
    '^'  shift, and go to state 68

    GT  error (nonassociative)
    GE  error (nonassociative)
    LT  error (nonassociative)
    LE  error (nonassociative)
    EQ  error (nonassociative)
    NE  error (nonassociative)

    $default  reduce using rule 19 (expression)


state 98

   13 expression: expression . ':' expression
   14           | expression . '+' expression
   15           | expression . '-' expression
   16           | expression . '*' expression
   17           | expression . '/' expression
   18           | expression . '^' expression
   19           | expression . LT expression
   20           | expression . LE expression
   20           | expression LE expression .
   21           | expression . EQ expression
   22           | expression . NE expression
   23           | expression . GE expression
   24           | expression . GT expression
   25           | expression . AND expression
   26           | expression . OR expression
   27           | expression . AND2 expression
   28           | expression . OR2 expression

    '+'  shift, and go to state 63
    '-'  shift, and go to state 64
    '*'  shift, and go to state 65
    '/'  shift, and go to state 66
    ':'  shift, and go to state 67
    '^'  shift, and go to state 68

    GT  error (nonassociative)
    GE  error (nonassociative)
    LT  error (nonassociative)
    LE  error (nonassociative)
    EQ  error (nonassociative)
    NE  error (nonassociative)

    $default  reduce using rule 20 (expression)


state 99

   13 expression: expression . ':' expression
   14           | expression . '+' expression
   15           | expression . '-' expression
   16           | expression . '*' expression
   17           | expression . '/' expression
   18           | expression . '^' expression
   19           | expression . LT expression
   20           | expression . LE expression
   21           | expression . EQ expression
   21           | expression EQ expression .
   22           | expression . NE expression
   23           | expression . GE expression
   24           | expression . GT expression
   25           | expression . AND expression
   26           | expression . OR expression
   27           | expression . AND2 expression
   28           | expression . OR2 expression

    '+'  shift, and go to state 63
    '-'  shift, and go to state 64
    '*'  shift, and go to state 65
    '/'  shift, and go to state 66
    ':'  shift, and go to state 67
    '^'  shift, and go to state 68

    GT  error (nonassociative)
    GE  error (nonassociative)
    LT  error (nonassociative)
    LE  error (nonassociative)
    EQ  error (nonassociative)
    NE  error (nonassociative)

    $default  reduce using rule 21 (expression)


state 100

   13 expression: expression . ':' expression
   14           | expression . '+' expression
   15           | expression . '-' expression
   16           | expression . '*' expression
   17           | expression . '/' expression
   18           | expression . '^' expression
   19           | expression . LT expression
   20           | expression . LE expression
   21           | expression . EQ expression
   22           | expression . NE expression
   22           | expression NE expression .
   23           | expression . GE expression
   24           | expression . GT expression
   25           | expression . AND expression
   26           | expression . OR expression
   27           | expression . AND2 expression
   28           | expression . OR2 expression

    '+'  shift, and go to state 63
    '-'  shift, and go to state 64
    '*'  shift, and go to state 65
    '/'  shift, and go to state 66
    ':'  shift, and go to state 67
    '^'  shift, and go to state 68

    GT  error (nonassociative)
    GE  error (nonassociative)
    LT  error (nonassociative)
    LE  error (nonassociative)
    EQ  error (nonassociative)
    NE  error (nonassociative)

    $default  reduce using rule 22 (expression)


state 101

   13 expression: expression . ':' expression
   14           | expression . '+' expression
   14           | expression '+' expression .
   15           | expression . '-' expression
   16           | expression . '*' expression
   17           | expression . '/' expression
   18           | expression . '^' expression
   19           | expression . LT expression
   20           | expression . LE expression
   21           | expression . EQ expression
   22           | expression . NE expression
   23           | expression . GE expression
   24           | expression . GT expression
   25           | expression . AND expression
   26           | expression . OR expression
   27           | expression . AND2 expression
   28           | expression . OR2 expression

    '*'  shift, and go to state 65
    '/'  shift, and go to state 66
    ':'  shift, and go to state 67
    '^'  shift, and go to state 68

    $default  reduce using rule 14 (expression)


state 102

   13 expression: expression . ':' expression
   14           | expression . '+' expression
   15           | expression . '-' expression
   15           | expression '-' expression .
   16           | expression . '*' expression
   17           | expression . '/' expression
   18           | expression . '^' expression
   19           | expression . LT expression
   20           | expression . LE expression
   21           | expression . EQ expression
   22           | expression . NE expression
   23           | expression . GE expression
   24           | expression . GT expression
   25           | expression . AND expression
   26           | expression . OR expression
   27           | expression . AND2 expression
   28           | expression . OR2 expression

    '*'  shift, and go to state 65
    '/'  shift, and go to state 66
    ':'  shift, and go to state 67
    '^'  shift, and go to state 68

    $default  reduce using rule 15 (expression)


state 103

   13 expression: expression . ':' expression
   14           | expression . '+' expression
   15           | expression . '-' expression
   16           | expression . '*' expression
   16           | expression '*' expression .
   17           | expression . '/' expression
   18           | expression . '^' expression
   19           | expression . LT expression
   20           | expression . LE expression
   21           | expression . EQ expression
   22           | expression . NE expression
   23           | expression . GE expression
   24           | expression . GT expression
   25           | expression . AND expression
   26           | expression . OR expression
   27           | expression . AND2 expression
   28           | expression . OR2 expression

    ':'  shift, and go to state 67
    '^'  shift, and go to state 68

    $default  reduce using rule 16 (expression)


state 104

   13 expression: expression . ':' expression
   14           | expression . '+' expression
   15           | expression . '-' expression
   16           | expression . '*' expression
   17           | expression . '/' expression
   17           | expression '/' expression .
   18           | expression . '^' expression
   19           | expression . LT expression
   20           | expression . LE expression
   21           | expression . EQ expression
   22           | expression . NE expression
   23           | expression . GE expression
   24           | expression . GT expression
   25           | expression . AND expression
   26           | expression . OR expression
   27           | expression . AND2 expression
   28           | expression . OR2 expression

    ':'  shift, and go to state 67
    '^'  shift, and go to state 68

    $default  reduce using rule 17 (expression)


state 105

   13 expression: expression . ':' expression
   13           | expression ':' expression .
   14           | expression . '+' expression
   15           | expression . '-' expression
   16           | expression . '*' expression
   17           | expression . '/' expression
   18           | expression . '^' expression
   19           | expression . LT expression
   20           | expression . LE expression
   21           | expression . EQ expression
   22           | expression . NE expression
   23           | expression . GE expression
   24           | expression . GT expression
   25           | expression . AND expression
   26           | expression . OR expression
   27           | expression . AND2 expression
   28           | expression . OR2 expression

    '^'  shift, and go to state 68

    $default  reduce using rule 13 (expression)


state 106

   13 expression: expression . ':' expression
   14           | expression . '+' expression
   15           | expression . '-' expression
   16           | expression . '*' expression
   17           | expression . '/' expression
   18           | expression . '^' expression
   18           | expression '^' expression .
   19           | expression . LT expression
   20           | expression . LE expression
   21           | expression . EQ expression
   22           | expression . NE expression
   23           | expression . GE expression
   24           | expression . GT expression
   25           | expression . AND expression
   26           | expression . OR expression
   27           | expression . AND2 expression
   28           | expression . OR2 expression

    '^'  shift, and go to state 68

    $default  reduce using rule 18 (expression)


state 107

   37 tildeAssign: variable TILDE_ASSIGN functionCall .

    $default  reduce using rule 37 (tildeAssign)


state 108

   48 functionCall: identifier . '(' argumentList ')'

    '('  shift, and go to state 77


state 109

   13 expression: expression . ':' expression
   14           | expression . '+' expression
   15           | expression . '-' expression
   16           | expression . '*' expression
   17           | expression . '/' expression
   18           | expression . '^' expression
   19           | expression . LT expression
   20           | expression . LE expression
   21           | expression . EQ expression
   22           | expression . NE expression
   23           | expression . GE expression
   24           | expression . GT expression
   25           | expression . AND expression
   26           | expression . OR expression
   27           | expression . AND2 expression
   28           | expression . OR2 expression
   38 equalAssign: variable EQUAL_ASSIGN expression .

    AND   shift, and go to state 53
    OR    shift, and go to state 54
    AND2  shift, and go to state 55
    OR2   shift, and go to state 56
    GT    shift, and go to state 57
    GE    shift, and go to state 58
    LT    shift, and go to state 59
    LE    shift, and go to state 60
    EQ    shift, and go to state 61
    NE    shift, and go to state 62
    '+'   shift, and go to state 63
    '-'   shift, and go to state 64
    '*'   shift, and go to state 65
    '/'   shift, and go to state 66
    ':'   shift, and go to state 67
    '^'   shift, and go to state 68

    $default  reduce using rule 38 (equalAssign)


state 110

   13 expression: expression . ':' expression
   14           | expression . '+' expression
   15           | expression . '-' expression
   16           | expression . '*' expression
   17           | expression . '/' expression
   18           | expression . '^' expression
   19           | expression . LT expression
   20           | expression . LE expression
   21           | expression . EQ expression
   22           | expression . NE expression
   23           | expression . GE expression
   24           | expression . GT expression
   25           | expression . AND expression
   26           | expression . OR expression
   27           | expression . AND2 expression
   28           | expression . OR2 expression
   35 arrowAssign: variable ARROW_ASSIGN expression .

    AND   shift, and go to state 53
    OR    shift, and go to state 54
    AND2  shift, and go to state 55
    OR2   shift, and go to state 56
    GT    shift, and go to state 57
    GE    shift, and go to state 58
    LT    shift, and go to state 59
    LE    shift, and go to state 60
    EQ    shift, and go to state 61
    NE    shift, and go to state 62
    '+'   shift, and go to state 63
    '-'   shift, and go to state 64
    '*'   shift, and go to state 65
    '/'   shift, and go to state 66
    ':'   shift, and go to state 67
    '^'   shift, and go to state 68

    $default  reduce using rule 35 (arrowAssign)


state 111

   13 expression: expression . ':' expression
   14           | expression . '+' expression
   15           | expression . '-' expression
   16           | expression . '*' expression
   17           | expression . '/' expression
   18           | expression . '^' expression
   19           | expression . LT expression
   20           | expression . LE expression
   21           | expression . EQ expression
   22           | expression . NE expression
   23           | expression . GE expression
   24           | expression . GT expression
   25           | expression . AND expression
   26           | expression . OR expression
   27           | expression . AND2 expression
   28           | expression . OR2 expression
   36 arrowAssign: functionCall ARROW_ASSIGN expression .

    AND   shift, and go to state 53
    OR    shift, and go to state 54
    AND2  shift, and go to state 55
    OR2   shift, and go to state 56
    GT    shift, and go to state 57
    GE    shift, and go to state 58
    LT    shift, and go to state 59
    LE    shift, and go to state 60
    EQ    shift, and go to state 61
    NE    shift, and go to state 62
    '+'   shift, and go to state 63
    '-'   shift, and go to state 64
    '*'   shift, and go to state 65
    '/'   shift, and go to state 66
    ':'   shift, and go to state 67
    '^'   shift, and go to state 68

    $default  reduce using rule 36 (arrowAssign)


state 112

   40 optAttribute: '$' identifier .

    $default  reduce using rule 40 (optAttribute)


state 113

   13 expression: expression . ':' expression
   14           | expression . '+' expression
   15           | expression . '-' expression
   16           | expression . '*' expression
   17           | expression . '/' expression
   18           | expression . '^' expression
   19           | expression . LT expression
   20           | expression . LE expression
   21           | expression . EQ expression
   22           | expression . NE expression
   23           | expression . GE expression
   24           | expression . GT expression
   25           | expression . AND expression
   26           | expression . OR expression
   27           | expression . AND2 expression
   28           | expression . OR2 expression
   53 argument: expression .

    AND   shift, and go to state 53
    OR    shift, and go to state 54
    AND2  shift, and go to state 55
    OR2   shift, and go to state 56
    GT    shift, and go to state 57
    GE    shift, and go to state 58
    LT    shift, and go to state 59
    LE    shift, and go to state 60
    EQ    shift, and go to state 61
    NE    shift, and go to state 62
    '+'   shift, and go to state 63
    '-'   shift, and go to state 64
    '*'   shift, and go to state 65
    '/'   shift, and go to state 66
    ':'   shift, and go to state 67
    '^'   shift, and go to state 68

    $default  reduce using rule 53 (argument)


state 114

   48 functionCall: identifier '(' argumentList . ')'

    ')'  shift, and go to state 129


state 115

   49 argumentList: argument . optArguments

    ','  shift, and go to state 130

    $default  reduce using rule 52 (optArguments)

    optArguments  go to state 131


state 116

   39 variable: identifier . optAttribute optElement
   48 functionCall: identifier . '(' argumentList ')'
   54 argument: identifier . EQUAL expression

    EQUAL  shift, and go to state 132
    '$'    shift, and go to state 76
    '('    shift, and go to state 77

    $default  reduce using rule 41 (optAttribute)

    optAttribute  go to state 78


state 117

   42 optElement: '[' . subList ']'

    REAL      shift, and go to state 2
    INT       shift, and go to state 3
    NAME      shift, and go to state 4
    STRING    shift, and go to state 5
    NULL      shift, and go to state 6
    FALSE     shift, and go to state 7
    TRUE      shift, and go to state 8
    FUNCTION  shift, and go to state 10
    '?'       shift, and go to state 17
    '+'       shift, and go to state 18
    '-'       shift, and go to state 19
    '('       shift, and go to state 20
    '!'       shift, and go to state 22

    $default  reduce using rule 46 (sub)

    expression    go to state 133
    arrowAssign   go to state 26
    tildeAssign   go to state 27
    equalAssign   go to state 28
    variable      go to state 29
    subList       go to state 134
    sub           go to state 135
    functionCall  go to state 30
    functionDef   go to state 31
    identifier    go to state 38
    constant      go to state 39


state 118

   39 variable: identifier optAttribute optElement .

    $default  reduce using rule 39 (variable)


state 119

   55 functionDef: FUNCTION '(' formalList ')' . stmts

    REAL      shift, and go to state 2
    INT       shift, and go to state 3
    NAME      shift, and go to state 4
    STRING    shift, and go to state 5
    NULL      shift, and go to state 6
    FALSE     shift, and go to state 7
    TRUE      shift, and go to state 8
    FUNCTION  shift, and go to state 10
    FOR       shift, and go to state 11
    IF        shift, and go to state 12
    WHILE     shift, and go to state 13
    NEXT      shift, and go to state 14
    BREAK     shift, and go to state 15
    '?'       shift, and go to state 17
    '+'       shift, and go to state 18
    '-'       shift, and go to state 19
    '('       shift, and go to state 20
    '!'       shift, and go to state 22
    '{'       shift, and go to state 83
    ';'       shift, and go to state 23

    expression      go to state 84
    arrowAssign     go to state 26
    tildeAssign     go to state 27
    equalAssign     go to state 28
    variable        go to state 29
    functionCall    go to state 30
    functionDef     go to state 31
    stmts           go to state 136
    statement       go to state 86
    ifStatement     go to state 33
    forStatement    go to state 34
    whileStatement  go to state 35
    nextStatement   go to state 36
    breakStatement  go to state 37
    identifier      go to state 38
    constant        go to state 39


state 120

   58 optFormals: ',' . formal optFormals

    NAME  shift, and go to state 4

    formal      go to state 137
    identifier  go to state 81


state 121

   56 formalList: formal optFormals .

    $default  reduce using rule 56 (formalList)


state 122

   61 formal: identifier EQUAL . expression

    REAL      shift, and go to state 2
    INT       shift, and go to state 3
    NAME      shift, and go to state 4
    STRING    shift, and go to state 5
    NULL      shift, and go to state 6
    FALSE     shift, and go to state 7
    TRUE      shift, and go to state 8
    FUNCTION  shift, and go to state 10
    '?'       shift, and go to state 17
    '+'       shift, and go to state 18
    '-'       shift, and go to state 19
    '('       shift, and go to state 20
    '!'       shift, and go to state 22

    expression    go to state 138
    arrowAssign   go to state 26
    tildeAssign   go to state 27
    equalAssign   go to state 28
    variable      go to state 29
    functionCall  go to state 30
    functionDef   go to state 31
    identifier    go to state 38
    constant      go to state 39


state 123

   81 forCond: '(' identifier IN . expression ')'

    REAL      shift, and go to state 2
    INT       shift, and go to state 3
    NAME      shift, and go to state 4
    STRING    shift, and go to state 5
    NULL      shift, and go to state 6
    FALSE     shift, and go to state 7
    TRUE      shift, and go to state 8
    FUNCTION  shift, and go to state 10
    '?'       shift, and go to state 17
    '+'       shift, and go to state 18
    '-'       shift, and go to state 19
    '('       shift, and go to state 20
    '!'       shift, and go to state 22

    expression    go to state 139
    arrowAssign   go to state 26
    tildeAssign   go to state 27
    equalAssign   go to state 28
    variable      go to state 29
    functionCall  go to state 30
    functionDef   go to state 31
    identifier    go to state 38
    constant      go to state 39


state 124

   62 stmts: '{' stmtList . '}'

    '}'  shift, and go to state 140


state 125

   64 stmtList: statement . optStatements

    '\n'  shift, and go to state 141
    ';'   shift, and go to state 142

    $default  reduce using rule 68 (optStatements)

    optStatements  go to state 143


state 126

   74 statement: expression '\n' .

    $default  reduce using rule 74 (statement)


state 127

   79 cond: '(' expression ')' .

    $default  reduce using rule 79 (cond)


state 128

   78 ifStatement: IF cond stmts ELSE . stmts

    REAL      shift, and go to state 2
    INT       shift, and go to state 3
    NAME      shift, and go to state 4
    STRING    shift, and go to state 5
    NULL      shift, and go to state 6
    FALSE     shift, and go to state 7
    TRUE      shift, and go to state 8
    FUNCTION  shift, and go to state 10
    FOR       shift, and go to state 11
    IF        shift, and go to state 12
    WHILE     shift, and go to state 13
    NEXT      shift, and go to state 14
    BREAK     shift, and go to state 15
    '?'       shift, and go to state 17
    '+'       shift, and go to state 18
    '-'       shift, and go to state 19
    '('       shift, and go to state 20
    '!'       shift, and go to state 22
    '{'       shift, and go to state 83
    ';'       shift, and go to state 23

    expression      go to state 84
    arrowAssign     go to state 26
    tildeAssign     go to state 27
    equalAssign     go to state 28
    variable        go to state 29
    functionCall    go to state 30
    functionDef     go to state 31
    stmts           go to state 144
    statement       go to state 86
    ifStatement     go to state 33
    forStatement    go to state 34
    whileStatement  go to state 35
    nextStatement   go to state 36
    breakStatement  go to state 37
    identifier      go to state 38
    constant        go to state 39


state 129

   48 functionCall: identifier '(' argumentList ')' .

    $default  reduce using rule 48 (functionCall)


state 130

   51 optArguments: ',' . argument optArguments

    REAL      shift, and go to state 2
    INT       shift, and go to state 3
    NAME      shift, and go to state 4
    STRING    shift, and go to state 5
    NULL      shift, and go to state 6
    FALSE     shift, and go to state 7
    TRUE      shift, and go to state 8
    FUNCTION  shift, and go to state 10
    '?'       shift, and go to state 17
    '+'       shift, and go to state 18
    '-'       shift, and go to state 19
    '('       shift, and go to state 20
    '!'       shift, and go to state 22

    expression    go to state 113
    arrowAssign   go to state 26
    tildeAssign   go to state 27
    equalAssign   go to state 28
    variable      go to state 29
    functionCall  go to state 30
    argument      go to state 145
    functionDef   go to state 31
    identifier    go to state 116
    constant      go to state 39


state 131

   49 argumentList: argument optArguments .

    $default  reduce using rule 49 (argumentList)


state 132

   54 argument: identifier EQUAL . expression

    REAL      shift, and go to state 2
    INT       shift, and go to state 3
    NAME      shift, and go to state 4
    STRING    shift, and go to state 5
    NULL      shift, and go to state 6
    FALSE     shift, and go to state 7
    TRUE      shift, and go to state 8
    FUNCTION  shift, and go to state 10
    '?'       shift, and go to state 17
    '+'       shift, and go to state 18
    '-'       shift, and go to state 19
    '('       shift, and go to state 20
    '!'       shift, and go to state 22

    expression    go to state 146
    arrowAssign   go to state 26
    tildeAssign   go to state 27
    equalAssign   go to state 28
    variable      go to state 29
    functionCall  go to state 30
    functionDef   go to state 31
    identifier    go to state 38
    constant      go to state 39


state 133

   13 expression: expression . ':' expression
   14           | expression . '+' expression
   15           | expression . '-' expression
   16           | expression . '*' expression
   17           | expression . '/' expression
   18           | expression . '^' expression
   19           | expression . LT expression
   20           | expression . LE expression
   21           | expression . EQ expression
   22           | expression . NE expression
   23           | expression . GE expression
   24           | expression . GT expression
   25           | expression . AND expression
   26           | expression . OR expression
   27           | expression . AND2 expression
   28           | expression . OR2 expression
   47 sub: expression .

    AND   shift, and go to state 53
    OR    shift, and go to state 54
    AND2  shift, and go to state 55
    OR2   shift, and go to state 56
    GT    shift, and go to state 57
    GE    shift, and go to state 58
    LT    shift, and go to state 59
    LE    shift, and go to state 60
    EQ    shift, and go to state 61
    NE    shift, and go to state 62
    '+'   shift, and go to state 63
    '-'   shift, and go to state 64
    '*'   shift, and go to state 65
    '/'   shift, and go to state 66
    ':'   shift, and go to state 67
    '^'   shift, and go to state 68

    $default  reduce using rule 47 (sub)


state 134

   42 optElement: '[' subList . ']'
   45 subList: subList . ',' sub

    ']'  shift, and go to state 147
    ','  shift, and go to state 148


state 135

   44 subList: sub .

    $default  reduce using rule 44 (subList)


state 136

   55 functionDef: FUNCTION '(' formalList ')' stmts .

    $default  reduce using rule 55 (functionDef)


state 137

   58 optFormals: ',' formal . optFormals

    ','  shift, and go to state 120

    $default  reduce using rule 59 (optFormals)

    optFormals  go to state 149


state 138

   13 expression: expression . ':' expression
   14           | expression . '+' expression
   15           | expression . '-' expression
   16           | expression . '*' expression
   17           | expression . '/' expression
   18           | expression . '^' expression
   19           | expression . LT expression
   20           | expression . LE expression
   21           | expression . EQ expression
   22           | expression . NE expression
   23           | expression . GE expression
   24           | expression . GT expression
   25           | expression . AND expression
   26           | expression . OR expression
   27           | expression . AND2 expression
   28           | expression . OR2 expression
   61 formal: identifier EQUAL expression .

    AND   shift, and go to state 53
    OR    shift, and go to state 54
    AND2  shift, and go to state 55
    OR2   shift, and go to state 56
    GT    shift, and go to state 57
    GE    shift, and go to state 58
    LT    shift, and go to state 59
    LE    shift, and go to state 60
    EQ    shift, and go to state 61
    NE    shift, and go to state 62
    '+'   shift, and go to state 63
    '-'   shift, and go to state 64
    '*'   shift, and go to state 65
    '/'   shift, and go to state 66
    ':'   shift, and go to state 67
    '^'   shift, and go to state 68

    $default  reduce using rule 61 (formal)


state 139

   13 expression: expression . ':' expression
   14           | expression . '+' expression
   15           | expression . '-' expression
   16           | expression . '*' expression
   17           | expression . '/' expression
   18           | expression . '^' expression
   19           | expression . LT expression
   20           | expression . LE expression
   21           | expression . EQ expression
   22           | expression . NE expression
   23           | expression . GE expression
   24           | expression . GT expression
   25           | expression . AND expression
   26           | expression . OR expression
   27           | expression . AND2 expression
   28           | expression . OR2 expression
   81 forCond: '(' identifier IN expression . ')'

    AND   shift, and go to state 53
    OR    shift, and go to state 54
    AND2  shift, and go to state 55
    OR2   shift, and go to state 56
    GT    shift, and go to state 57
    GE    shift, and go to state 58
    LT    shift, and go to state 59
    LE    shift, and go to state 60
    EQ    shift, and go to state 61
    NE    shift, and go to state 62
    '+'   shift, and go to state 63
    '-'   shift, and go to state 64
    '*'   shift, and go to state 65
    '/'   shift, and go to state 66
    ':'   shift, and go to state 67
    '^'   shift, and go to state 68
    ')'   shift, and go to state 150


state 140

   62 stmts: '{' stmtList '}' .

    $default  reduce using rule 62 (stmts)


state 141

   67 optStatements: '\n' . statement optStatements

    REAL      shift, and go to state 2
    INT       shift, and go to state 3
    NAME      shift, and go to state 4
    STRING    shift, and go to state 5
    NULL      shift, and go to state 6
    FALSE     shift, and go to state 7
    TRUE      shift, and go to state 8
    FUNCTION  shift, and go to state 10
    FOR       shift, and go to state 11
    IF        shift, and go to state 12
    WHILE     shift, and go to state 13
    NEXT      shift, and go to state 14
    BREAK     shift, and go to state 15
    '?'       shift, and go to state 17
    '+'       shift, and go to state 18
    '-'       shift, and go to state 19
    '('       shift, and go to state 20
    '!'       shift, and go to state 22
    ';'       shift, and go to state 23

    expression      go to state 84
    arrowAssign     go to state 26
    tildeAssign     go to state 27
    equalAssign     go to state 28
    variable        go to state 29
    functionCall    go to state 30
    functionDef     go to state 31
    statement       go to state 151
    ifStatement     go to state 33
    forStatement    go to state 34
    whileStatement  go to state 35
    nextStatement   go to state 36
    breakStatement  go to state 37
    identifier      go to state 38
    constant        go to state 39


state 142

   66 optStatements: ';' . statement optStatements

    REAL      shift, and go to state 2
    INT       shift, and go to state 3
    NAME      shift, and go to state 4
    STRING    shift, and go to state 5
    NULL      shift, and go to state 6
    FALSE     shift, and go to state 7
    TRUE      shift, and go to state 8
    FUNCTION  shift, and go to state 10
    FOR       shift, and go to state 11
    IF        shift, and go to state 12
    WHILE     shift, and go to state 13
    NEXT      shift, and go to state 14
    BREAK     shift, and go to state 15
    '?'       shift, and go to state 17
    '+'       shift, and go to state 18
    '-'       shift, and go to state 19
    '('       shift, and go to state 20
    '!'       shift, and go to state 22
    ';'       shift, and go to state 23

    expression      go to state 84
    arrowAssign     go to state 26
    tildeAssign     go to state 27
    equalAssign     go to state 28
    variable        go to state 29
    functionCall    go to state 30
    functionDef     go to state 31
    statement       go to state 152
    ifStatement     go to state 33
    forStatement    go to state 34
    whileStatement  go to state 35
    nextStatement   go to state 36
    breakStatement  go to state 37
    identifier      go to state 38
    constant        go to state 39


state 143

   64 stmtList: statement optStatements .

    $default  reduce using rule 64 (stmtList)


state 144

   78 ifStatement: IF cond stmts ELSE stmts .

    $default  reduce using rule 78 (ifStatement)


state 145

   51 optArguments: ',' argument . optArguments

    ','  shift, and go to state 130

    $default  reduce using rule 52 (optArguments)

    optArguments  go to state 153


state 146

   13 expression: expression . ':' expression
   14           | expression . '+' expression
   15           | expression . '-' expression
   16           | expression . '*' expression
   17           | expression . '/' expression
   18           | expression . '^' expression
   19           | expression . LT expression
   20           | expression . LE expression
   21           | expression . EQ expression
   22           | expression . NE expression
   23           | expression . GE expression
   24           | expression . GT expression
   25           | expression . AND expression
   26           | expression . OR expression
   27           | expression . AND2 expression
   28           | expression . OR2 expression
   54 argument: identifier EQUAL expression .

    AND   shift, and go to state 53
    OR    shift, and go to state 54
    AND2  shift, and go to state 55
    OR2   shift, and go to state 56
    GT    shift, and go to state 57
    GE    shift, and go to state 58
    LT    shift, and go to state 59
    LE    shift, and go to state 60
    EQ    shift, and go to state 61
    NE    shift, and go to state 62
    '+'   shift, and go to state 63
    '-'   shift, and go to state 64
    '*'   shift, and go to state 65
    '/'   shift, and go to state 66
    ':'   shift, and go to state 67
    '^'   shift, and go to state 68

    $default  reduce using rule 54 (argument)


state 147

   42 optElement: '[' subList ']' .

    $default  reduce using rule 42 (optElement)


state 148

   45 subList: subList ',' . sub

    REAL      shift, and go to state 2
    INT       shift, and go to state 3
    NAME      shift, and go to state 4
    STRING    shift, and go to state 5
    NULL      shift, and go to state 6
    FALSE     shift, and go to state 7
    TRUE      shift, and go to state 8
    FUNCTION  shift, and go to state 10
    '?'       shift, and go to state 17
    '+'       shift, and go to state 18
    '-'       shift, and go to state 19
    '('       shift, and go to state 20
    '!'       shift, and go to state 22

    $default  reduce using rule 46 (sub)

    expression    go to state 133
    arrowAssign   go to state 26
    tildeAssign   go to state 27
    equalAssign   go to state 28
    variable      go to state 29
    sub           go to state 154
    functionCall  go to state 30
    functionDef   go to state 31
    identifier    go to state 38
    constant      go to state 39


state 149

   58 optFormals: ',' formal optFormals .

    $default  reduce using rule 58 (optFormals)


state 150

   81 forCond: '(' identifier IN expression ')' .

    $default  reduce using rule 81 (forCond)


state 151

   67 optStatements: '\n' statement . optStatements

    '\n'  shift, and go to state 141
    ';'   shift, and go to state 142

    $default  reduce using rule 68 (optStatements)

    optStatements  go to state 155


state 152

   66 optStatements: ';' statement . optStatements

    '\n'  shift, and go to state 141
    ';'   shift, and go to state 142

    $default  reduce using rule 68 (optStatements)

    optStatements  go to state 156


state 153

   51 optArguments: ',' argument optArguments .

    $default  reduce using rule 51 (optArguments)


state 154

   45 subList: subList ',' sub .

    $default  reduce using rule 45 (subList)


state 155

   67 optStatements: '\n' statement optStatements .

    $default  reduce using rule 67 (optStatements)


state 156

   66 optStatements: ';' statement optStatements .

    $default  reduce using rule 66 (optStatements)
