state	power	likelihood
300	1	-9580.51
400	1	-9575.62
500	1	-9573.33
600	1	-9572.72
700	1	-9576.79
800	1	-9582.21
900	1	-9576.94
1000	1	-9579.57
300	0.934875	-9581.12
400	0.934875	-9584.67
500	0.934875	-9583.58
600	0.934875	-9572.58
700	0.934875	-9582.25
800	0.934875	-9578.57
900	0.934875	-9582.46
1000	0.934875	-9577.38
300	0.872779	-9581.14
400	0.872779	-9582.64
500	0.872779	-9576.96
600	0.872779	-9569.95
700	0.872779	-9582.04
800	0.872779	-9579.28
900	0.872779	-9579.68
1000	0.872779	-9588.6
300	0.813628	-9586.67
400	0.813628	-9577.56
500	0.813628	-9591.44
600	0.813628	-9574.65
700	0.813628	-9583.26
800	0.813628	-9583.8
900	0.813628	-9591.45
1000	0.813628	-9575.9
300	0.757343	-9585.58
400	0.757343	-9590.07
500	0.757343	-9596.83
600	0.757343	-9587.48
700	0.757343	-9578.53
800	0.757343	-9596.04
900	0.757343	-9584.82
1000	0.757343	-9581.85
300	0.703842	-9594.08
400	0.703842	-9592.29
500	0.703842	-9586.08
600	0.703842	-9589.06
700	0.703842	-9588.42
800	0.703842	-9583.4
900	0.703842	-9577.46
1000	0.703842	-9586.71
300	0.653044	-9589.12
400	0.653044	-9593.72
500	0.653044	-9588.99
600	0.653044	-9601.68
700	0.653044	-9605.85
800	0.653044	-9583.89
900	0.653044	-9605.26
1000	0.653044	-9596.15
300	0.604869	-9611.53
400	0.604869	-9609.92
500	0.604869	-9608.76
600	0.604869	-9604.23
700	0.604869	-9595.28
800	0.604869	-9583.3
900	0.604869	-9589.13
1000	0.604869	-9596.59
300	0.559239	-9606.51
400	0.559239	-9598.72
500	0.559239	-9595.84
600	0.559239	-9605.42
700	0.559239	-9585.68
800	0.559239	-9590.67
900	0.559239	-9590.33
1000	0.559239	-9598.69
300	0.516075	-9591.86
400	0.516075	-9626.86
500	0.516075	-9588.57
600	0.516075	-9590.33
700	0.516075	-9599.5
800	0.516075	-9620
900	0.516075	-9598.46
1000	0.516075	-9611.7
300	0.475299	-9598.05
400	0.475299	-9601.14
500	0.475299	-9591.99
600	0.475299	-9607.96
700	0.475299	-9628.57
800	0.475299	-9583.66
900	0.475299	-9598.89
1000	0.475299	-9609.37
300	0.436833	-9582.14
400	0.436833	-9603.24
500	0.436833	-9598.25
600	0.436833	-9622.8
700	0.436833	-9615.3
800	0.436833	-9597.12
900	0.436833	-9609.26
1000	0.436833	-9597.41
300	0.400601	-9605.22
400	0.400601	-9626.39
500	0.400601	-9613.01
600	0.400601	-9632.08
700	0.400601	-9630.14
800	0.400601	-9614.63
900	0.400601	-9605.07
1000	0.400601	-9606.47
300	0.366527	-9621.77
400	0.366527	-9603.33
500	0.366527	-9633.02
600	0.366527	-9627.09
700	0.366527	-9597.52
800	0.366527	-9611.38
900	0.366527	-9637.52
1000	0.366527	-9623.97
300	0.334535	-9633.27
400	0.334535	-9626.7
500	0.334535	-9639.33
600	0.334535	-9636.22
700	0.334535	-9643.45
800	0.334535	-9628.93
900	0.334535	-9632.69
1000	0.334535	-9629.61
300	0.304551	-9642.39
400	0.304551	-9694.05
500	0.304551	-9630.13
600	0.304551	-9680.63
700	0.304551	-9659.26
800	0.304551	-9616.87
900	0.304551	-9633.37
1000	0.304551	-9646.15
300	0.276501	-9616.56
400	0.276501	-9638.02
500	0.276501	-9664.96
600	0.276501	-9705.7
700	0.276501	-9629.35
800	0.276501	-9648.82
900	0.276501	-9620.85
1000	0.276501	-9644.07
300	0.250311	-9669.96
400	0.250311	-9651.21
500	0.250311	-9674.14
600	0.250311	-9638.1
700	0.250311	-9639.18
800	0.250311	-9626.51
900	0.250311	-9662.91
1000	0.250311	-9634.38
300	0.225909	-9637.72
400	0.225909	-9658.2
500	0.225909	-9685.85
600	0.225909	-9672.86
700	0.225909	-9667.73
800	0.225909	-9671.71
900	0.225909	-9687.34
1000	0.225909	-9619.82
300	0.203223	-9714.35
400	0.203223	-9672.68
500	0.203223	-9705.19
600	0.203223	-9663.72
700	0.203223	-9695.06
800	0.203223	-9666.64
900	0.203223	-9641.04
1000	0.203223	-9693.32
300	0.182181	-9680.74
400	0.182181	-9695.87
500	0.182181	-9684.66
600	0.182181	-9640.26
700	0.182181	-9679.13
800	0.182181	-9665.74
900	0.182181	-9682.52
1000	0.182181	-9678.2
300	0.162715	-9697.06
400	0.162715	-9734.85
500	0.162715	-9681.57
600	0.162715	-9694.96
700	0.162715	-9715.38
800	0.162715	-9671.53
900	0.162715	-9711.54
1000	0.162715	-9751.46
300	0.144753	-9695.54
400	0.144753	-9769.12
500	0.144753	-9706.5
600	0.144753	-9672.36
700	0.144753	-9643.05
800	0.144753	-9690.5
900	0.144753	-9732.5
1000	0.144753	-9703.07
300	0.128227	-9675.77
400	0.128227	-9773.2
500	0.128227	-9720.66
600	0.128227	-9777.9
700	0.128227	-9763.51
800	0.128227	-9774.8
900	0.128227	-9771.57
1000	0.128227	-9706.27
300	0.113069	-9823.41
400	0.113069	-9768.54
500	0.113069	-9900.01
600	0.113069	-9795.63
700	0.113069	-9735.69
800	0.113069	-9828.86
900	0.113069	-9786.14
1000	0.113069	-9880.2
300	0.0992126	-9791.24
400	0.0992126	-9799.63
500	0.0992126	-9746.35
600	0.0992126	-9828.62
700	0.0992126	-9874.1
800	0.0992126	-9764.2
900	0.0992126	-9780.26
1000	0.0992126	-9845.87
300	0.0865906	-9853.02
400	0.0865906	-9813.09
500	0.0865906	-9834.35
600	0.0865906	-9871.37
700	0.0865906	-9852.85
800	0.0865906	-9921
900	0.0865906	-9767.57
1000	0.0865906	-9852.47
300	0.0751379	-9920.97
400	0.0751379	-9930.08
500	0.0751379	-9865.3
600	0.0751379	-9845.98
700	0.0751379	-9879.67
800	0.0751379	-9871.78
900	0.0751379	-9820.39
1000	0.0751379	-9930.55
300	0.0647902	-9951.87
400	0.0647902	-9975.61
500	0.0647902	-9795.41
600	0.0647902	-9923.11
700	0.0647902	-10017.1
800	0.0647902	-9971.57
900	0.0647902	-9870.84
1000	0.0647902	-9927.09
300	0.0554836	-10041.6
400	0.0554836	-9882.67
500	0.0554836	-9931
600	0.0554836	-10039.7
700	0.0554836	-9919.3
800	0.0554836	-10286.7
900	0.0554836	-10003.3
1000	0.0554836	-9992.88
300	0.0471556	-10196.7
400	0.0471556	-10121.5
500	0.0471556	-10082.5
600	0.0471556	-10161
700	0.0471556	-10045.5
800	0.0471556	-9971.73
900	0.0471556	-10050.6
1000	0.0471556	-10141.4
300	0.0397447	-10094
400	0.0397447	-10305.8
500	0.0397447	-10313.5
600	0.0397447	-9958.62
700	0.0397447	-10243.9
800	0.0397447	-10115.4
900	0.0397447	-10166.1
1000	0.0397447	-10080.4
300	0.0331901	-10403.8
400	0.0331901	-10273.9
500	0.0331901	-10144.6
600	0.0331901	-10439.5
700	0.0331901	-10162.3
800	0.0331901	-10162.9
900	0.0331901	-10130.6
1000	0.0331901	-10221.7
300	0.0274324	-10354.4
400	0.0274324	-10500.8
500	0.0274324	-10608.4
600	0.0274324	-10356.3
700	0.0274324	-10490.4
800	0.0274324	-10573.7
900	0.0274324	-10386
1000	0.0274324	-10294.3
300	0.022413	-10608.3
400	0.022413	-10807.1
500	0.022413	-10761
600	0.022413	-10904.8
700	0.022413	-10389.9
800	0.022413	-10918.8
900	0.022413	-10362
1000	0.022413	-10463.2
300	0.0180747	-10913.3
400	0.0180747	-11129.6
500	0.0180747	-10959.3
600	0.0180747	-10959.3
700	0.0180747	-11081.9
800	0.0180747	-10904.6
900	0.0180747	-11015.1
1000	0.0180747	-10957
300	0.0143613	-10681.7
400	0.0143613	-10680.4
500	0.0143613	-11204.7
600	0.0143613	-11249.3
700	0.0143613	-10835.4
800	0.0143613	-10995.6
900	0.0143613	-11163.7
1000	0.0143613	-10991.3
300	0.0112179	-11798.9
400	0.0112179	-10908.2
500	0.0112179	-11169.5
600	0.0112179	-11249.5
700	0.0112179	-12046.4
800	0.0112179	-11455.7
900	0.0112179	-10952.8
1000	0.0112179	-11417
300	0.00859087	-12371.6
400	0.00859087	-11009.4
500	0.00859087	-12036.3
600	0.00859087	-11597.6
700	0.00859087	-11591.6
800	0.00859087	-12067
900	0.00859087	-11988
1000	0.00859087	-11518.6
300	0.006428	-12332.5
400	0.006428	-12985.9
500	0.006428	-12083.5
600	0.006428	-13393.8
700	0.006428	-11825.8
800	0.006428	-12334.6
900	0.006428	-11592.8
1000	0.006428	-12291.8
300	0.00467843	-13087.9
400	0.00467843	-12538.9
500	0.00467843	-13332.2
600	0.00467843	-13318.1
700	0.00467843	-12189.6
800	0.00467843	-12466.4
900	0.00467843	-13010.3
1000	0.00467843	-12502.5
300	0.00329287	-13549.8
400	0.00329287	-14291.3
500	0.00329287	-13899.3
600	0.00329287	-14017.8
700	0.00329287	-12735.5
800	0.00329287	-12918.3
900	0.00329287	-14374.6
1000	0.00329287	-15121.3
300	0.00222365	-14621.1
400	0.00222365	-12777
500	0.00222365	-14410.3
600	0.00222365	-15003.1
700	0.00222365	-14224.5
800	0.00222365	-12971.4
900	0.00222365	-14029.8
1000	0.00222365	-14096.7
300	0.00142482	-14084.6
400	0.00142482	-14424.9
500	0.00142482	-14589.8
600	0.00142482	-15093.8
700	0.00142482	-14372
800	0.00142482	-15109.8
900	0.00142482	-13832.4
1000	0.00142482	-13612.8
300	0.000852323	-14070.7
400	0.000852323	-14452.1
500	0.000852323	-14388.5
600	0.000852323	-16257.3
700	0.000852323	-15850.9
800	0.000852323	-16056.3
900	0.000852323	-14264.4
1000	0.000852323	-17018.6
300	0.000464159	-15126.1
400	0.000464159	-14892.7
500	0.000464159	-15903.3
600	0.000464159	-13916.6
700	0.000464159	-14026
800	0.000464159	-15451
900	0.000464159	-14619.9
1000	0.000464159	-18167.5
300	0.000220614	-17937.6
400	0.000220614	-17186.3
500	0.000220614	-16133.7
600	0.000220614	-15176.6
700	0.000220614	-17790.6
800	0.000220614	-16078.3
900	0.000220614	-14832
1000	0.000220614	-13528.9
300	8.45612e-05	-13245.4
400	8.45612e-05	-14694.6
500	8.45612e-05	-14144.3
600	8.45612e-05	-13494.6
700	8.45612e-05	-15930.8
800	8.45612e-05	-14711.9
900	8.45612e-05	-14554.3
1000	8.45612e-05	-15253.2
300	2.18877e-05	-15031.1
400	2.18877e-05	-14703.4
500	2.18877e-05	-14523.7
600	2.18877e-05	-14005.2
700	2.18877e-05	-17419.6
800	2.18877e-05	-16254.2
900	2.18877e-05	-14672.7
1000	2.18877e-05	-13637.2
300	2.17153e-06	-17899.5
400	2.17153e-06	-15788.9
500	2.17153e-06	-17648.2
600	2.17153e-06	-15902
700	2.17153e-06	-14562.5
800	2.17153e-06	-14327.9
900	2.17153e-06	-15585.2
1000	2.17153e-06	-14189.4
300	1.16658e-302	-15159.8
400	1.16658e-302	-19488.1
500	1.16658e-302	-15554.4
600	1.16658e-302	-14709.7
700	1.16658e-302	-16550.2
800	1.16658e-302	-13713.3
900	1.16658e-302	-14080.3
1000	1.16658e-302	-17400.8
