state	power	likelihood
300	1	-9651.8
400	1	-9652.2
500	1	-9650.3
600	1	-9656.45
700	1	-9646.62
800	1	-9653.07
900	1	-9648.82
1000	1	-9650.57
300	0.934875	-9656.91
400	0.934875	-9652.65
500	0.934875	-9658.48
600	0.934875	-9656.27
700	0.934875	-9647.82
800	0.934875	-9653.46
900	0.934875	-9645
1000	0.934875	-9650.95
300	0.872779	-9654.47
400	0.872779	-9650.67
500	0.872779	-9662.92
600	0.872779	-9656.77
700	0.872779	-9652.98
800	0.872779	-9656.13
900	0.872779	-9656.76
1000	0.872779	-9660.16
300	0.813628	-9651.77
400	0.813628	-9656.13
500	0.813628	-9653.4
600	0.813628	-9655.41
700	0.813628	-9654.09
800	0.813628	-9652.53
900	0.813628	-9655.58
1000	0.813628	-9659.51
300	0.757343	-9656.28
400	0.757343	-9658.13
500	0.757343	-9647.67
600	0.757343	-9662.3
700	0.757343	-9665.38
800	0.757343	-9651.19
900	0.757343	-9653.35
1000	0.757343	-9658.23
300	0.703842	-9650.2
400	0.703842	-9657.94
500	0.703842	-9660.03
600	0.703842	-9658.16
700	0.703842	-9658.76
800	0.703842	-9664.37
900	0.703842	-9663.8
1000	0.703842	-9665.85
300	0.653044	-9654.09
400	0.653044	-9653.7
500	0.653044	-9654.67
600	0.653044	-9659.17
700	0.653044	-9655.88
800	0.653044	-9661.37
900	0.653044	-9666.13
1000	0.653044	-9662.34
300	0.604869	-9658.6
400	0.604869	-9657.74
500	0.604869	-9673.22
600	0.604869	-9659.11
700	0.604869	-9657.17
800	0.604869	-9667.41
900	0.604869	-9659.67
1000	0.604869	-9670.93
300	0.559239	-9659.09
400	0.559239	-9657.59
500	0.559239	-9659.66
600	0.559239	-9670.29
700	0.559239	-9661.69
800	0.559239	-9661.9
900	0.559239	-9664.44
1000	0.559239	-9671.6
300	0.516075	-9673.27
400	0.516075	-9667.14
500	0.516075	-9662.65
600	0.516075	-9668.54
700	0.516075	-9661.92
800	0.516075	-9670.81
900	0.516075	-9672.8
1000	0.516075	-9684.32
300	0.475299	-9672.99
400	0.475299	-9663.43
500	0.475299	-9665.78
600	0.475299	-9678.48
700	0.475299	-9674.76
800	0.475299	-9683.88
900	0.475299	-9669.43
1000	0.475299	-9672.13
300	0.436833	-9683.49
400	0.436833	-9671.72
500	0.436833	-9655.85
600	0.436833	-9663.74
700	0.436833	-9664.48
800	0.436833	-9681.15
900	0.436833	-9677.35
1000	0.436833	-9680.66
300	0.400601	-9672.77
400	0.400601	-9673.66
500	0.400601	-9668.9
600	0.400601	-9671.43
700	0.400601	-9680.58
800	0.400601	-9679.4
900	0.400601	-9677.21
1000	0.400601	-9671.48
300	0.366527	-9685.28
400	0.366527	-9721.51
500	0.366527	-9678.05
600	0.366527	-9671.64
700	0.366527	-9672.42
800	0.366527	-9679.27
900	0.366527	-9678.09
1000	0.366527	-9678.76
300	0.334535	-9711.83
400	0.334535	-9692.89
500	0.334535	-9683.79
600	0.334535	-9670.16
700	0.334535	-9682.11
800	0.334535	-9699.99
900	0.334535	-9688.2
1000	0.334535	-9702.19
300	0.304551	-9676.29
400	0.304551	-9686.42
500	0.304551	-9690.16
600	0.304551	-9698.74
700	0.304551	-9696.75
800	0.304551	-9690.23
900	0.304551	-9677.3
1000	0.304551	-9689.96
300	0.276501	-9709.14
400	0.276501	-9726.31
500	0.276501	-9687.3
600	0.276501	-9707.18
700	0.276501	-9688.03
800	0.276501	-9697.52
900	0.276501	-9684.49
1000	0.276501	-9704.61
300	0.250311	-9701.99
400	0.250311	-9717.59
500	0.250311	-9751.25
600	0.250311	-9726.34
700	0.250311	-9702.5
800	0.250311	-9707.91
900	0.250311	-9711.11
1000	0.250311	-9689.28
300	0.225909	-9712.07
400	0.225909	-9700.67
500	0.225909	-9689.48
600	0.225909	-9701.18
700	0.225909	-9693.82
800	0.225909	-9726.47
900	0.225909	-9709.45
1000	0.225909	-9703.91
300	0.203223	-9717.9
400	0.203223	-9724.01
500	0.203223	-9751.43
600	0.203223	-9704.93
700	0.203223	-9703.63
800	0.203223	-9737.58
900	0.203223	-9693
1000	0.203223	-9700.01
300	0.182181	-9737.89
400	0.182181	-9719.57
500	0.182181	-9775.75
600	0.182181	-9718.19
700	0.182181	-9736.7
800	0.182181	-9712.83
900	0.182181	-9734.83
1000	0.182181	-9768.04
300	0.162715	-9749.76
400	0.162715	-9718.12
500	0.162715	-9726.31
600	0.162715	-9734.92
700	0.162715	-9782.75
800	0.162715	-9718.61
900	0.162715	-9760.53
1000	0.162715	-9774.43
300	0.144753	-9708.5
400	0.144753	-9793.48
500	0.144753	-9713.94
600	0.144753	-9750.48
700	0.144753	-9794.28
800	0.144753	-9761.86
900	0.144753	-9767.41
1000	0.144753	-9760.85
300	0.128227	-9730.55
400	0.128227	-9804.01
500	0.128227	-9756.83
600	0.128227	-9793.18
700	0.128227	-9766.79
800	0.128227	-9741.98
900	0.128227	-9791.13
1000	0.128227	-9726.06
300	0.113069	-9860.35
400	0.113069	-9799.01
500	0.113069	-9766.96
600	0.113069	-9882.9
700	0.113069	-9829.63
800	0.113069	-9779.3
900	0.113069	-9759.01
1000	0.113069	-9837.79
300	0.0992126	-9823.68
400	0.0992126	-9777.88
500	0.0992126	-9777.44
600	0.0992126	-9930.77
700	0.0992126	-9824.43
800	0.0992126	-9761.52
900	0.0992126	-9849.79
1000	0.0992126	-9849.78
300	0.0865906	-9820.22
400	0.0865906	-9856.39
500	0.0865906	-9842.22
600	0.0865906	-9819.11
700	0.0865906	-9819.73
800	0.0865906	-9781.66
900	0.0865906	-9885.22
1000	0.0865906	-9813.66
300	0.0751379	-9871.73
400	0.0751379	-9827.35
500	0.0751379	-9894.05
600	0.0751379	-9865.28
700	0.0751379	-9892.35
800	0.0751379	-9951.73
900	0.0751379	-9919.71
1000	0.0751379	-9929.32
300	0.0647902	-9846.97
400	0.0647902	-9836.96
500	0.0647902	-9980.4
600	0.0647902	-9927.41
700	0.0647902	-9871.69
800	0.0647902	-9984.07
900	0.0647902	-9868.16
1000	0.0647902	-9953.27
300	0.0554836	-10036.4
400	0.0554836	-9868.21
500	0.0554836	-9963.26
600	0.0554836	-10029.1
700	0.0554836	-10050.4
800	0.0554836	-9926.9
900	0.0554836	-9995.55
1000	0.0554836	-9955.94
300	0.0471556	-10005.1
400	0.0471556	-9971.45
500	0.0471556	-10119.5
600	0.0471556	-10091.5
700	0.0471556	-10012.6
800	0.0471556	-10060.7
900	0.0471556	-10164.6
1000	0.0471556	-9933.56
300	0.0397447	-10142.9
400	0.0397447	-10172.9
500	0.0397447	-10320.7
600	0.0397447	-10247.8
700	0.0397447	-10061.9
800	0.0397447	-10074
900	0.0397447	-9903.26
1000	0.0397447	-10262.3
300	0.0331901	-10233.5
400	0.0331901	-10188
500	0.0331901	-10191.3
600	0.0331901	-10281.3
700	0.0331901	-10141
800	0.0331901	-10282.3
900	0.0331901	-10391.8
1000	0.0331901	-10158.3
300	0.0274324	-10194.2
400	0.0274324	-10218.2
500	0.0274324	-10543.3
600	0.0274324	-10319
700	0.0274324	-10597.6
800	0.0274324	-10696.2
900	0.0274324	-10144.3
1000	0.0274324	-10087.7
300	0.022413	-10570
400	0.022413	-10301.8
500	0.022413	-10739.2
600	0.022413	-10616.3
700	0.022413	-10486.9
800	0.022413	-10433.6
900	0.022413	-10364.1
1000	0.022413	-10198.9
300	0.0180747	-10616.7
400	0.0180747	-10781.1
500	0.0180747	-11065.3
600	0.0180747	-10473.4
700	0.0180747	-10683.7
800	0.0180747	-10749.9
900	0.0180747	-10262.3
1000	0.0180747	-10529.5
300	0.0143613	-10654.8
400	0.0143613	-10999.9
500	0.0143613	-10752.4
600	0.0143613	-10698.1
700	0.0143613	-10433.1
800	0.0143613	-10772.2
900	0.0143613	-10250.9
1000	0.0143613	-11068.6
300	0.0112179	-11099.1
400	0.0112179	-11398.7
500	0.0112179	-11630.2
600	0.0112179	-11354.3
700	0.0112179	-10834.1
800	0.0112179	-10926
900	0.0112179	-12155.5
1000	0.0112179	-11303.2
300	0.00859087	-11954.7
400	0.00859087	-11518.2
500	0.00859087	-10822.5
600	0.00859087	-11367.9
700	0.00859087	-11265.9
800	0.00859087	-11380.7
900	0.00859087	-11416.4
1000	0.00859087	-11280.5
300	0.006428	-12161.9
400	0.006428	-12653
500	0.006428	-12029.1
600	0.006428	-12017.8
700	0.006428	-11121.3
800	0.006428	-11373.2
900	0.006428	-12620.5
1000	0.006428	-11676
300	0.00467843	-12497.8
400	0.00467843	-12723.7
500	0.00467843	-12127.2
600	0.00467843	-12417.6
700	0.00467843	-12488.2
800	0.00467843	-12855.9
900	0.00467843	-13345.1
1000	0.00467843	-12644.7
300	0.00329287	-12443.5
400	0.00329287	-12408
500	0.00329287	-13188.9
600	0.00329287	-13579.2
700	0.00329287	-13666.3
800	0.00329287	-12503.8
900	0.00329287	-13691.2
1000	0.00329287	-13133.2
300	0.00222365	-14786
400	0.00222365	-12933.8
500	0.00222365	-13143
600	0.00222365	-14050.7
700	0.00222365	-15252.1
800	0.00222365	-13432.3
900	0.00222365	-13279.9
1000	0.00222365	-13334.5
300	0.00142482	-12652.3
400	0.00142482	-14079.4
500	0.00142482	-11684.8
600	0.00142482	-11871.9
700	0.00142482	-12702.2
800	0.00142482	-13013.3
900	0.00142482	-12374.9
1000	0.00142482	-13478.1
300	0.000852323	-14625.9
400	0.000852323	-13780.8
500	0.000852323	-14797.7
600	0.000852323	-13003.7
700	0.000852323	-13856.2
800	0.000852323	-15736
900	0.000852323	-14450.5
1000	0.000852323	-12558.6
300	0.000464159	-18363.9
400	0.000464159	-14641.5
500	0.000464159	-14724.7
600	0.000464159	-13699.4
700	0.000464159	-15075.3
800	0.000464159	-14691.7
900	0.000464159	-15574.4
1000	0.000464159	-15583.3
300	0.000220614	-15279.3
400	0.000220614	-14914.3
500	0.000220614	-16265.2
600	0.000220614	-15195.3
700	0.000220614	-16469.6
800	0.000220614	-14872.6
900	0.000220614	-13035.9
1000	0.000220614	-14270.3
300	8.45612e-05	-15927.3
400	8.45612e-05	-14759
500	8.45612e-05	-15974.5
600	8.45612e-05	-14807.8
700	8.45612e-05	-13981.7
800	8.45612e-05	-15823.1
900	8.45612e-05	-15862.7
1000	8.45612e-05	-17670.5
300	2.18877e-05	-16565.5
400	2.18877e-05	-15031.8
500	2.18877e-05	-15818.8
600	2.18877e-05	-16282
700	2.18877e-05	-15769.9
800	2.18877e-05	-14786.1
900	2.18877e-05	-15228.5
1000	2.18877e-05	-16342.9
300	2.17153e-06	-16252.2
400	2.17153e-06	-14470.2
500	2.17153e-06	-17010.3
600	2.17153e-06	-18120.3
700	2.17153e-06	-15446.2
800	2.17153e-06	-16059
900	2.17153e-06	-18629.9
1000	2.17153e-06	-19062.9
300	1.16658e-302	-16203.8
400	1.16658e-302	-15731.2
500	1.16658e-302	-16667.6
600	1.16658e-302	-15685.5
700	1.16658e-302	-15097.5
800	1.16658e-302	-14698.8
900	1.16658e-302	-15476.4
1000	1.16658e-302	-19720.8
