state	power	likelihood
300	1	-5143.99
400	1	-5143.76
500	1	-5144.91
600	1	-5143.16
700	1	-5142.34
800	1	-5156.44
900	1	-5150.34
1000	1	-5150.97
300	0.934875	-5152.17
400	0.934875	-5149.7
500	0.934875	-5150.3
600	0.934875	-5149.36
700	0.934875	-5143.43
800	0.934875	-5145.58
900	0.934875	-5145.06
1000	0.934875	-5142.87
300	0.872779	-5147.96
400	0.872779	-5155.54
500	0.872779	-5144.95
600	0.872779	-5158.32
700	0.872779	-5147.14
800	0.872779	-5140.97
900	0.872779	-5154.9
1000	0.872779	-5148.7
300	0.813628	-5154.52
400	0.813628	-5149.57
500	0.813628	-5143.37
600	0.813628	-5146.69
700	0.813628	-5148.28
800	0.813628	-5156.31
900	0.813628	-5153.28
1000	0.813628	-5150.07
300	0.757343	-5147.92
400	0.757343	-5156.11
500	0.757343	-5149.21
600	0.757343	-5150.43
700	0.757343	-5150.55
800	0.757343	-5154.68
900	0.757343	-5154.5
1000	0.757343	-5147.06
300	0.703842	-5166.91
400	0.703842	-5161.81
500	0.703842	-5154.18
600	0.703842	-5147.22
700	0.703842	-5160.22
800	0.703842	-5152.08
900	0.703842	-5156.52
1000	0.703842	-5155.78
300	0.653044	-5160.5
400	0.653044	-5149.88
500	0.653044	-5156.24
600	0.653044	-5155.18
700	0.653044	-5156.87
800	0.653044	-5157.7
900	0.653044	-5154.17
1000	0.653044	-5156.19
300	0.604869	-5158.34
400	0.604869	-5158.82
500	0.604869	-5158.56
600	0.604869	-5164.63
700	0.604869	-5167.37
800	0.604869	-5162.07
900	0.604869	-5149.2
1000	0.604869	-5161.12
300	0.559239	-5153.4
400	0.559239	-5161.71
500	0.559239	-5170.82
600	0.559239	-5158.65
700	0.559239	-5161.55
800	0.559239	-5155.15
900	0.559239	-5165.46
1000	0.559239	-5164.34
300	0.516075	-5173.41
400	0.516075	-5157.92
500	0.516075	-5186.34
600	0.516075	-5158.83
700	0.516075	-5147.67
800	0.516075	-5152.28
900	0.516075	-5159.35
1000	0.516075	-5158.85
300	0.475299	-5165.06
400	0.475299	-5191.62
500	0.475299	-5158.85
600	0.475299	-5168.56
700	0.475299	-5182.11
800	0.475299	-5169.71
900	0.475299	-5190.33
1000	0.475299	-5186.8
300	0.436833	-5165.86
400	0.436833	-5163.7
500	0.436833	-5185.15
600	0.436833	-5181.66
700	0.436833	-5189.88
800	0.436833	-5177.25
900	0.436833	-5207.56
1000	0.436833	-5183.09
300	0.400601	-5156.93
400	0.400601	-5172.09
500	0.400601	-5173.85
600	0.400601	-5174.84
700	0.400601	-5176.76
800	0.400601	-5165.41
900	0.400601	-5153.64
1000	0.400601	-5179.07
300	0.366527	-5180.96
400	0.366527	-5196.49
500	0.366527	-5201.5
600	0.366527	-5206.49
700	0.366527	-5189.96
800	0.366527	-5163.47
900	0.366527	-5171.26
1000	0.366527	-5179.85
300	0.334535	-5188.25
400	0.334535	-5197.25
500	0.334535	-5178.53
600	0.334535	-5193.86
700	0.334535	-5194.77
800	0.334535	-5188.9
900	0.334535	-5182.07
1000	0.334535	-5181.36
300	0.304551	-5196.44
400	0.304551	-5197.88
500	0.304551	-5202.32
600	0.304551	-5207.15
700	0.304551	-5217.92
800	0.304551	-5219
900	0.304551	-5186.84
1000	0.304551	-5193.71
300	0.276501	-5212.21
400	0.276501	-5211.46
500	0.276501	-5176.33
600	0.276501	-5212.29
700	0.276501	-5242.92
800	0.276501	-5202.1
900	0.276501	-5213.64
1000	0.276501	-5223.72
300	0.250311	-5205.99
400	0.250311	-5209.76
500	0.250311	-5218.5
600	0.250311	-5222.63
700	0.250311	-5207.4
800	0.250311	-5208.58
900	0.250311	-5182.2
1000	0.250311	-5253.62
300	0.225909	-5230.94
400	0.225909	-5188.46
500	0.225909	-5259.98
600	0.225909	-5213.46
700	0.225909	-5231.74
800	0.225909	-5215.77
900	0.225909	-5195.19
1000	0.225909	-5224.13
300	0.203223	-5251.63
400	0.203223	-5207.86
500	0.203223	-5244.03
600	0.203223	-5211.02
700	0.203223	-5207.73
800	0.203223	-5238.4
900	0.203223	-5247.93
1000	0.203223	-5225.32
300	0.182181	-5221.4
400	0.182181	-5293.3
500	0.182181	-5193.82
600	0.182181	-5232.97
700	0.182181	-5260.35
800	0.182181	-5291.96
900	0.182181	-5253.52
1000	0.182181	-5248.2
300	0.162715	-5232.54
400	0.162715	-5278.67
500	0.162715	-5288.97
600	0.162715	-5228.22
700	0.162715	-5264.97
800	0.162715	-5209.14
900	0.162715	-5297.74
1000	0.162715	-5257.46
300	0.144753	-5294.79
400	0.144753	-5257.22
500	0.144753	-5245.84
600	0.144753	-5320.72
700	0.144753	-5287.07
800	0.144753	-5297.15
900	0.144753	-5246.32
1000	0.144753	-5263.18
300	0.128227	-5423.12
400	0.128227	-5323.59
500	0.128227	-5322.89
600	0.128227	-5256.56
700	0.128227	-5328.42
800	0.128227	-5288.2
900	0.128227	-5336.87
1000	0.128227	-5375.12
300	0.113069	-5357.55
400	0.113069	-5329.84
500	0.113069	-5454.22
600	0.113069	-5381.73
700	0.113069	-5327.03
800	0.113069	-5256.87
900	0.113069	-5325.25
1000	0.113069	-5349.26
300	0.0992126	-5463.6
400	0.0992126	-5434.95
500	0.0992126	-5337.98
600	0.0992126	-5288.09
700	0.0992126	-5347.66
800	0.0992126	-5319.3
900	0.0992126	-5439.43
1000	0.0992126	-5371.11
300	0.0865906	-5397.54
400	0.0865906	-5448.18
500	0.0865906	-5521.54
600	0.0865906	-5420.81
700	0.0865906	-5266.07
800	0.0865906	-5452.69
900	0.0865906	-5419.34
1000	0.0865906	-5508.5
300	0.0751379	-5484.63
400	0.0751379	-5493.55
500	0.0751379	-5419.09
600	0.0751379	-5438.85
700	0.0751379	-5509.26
800	0.0751379	-5588.63
900	0.0751379	-5511.44
1000	0.0751379	-5455.98
300	0.0647902	-5518.81
400	0.0647902	-5500.43
500	0.0647902	-5420.14
600	0.0647902	-5561.42
700	0.0647902	-5588.15
800	0.0647902	-5460.04
900	0.0647902	-5594.65
1000	0.0647902	-5512.16
300	0.0554836	-5534.67
400	0.0554836	-5748.9
500	0.0554836	-5597.23
600	0.0554836	-5706.91
700	0.0554836	-5540.78
800	0.0554836	-5644.89
900	0.0554836	-5688.93
1000	0.0554836	-5596.33
300	0.0471556	-5642.75
400	0.0471556	-5653.01
500	0.0471556	-5619.47
600	0.0471556	-5656.62
700	0.0471556	-5811.6
800	0.0471556	-5629.2
900	0.0471556	-5654.65
1000	0.0471556	-5733.89
300	0.0397447	-5906.56
400	0.0397447	-5780.32
500	0.0397447	-5703.79
600	0.0397447	-5768.33
700	0.0397447	-5686.36
800	0.0397447	-5878.45
900	0.0397447	-6072.48
1000	0.0397447	-5714.23
300	0.0331901	-6067.72
400	0.0331901	-5931.57
500	0.0331901	-5742.59
600	0.0331901	-5790.46
700	0.0331901	-5802.71
800	0.0331901	-5775.99
900	0.0331901	-5949.79
1000	0.0331901	-5723.02
300	0.0274324	-5926.33
400	0.0274324	-6287.82
500	0.0274324	-5981.22
600	0.0274324	-5866.37
700	0.0274324	-5928.86
800	0.0274324	-5878.24
900	0.0274324	-5880.5
1000	0.0274324	-5653.02
300	0.022413	-6126.35
400	0.022413	-6047.62
500	0.022413	-6013.44
600	0.022413	-6099.57
700	0.022413	-6548.95
800	0.022413	-5945.03
900	0.022413	-5983.02
1000	0.022413	-6201.72
300	0.0180747	-6346.24
400	0.0180747	-6347.04
500	0.0180747	-6372.6
600	0.0180747	-6213.14
700	0.0180747	-6239.36
800	0.0180747	-6313.51
900	0.0180747	-6174.81
1000	0.0180747	-6321.36
300	0.0143613	-7052.27
400	0.0143613	-6357.3
500	0.0143613	-6500.6
600	0.0143613	-6159.48
700	0.0143613	-6248.56
800	0.0143613	-6768.16
900	0.0143613	-6501.09
1000	0.0143613	-6550.65
300	0.0112179	-6691.61
400	0.0112179	-7642.4
500	0.0112179	-6506.96
600	0.0112179	-6409.93
700	0.0112179	-6876.36
800	0.0112179	-7051.34
900	0.0112179	-6565.88
1000	0.0112179	-7067.59
300	0.00859087	-6452.14
400	0.00859087	-7550.41
500	0.00859087	-7365.81
600	0.00859087	-7347.59
700	0.00859087	-6823.07
800	0.00859087	-7455.32
900	0.00859087	-6728.16
1000	0.00859087	-6885.46
300	0.006428	-7135.92
400	0.006428	-7843.92
500	0.006428	-7911.25
600	0.006428	-7100.97
700	0.006428	-7869.61
800	0.006428	-7812.9
900	0.006428	-6915.2
1000	0.006428	-6681.99
300	0.00467843	-7306.13
400	0.00467843	-8502.4
500	0.00467843	-8228.88
600	0.00467843	-7129.24
700	0.00467843	-7501.41
800	0.00467843	-7397.13
900	0.00467843	-7372.89
1000	0.00467843	-7854.08
300	0.00329287	-8624.29
400	0.00329287	-8648.29
500	0.00329287	-7058.03
600	0.00329287	-8516.2
700	0.00329287	-8360.06
800	0.00329287	-8706.18
900	0.00329287	-8350.71
1000	0.00329287	-8489.12
300	0.00222365	-9172
400	0.00222365	-9519.37
500	0.00222365	-9105.34
600	0.00222365	-9882.33
700	0.00222365	-8240.03
800	0.00222365	-9146.38
900	0.00222365	-9647.23
1000	0.00222365	-9664.06
300	0.00142482	-9208.54
400	0.00142482	-10904.1
500	0.00142482	-9546.94
600	0.00142482	-11948.5
700	0.00142482	-10307.3
800	0.00142482	-9403.24
900	0.00142482	-8646.67
1000	0.00142482	-9694.37
300	0.000852323	-11628
400	0.000852323	-9774.15
500	0.000852323	-10447.6
600	0.000852323	-10656.1
700	0.000852323	-11098.2
800	0.000852323	-10053.8
900	0.000852323	-9607.25
1000	0.000852323	-10027.6
300	0.000464159	-9382.8
400	0.000464159	-11260.9
500	0.000464159	-10794.1
600	0.000464159	-11232.8
700	0.000464159	-13985.9
800	0.000464159	-11485.3
900	0.000464159	-9766.7
1000	0.000464159	-12404.5
300	0.000220614	-9338.65
400	0.000220614	-11627.5
500	0.000220614	-9909.13
600	0.000220614	-13571.1
700	0.000220614	-11455
800	0.000220614	-8890.59
900	0.000220614	-11515.2
1000	0.000220614	-13189.2
300	8.45612e-05	-12866.1
400	8.45612e-05	-12286.9
500	8.45612e-05	-11010.8
600	8.45612e-05	-9437.49
700	8.45612e-05	-10049.6
800	8.45612e-05	-13521.5
900	8.45612e-05	-12084.1
1000	8.45612e-05	-11845.7
300	2.18877e-05	-11262.5
400	2.18877e-05	-10106.2
500	2.18877e-05	-12455.6
600	2.18877e-05	-13123.6
700	2.18877e-05	-12402.6
800	2.18877e-05	-12178.6
900	2.18877e-05	-15119.2
1000	2.18877e-05	-11354.9
300	2.17153e-06	-14392
400	2.17153e-06	-10079.1
500	2.17153e-06	-11670.4
600	2.17153e-06	-12720
700	2.17153e-06	-12589.3
800	2.17153e-06	-10144.9
900	2.17153e-06	-10809.9
1000	2.17153e-06	-11881.4
300	1.16658e-302	-13350.1
400	1.16658e-302	-17116.9
500	1.16658e-302	-17057.9
600	1.16658e-302	-11686.2
700	1.16658e-302	-11081.2
800	1.16658e-302	-11072.4
900	1.16658e-302	-9061.01
1000	1.16658e-302	-12554.4
