state	power	likelihood
300	1	-5119.49
400	1	-5114.82
500	1	-5122.5
600	1	-5118.81
700	1	-5124.38
800	1	-5127.44
900	1	-5116.63
1000	1	-5120.93
300	0.934875	-5121.6
400	0.934875	-5120.91
500	0.934875	-5129.21
600	0.934875	-5118.89
700	0.934875	-5126.88
800	0.934875	-5120.6
900	0.934875	-5125.7
1000	0.934875	-5124.6
300	0.872779	-5125.71
400	0.872779	-5129.52
500	0.872779	-5123.62
600	0.872779	-5123.47
700	0.872779	-5132.01
800	0.872779	-5125.67
900	0.872779	-5120.14
1000	0.872779	-5120.41
300	0.813628	-5122.87
400	0.813628	-5121.25
500	0.813628	-5123.41
600	0.813628	-5120.44
700	0.813628	-5119.7
800	0.813628	-5126.83
900	0.813628	-5127.34
1000	0.813628	-5121.06
300	0.757343	-5128.75
400	0.757343	-5130.84
500	0.757343	-5129.56
600	0.757343	-5128.23
700	0.757343	-5117.56
800	0.757343	-5123.18
900	0.757343	-5126.37
1000	0.757343	-5127.14
300	0.703842	-5126.75
400	0.703842	-5129.91
500	0.703842	-5127.64
600	0.703842	-5126.55
700	0.703842	-5134.07
800	0.703842	-5121.99
900	0.703842	-5120.28
1000	0.703842	-5121.38
300	0.653044	-5126.13
400	0.653044	-5122.52
500	0.653044	-5130.25
600	0.653044	-5144.21
700	0.653044	-5130.26
800	0.653044	-5123.75
900	0.653044	-5127.52
1000	0.653044	-5124.86
300	0.604869	-5126.57
400	0.604869	-5143.62
500	0.604869	-5131.74
600	0.604869	-5140.7
700	0.604869	-5138.85
800	0.604869	-5133.18
900	0.604869	-5151.08
1000	0.604869	-5128.14
300	0.559239	-5142
400	0.559239	-5119.89
500	0.559239	-5122.02
600	0.559239	-5129.68
700	0.559239	-5142.94
800	0.559239	-5127.92
900	0.559239	-5143.52
1000	0.559239	-5127.37
300	0.516075	-5141.12
400	0.516075	-5142.98
500	0.516075	-5136.6
600	0.516075	-5143.05
700	0.516075	-5145.13
800	0.516075	-5143.76
900	0.516075	-5163.73
1000	0.516075	-5144.92
300	0.475299	-5141.82
400	0.475299	-5138.05
500	0.475299	-5128.59
600	0.475299	-5138.87
700	0.475299	-5148.12
800	0.475299	-5129.42
900	0.475299	-5145.1
1000	0.475299	-5133.38
300	0.436833	-5166.63
400	0.436833	-5162.11
500	0.436833	-5140.78
600	0.436833	-5158.36
700	0.436833	-5146.03
800	0.436833	-5130.51
900	0.436833	-5140.78
1000	0.436833	-5138.61
300	0.400601	-5157.56
400	0.400601	-5151.1
500	0.400601	-5143.64
600	0.400601	-5141.94
700	0.400601	-5166.95
800	0.400601	-5155.76
900	0.400601	-5159.6
1000	0.400601	-5134.61
300	0.366527	-5161.66
400	0.366527	-5164.89
500	0.366527	-5179.34
600	0.366527	-5160.14
700	0.366527	-5141.62
800	0.366527	-5141.97
900	0.366527	-5167.83
1000	0.366527	-5227.58
300	0.334535	-5154.68
400	0.334535	-5175.31
500	0.334535	-5169.19
600	0.334535	-5163.89
700	0.334535	-5167.12
800	0.334535	-5178.12
900	0.334535	-5181.99
1000	0.334535	-5140.04
300	0.304551	-5167.95
400	0.304551	-5167.07
500	0.304551	-5155.13
600	0.304551	-5141.08
700	0.304551	-5169.98
800	0.304551	-5154.47
900	0.304551	-5166.59
1000	0.304551	-5172.3
300	0.276501	-5228.97
400	0.276501	-5215.27
500	0.276501	-5182.01
600	0.276501	-5189.85
700	0.276501	-5165.96
800	0.276501	-5188.21
900	0.276501	-5179.62
1000	0.276501	-5182.08
300	0.250311	-5180.22
400	0.250311	-5161.95
500	0.250311	-5208.64
600	0.250311	-5200.62
700	0.250311	-5171.93
800	0.250311	-5215.92
900	0.250311	-5172.8
1000	0.250311	-5185.94
300	0.225909	-5213.89
400	0.225909	-5230.33
500	0.225909	-5202.83
600	0.225909	-5229.37
700	0.225909	-5192.48
800	0.225909	-5157.31
900	0.225909	-5238.38
1000	0.225909	-5234.3
300	0.203223	-5227.45
400	0.203223	-5256.4
500	0.203223	-5196.42
600	0.203223	-5212.75
700	0.203223	-5214.67
800	0.203223	-5164.12
900	0.203223	-5191.16
1000	0.203223	-5230.85
300	0.182181	-5252.33
400	0.182181	-5224.96
500	0.182181	-5226.3
600	0.182181	-5213.66
700	0.182181	-5182.5
800	0.182181	-5204.67
900	0.182181	-5228.23
1000	0.182181	-5244.43
300	0.162715	-5264.88
400	0.162715	-5285.91
500	0.162715	-5304.02
600	0.162715	-5271.66
700	0.162715	-5160.52
800	0.162715	-5221.75
900	0.162715	-5202.03
1000	0.162715	-5251.14
300	0.144753	-5230.12
400	0.144753	-5318.81
500	0.144753	-5291.59
600	0.144753	-5226.48
700	0.144753	-5349.56
800	0.144753	-5250.56
900	0.144753	-5264.04
1000	0.144753	-5293.21
300	0.128227	-5255.17
400	0.128227	-5333.62
500	0.128227	-5311.15
600	0.128227	-5332.84
700	0.128227	-5357.87
800	0.128227	-5265.99
900	0.128227	-5337.23
1000	0.128227	-5314.17
300	0.113069	-5326.52
400	0.113069	-5306.44
500	0.113069	-5388.79
600	0.113069	-5362.97
700	0.113069	-5363.84
800	0.113069	-5322.04
900	0.113069	-5371.94
1000	0.113069	-5338.41
300	0.0992126	-5425.14
400	0.0992126	-5447.82
500	0.0992126	-5302.89
600	0.0992126	-5448.63
700	0.0992126	-5318.17
800	0.0992126	-5432.65
900	0.0992126	-5476.18
1000	0.0992126	-5435.2
300	0.0865906	-5338.38
400	0.0865906	-5520.23
500	0.0865906	-5347.94
600	0.0865906	-5439.78
700	0.0865906	-5432.8
800	0.0865906	-5327.73
900	0.0865906	-5475.01
1000	0.0865906	-5419.44
300	0.0751379	-5397.77
400	0.0751379	-5526.69
500	0.0751379	-5502.48
600	0.0751379	-5437.7
700	0.0751379	-5311.61
800	0.0751379	-5448.84
900	0.0751379	-5614.6
1000	0.0751379	-5567.06
300	0.0647902	-5538.79
400	0.0647902	-5474.54
500	0.0647902	-5437.75
600	0.0647902	-5688.66
700	0.0647902	-5482.2
800	0.0647902	-5558.62
900	0.0647902	-5476.36
1000	0.0647902	-5521.13
300	0.0554836	-5757.02
400	0.0554836	-5759.44
500	0.0554836	-5792.18
600	0.0554836	-5672.78
700	0.0554836	-5558.43
800	0.0554836	-5686.98
900	0.0554836	-5859.48
1000	0.0554836	-5567.95
300	0.0471556	-5696.75
400	0.0471556	-5566.54
500	0.0471556	-5807.29
600	0.0471556	-5616.33
700	0.0471556	-5724.58
800	0.0471556	-5668.68
900	0.0471556	-5707.9
1000	0.0471556	-5704.99
300	0.0397447	-5702.54
400	0.0397447	-5933.41
500	0.0397447	-5857.89
600	0.0397447	-5957.56
700	0.0397447	-5687.47
800	0.0397447	-5732.92
900	0.0397447	-5785.12
1000	0.0397447	-5744.14
300	0.0331901	-5798.17
400	0.0331901	-5737.08
500	0.0331901	-6132.72
600	0.0331901	-6128.34
700	0.0331901	-5934.09
800	0.0331901	-5908.97
900	0.0331901	-5813.19
1000	0.0331901	-6043.36
300	0.0274324	-6361.13
400	0.0274324	-5967.54
500	0.0274324	-6190.34
600	0.0274324	-6014.31
700	0.0274324	-6035.83
800	0.0274324	-5988.63
900	0.0274324	-5992.35
1000	0.0274324	-6153.68
300	0.022413	-6148.39
400	0.022413	-6355.61
500	0.022413	-6204.08
600	0.022413	-6186.03
700	0.022413	-6159.75
800	0.022413	-6593.65
900	0.022413	-6229.88
1000	0.022413	-6007.68
300	0.0180747	-6208.64
400	0.0180747	-6266.64
500	0.0180747	-6444.3
600	0.0180747	-6653.43
700	0.0180747	-6221.77
800	0.0180747	-6065.99
900	0.0180747	-6124.97
1000	0.0180747	-6246.82
300	0.0143613	-6354.77
400	0.0143613	-6706.27
500	0.0143613	-6268.74
600	0.0143613	-6756.23
700	0.0143613	-7087.23
800	0.0143613	-6541.07
900	0.0143613	-6481.38
1000	0.0143613	-7270.29
300	0.0112179	-7175.88
400	0.0112179	-6943.32
500	0.0112179	-6862.45
600	0.0112179	-6583.58
700	0.0112179	-7139.88
800	0.0112179	-6713.48
900	0.0112179	-6457.15
1000	0.0112179	-7135.72
300	0.00859087	-7420.04
400	0.00859087	-7380.48
500	0.00859087	-7424.85
600	0.00859087	-7413.94
700	0.00859087	-6707.39
800	0.00859087	-7497.86
900	0.00859087	-6891.58
1000	0.00859087	-8101.58
300	0.006428	-7012.99
400	0.006428	-7309.43
500	0.006428	-7880.83
600	0.006428	-7212.03
700	0.006428	-8073.21
800	0.006428	-7665.25
900	0.006428	-8509.91
1000	0.006428	-7329.51
300	0.00467843	-8660.55
400	0.00467843	-9637.05
500	0.00467843	-9583.55
600	0.00467843	-7880.6
700	0.00467843	-7497.89
800	0.00467843	-8692.32
900	0.00467843	-7412.11
1000	0.00467843	-8229.92
300	0.00329287	-8751.08
400	0.00329287	-9023.27
500	0.00329287	-9522.86
600	0.00329287	-7220.13
700	0.00329287	-8407.89
800	0.00329287	-8784.62
900	0.00329287	-8253.96
1000	0.00329287	-8872.47
300	0.00222365	-9063.64
400	0.00222365	-9197.7
500	0.00222365	-8721.36
600	0.00222365	-9925.32
700	0.00222365	-8172.4
800	0.00222365	-9636.19
900	0.00222365	-8609.85
1000	0.00222365	-12247.8
300	0.00142482	-13072.3
400	0.00142482	-10655.1
500	0.00142482	-9426.3
600	0.00142482	-9585.24
700	0.00142482	-8474.29
800	0.00142482	-8020.91
900	0.00142482	-9308.17
1000	0.00142482	-9746.51
300	0.000852323	-10009.6
400	0.000852323	-9279.06
500	0.000852323	-9085.77
600	0.000852323	-9151.66
700	0.000852323	-8756.11
800	0.000852323	-9373.07
900	0.000852323	-10273.7
1000	0.000852323	-9718.31
300	0.000464159	-14492.2
400	0.000464159	-10435.2
500	0.000464159	-10884.1
600	0.000464159	-9484.04
700	0.000464159	-11033.3
800	0.000464159	-10756.5
900	0.000464159	-9994.51
1000	0.000464159	-9478.7
300	0.000220614	-10501.5
400	0.000220614	-14101.3
500	0.000220614	-12055.7
600	0.000220614	-13320.1
700	0.000220614	-8933.35
800	0.000220614	-9273.33
900	0.000220614	-10954.6
1000	0.000220614	-10773.2
300	8.45612e-05	-11509
400	8.45612e-05	-11194.1
500	8.45612e-05	-11398.7
600	8.45612e-05	-15332.1
700	8.45612e-05	-10417.3
800	8.45612e-05	-11335.5
900	8.45612e-05	-11543.9
1000	8.45612e-05	-12083.8
300	2.18877e-05	-11762.2
400	2.18877e-05	-12009.7
500	2.18877e-05	-10534
600	2.18877e-05	-13937.2
700	2.18877e-05	-12993.5
800	2.18877e-05	-11777.4
900	2.18877e-05	-12441.3
1000	2.18877e-05	-10425.7
300	2.17153e-06	-14066.9
400	2.17153e-06	-11251.3
500	2.17153e-06	-13927.7
600	2.17153e-06	-10350.4
700	2.17153e-06	-11423.9
800	2.17153e-06	-9299.76
900	2.17153e-06	-11480.3
1000	2.17153e-06	-12489
300	1.16658e-302	-11924.2
400	1.16658e-302	-10871.5
500	1.16658e-302	-12909
600	1.16658e-302	-10628.6
700	1.16658e-302	-10127.1
800	1.16658e-302	-10848
900	1.16658e-302	-10219.8
1000	1.16658e-302	-10182.3
